2025-10-13 14:38:02 - stable_pair_processor - INFO - [_load_pairing_config:165] - Loaded config - QR mappings: 23 (starts: 11, starts_2: 1, ends: 11)
2025-10-13 14:38:02 - stable_pair_processor - INFO - [_load_pairing_config:166] - Loaded config - Pairs: 2, Dual pairs: 1
2025-10-13 14:38:02 - stable_pair_processor - INFO - [_load_pairing_config:170] - Dual pair: 10001777 -> 10002417 + 12 -> 444
2025-10-13 14:38:04 - stable_pair_processor - INFO - [run:505] - StablePairProcessor started. Watching cameras: ['cam-1', 'cam-2', 'cam-3', 'cam-4', 'cam-5', 'cam-6']
2025-10-13 14:38:47 - stable_pair_processor - INFO - [run:562] - Stopping StablePairProcessor...
2025-10-13 14:40:08 - stable_pair_processor - INFO - [_load_pairing_config:165] - Loaded config - QR mappings: 23 (starts: 11, starts_2: 1, ends: 11)
2025-10-13 14:40:08 - stable_pair_processor - INFO - [_load_pairing_config:166] - Loaded config - Pairs: 2, Dual pairs: 1
2025-10-13 14:40:08 - stable_pair_processor - INFO - [_load_pairing_config:170] - Dual pair: 10001777 -> 10002417 + 12 -> 444
2025-10-13 14:40:09 - stable_pair_processor - INFO - [run:505] - StablePairProcessor started. Watching cameras: ['cam-1', 'cam-2', 'cam-3', 'cam-4', 'cam-5', 'cam-6']
2025-10-13 14:40:33 - stable_pair_processor - INFO - [run:562] - Stopping StablePairProcessor...
2025-10-13 14:41:00 - stable_pair_processor - INFO - [_load_pairing_config:165] - Loaded config - QR mappings: 23 (starts: 11, starts_2: 1, ends: 11)
2025-10-13 14:41:00 - stable_pair_processor - INFO - [_load_pairing_config:166] - Loaded config - Pairs: 2, Dual pairs: 1
2025-10-13 14:41:00 - stable_pair_processor - INFO - [_load_pairing_config:170] - Dual pair: 10001777 -> 10002417 + 12 -> 444
2025-10-13 14:41:02 - stable_pair_processor - INFO - [run:505] - StablePairProcessor started. Watching cameras: ['cam-1', 'cam-2', 'cam-3', 'cam-4', 'cam-5', 'cam-6']
2025-10-13 14:48:15 - stable_pair_processor - INFO - [_monitor_dual_end_states:369] - [DUAL_MONITOR] End slot cam-1:1 (dual 10001777-> 10002417): empty -> shelf
2025-10-13 14:52:36 - stable_pair_processor - INFO - [_monitor_dual_end_states:369] - [DUAL_MONITOR] End slot cam-1:1 (dual 10001777-> 10002417): empty -> shelf
2025-10-13 14:54:18 - stable_pair_processor - INFO - [run:562] - Stopping StablePairProcessor...
2025-10-13 14:56:09 - stable_pair_processor - INFO - [_load_pairing_config:165] - Loaded config - QR mappings: 23 (starts: 11, starts_2: 1, ends: 11)
2025-10-13 14:56:09 - stable_pair_processor - INFO - [_load_pairing_config:166] - Loaded config - Pairs: 2, Dual pairs: 1
2025-10-13 14:56:09 - stable_pair_processor - INFO - [_load_pairing_config:170] - Dual pair: 10001777 -> 10002417 + 12 -> 444
2025-10-13 14:56:09 - stable_pair_processor - INFO - [run:549] - Started dual unblock trigger subscription thread
2025-10-13 14:56:11 - stable_pair_processor - INFO - [run:560] - StablePairProcessor started. Watching cameras: ['cam-1', 'cam-2', 'cam-3', 'cam-4', 'cam-5', 'cam-6']
2025-10-13 15:08:56 - stable_pair_processor - INFO - [run:617] - Stopping StablePairProcessor...
