2025-11-24 10:47:18,210 - camera_ai_app - INFO - Starting CameraAI Backend...
2025-11-24 10:47:18,210 - camera_ai_app - INFO - Connecting to MongoDB: mongodb+srv://CamAI_DB:Xinhzai1102%40%40@cluster0.1xazymq.mongodb.net/?retryWrites=true&w=majority&appName=Cluster0
2025-11-24 10:47:19,071 - camera_ai_app - INFO - Connected to MongoDB: CamAI_Honda
2025-11-24 10:47:19,072 - camera_ai_app - INFO - Initializing default permissions...
2025-11-24 10:47:19,551 - camera_ai_app - INFO - Default permissions initialized
2025-11-24 10:47:19,552 - camera_ai_app - INFO - Initializing default roles...
2025-11-24 10:47:19,647 - camera_ai_app - INFO - Default roles initialized
2025-11-24 10:47:19,650 - camera_ai_app - INFO - AGV Scheduler started successfully. Job scheduled at 23:00 daily.
2025-11-24 10:47:19,650 - camera_ai_app - INFO - Scheduled job: Reverse Dashboard Data Daily at 11 PM - Next run: 2025-11-24 23:00:00+07:00
2025-11-24 10:47:19,650 - camera_ai_app - INFO - AGV Scheduler started
2025-11-24 14:19:20,441 - camera_ai_app - INFO - Shutting down CameraAI Backend...
2025-11-24 14:19:20,441 - camera_ai_app - INFO - AGV Scheduler shut down successfully.
2025-11-24 14:19:20,442 - camera_ai_app - INFO - AGV Scheduler stopped
2025-11-24 14:19:20,475 - camera_ai_app - INFO - Disconnected from MongoDB
2025-11-24 15:22:33,363 - camera_ai_app - INFO - Starting CameraAI Backend...
2025-11-24 15:22:33,363 - camera_ai_app - INFO - Connecting to MongoDB: mongodb+srv://CamAI_DB:Xinhzai1102%40%40@cluster0.1xazymq.mongodb.net/?retryWrites=true&w=majority&appName=Cluster0
2025-11-24 15:22:33,983 - camera_ai_app - INFO - Connected to MongoDB: CamAI_Honda
2025-11-24 15:22:33,984 - camera_ai_app - INFO - Initializing default permissions...
2025-11-24 15:22:34,864 - camera_ai_app - INFO - Default permissions initialized
2025-11-24 15:22:34,864 - camera_ai_app - INFO - Initializing default roles...
2025-11-24 15:22:35,039 - camera_ai_app - INFO - Default roles initialized
2025-11-24 15:22:35,040 - camera_ai_app - INFO - Initializing default permissions...
2025-11-24 15:22:35,920 - camera_ai_app - INFO - Default permissions initialized
2025-11-24 15:22:35,920 - camera_ai_app - INFO - Initializing default roles...
2025-11-24 15:22:36,096 - camera_ai_app - INFO - Default roles initialized
2025-11-24 15:22:36,097 - camera_ai_app - INFO - AGV Scheduler started successfully. Job scheduled at 23:00 daily.
2025-11-24 15:22:36,098 - camera_ai_app - INFO - Scheduled job: Reverse Dashboard Data Daily at 11 PM - Next run: 2025-11-24 23:00:00+07:00
2025-11-24 15:22:36,098 - camera_ai_app - INFO - AGV Scheduler started
2025-11-24 15:22:36,098 - camera_ai_app - INFO - Notification service started
2025-11-24 15:23:01,718 - camera_ai_app - WARNING - Login failed: invalid password or username
2025-11-24 15:23:01,719 - camera_ai_app - ERROR - Login attempt with invalid username='admin'
2025-11-24 15:23:25,828 - camera_ai_app - WARNING - Login failed: invalid password or username
2025-11-24 15:23:25,828 - camera_ai_app - ERROR - Login attempt with invalid username='admin'
2025-11-24 15:23:34,257 - camera_ai_app - WARNING - Login failed: invalid password or username
2025-11-24 15:23:34,257 - camera_ai_app - ERROR - Login attempt with invalid username='KD_user'
2025-11-24 15:24:25,065 - camera_ai_app - WARNING - Login failed: invalid password or username
2025-11-24 15:24:25,066 - camera_ai_app - ERROR - Login attempt with invalid username='admin'
2025-11-24 15:24:42,513 - camera_ai_app - WARNING - Login failed: invalid password or username
2025-11-24 15:24:42,513 - camera_ai_app - ERROR - Login attempt with invalid username='admin'
2025-11-24 15:25:04,411 - camera_ai_app - INFO - Login success for username='hau_admin'
2025-11-24 15:25:28,562 - camera_ai_app - INFO - Login success for username='khang_admin'
2025-11-24 15:25:28,724 - camera_ai_app - INFO - User '68f214016f9a2421e62e37ad' has wildcard permission (*) - granting ALL permissions
2025-11-24 15:27:21,856 - camera_ai_app - INFO - User '68f214016f9a2421e62e37ad' has wildcard permission (*) - granting ALL permissions
2025-11-24 15:27:22,247 - camera_ai_app - INFO - User '68f214016f9a2421e62e37ad' has wildcard permission (*) - granting ALL permissions
2025-11-24 15:32:35,432 - camera_ai_app - INFO - User '68f214016f9a2421e62e37ad' has wildcard permission (*) - granting ALL permissions
2025-11-24 15:32:35,830 - camera_ai_app - INFO - User 'khang_admin' granted admin access via 'admin' role
2025-11-24 15:32:35,845 - camera_ai_app - INFO - User '68f214016f9a2421e62e37ad' has wildcard permission (*) - granting ALL permissions
2025-11-24 15:32:36,002 - camera_ai_app - INFO - User 'khang_admin' granted admin access via 'admin' role
2025-11-24 15:54:29,720 - camera_ai_app - INFO - User '68f214016f9a2421e62e37ad' has wildcard permission (*) - granting ALL permissions
2025-11-24 16:24:05,736 - camera_ai_app - INFO - User '68f214016f9a2421e62e37ad' has wildcard permission (*) - granting ALL permissions
2025-11-24 16:53:06,729 - camera_ai_app - INFO - User '68f214016f9a2421e62e37ad' has wildcard permission (*) - granting ALL permissions
2025-11-24 17:22:06,819 - camera_ai_app - INFO - User '68f214016f9a2421e62e37ad' has wildcard permission (*) - granting ALL permissions
2025-11-24 17:52:05,802 - camera_ai_app - INFO - User '68f214016f9a2421e62e37ad' has wildcard permission (*) - granting ALL permissions
