2025-11-17 14:40:25,628 - camera_ai_app - INFO - Starting CameraAI Backend...
2025-11-17 14:40:25,628 - camera_ai_app - INFO - Connecting to MongoDB: mongodb+srv://CamAI_DB:Xinhzai1102%40%40@cluster0.1xazymq.mongodb.net/?retryWrites=true&w=majority&appName=Cluster0
2025-11-17 14:40:31,095 - camera_ai_app - INFO - Connected to MongoDB: CamAI_Honda
2025-11-17 14:40:31,096 - camera_ai_app - INFO - Initializing default permissions...
2025-11-17 14:40:31,656 - camera_ai_app - INFO - Default permissions initialized
2025-11-17 14:40:31,656 - camera_ai_app - INFO - Initializing default roles...
2025-11-17 14:40:31,768 - camera_ai_app - INFO - Default roles initialized
2025-11-17 14:40:31,772 - camera_ai_app - INFO - AGV Scheduler started successfully. Job scheduled at 23:00 daily.
2025-11-17 14:40:31,772 - camera_ai_app - INFO - Scheduled job: Reverse Dashboard Data Daily at 11 PM - Next run: 2025-11-17 23:00:00+07:00
2025-11-17 14:40:31,773 - camera_ai_app - INFO - AGV Scheduler started
2025-11-17 14:40:48,136 - camera_ai_app - INFO - Login success for username='khang_admin'
2025-11-17 14:40:48,265 - camera_ai_app - INFO - User '68f214016f9a2421e62e37ad' has wildcard permission (*) - granting ALL permissions
2025-11-17 14:43:45,169 - camera_ai_app - INFO - Login success for username='hau_admin'
2025-11-17 15:16:48,367 - camera_ai_app - INFO - Starting CameraAI Backend...
2025-11-17 15:16:48,368 - camera_ai_app - INFO - Connecting to MongoDB: mongodb+srv://CamAI_DB:Xinhzai1102%40%40@cluster0.1xazymq.mongodb.net/?retryWrites=true&w=majority&appName=Cluster0
2025-11-17 15:16:53,820 - camera_ai_app - INFO - Connected to MongoDB: CamAI_Honda
2025-11-17 15:16:53,820 - camera_ai_app - INFO - Initializing default permissions...
2025-11-17 15:16:54,428 - camera_ai_app - INFO - Default permissions initialized
2025-11-17 15:16:54,429 - camera_ai_app - INFO - Initializing default roles...
2025-11-17 15:16:54,572 - camera_ai_app - INFO - Default roles initialized
2025-11-17 15:16:54,600 - camera_ai_app - INFO - AGV Scheduler started successfully. Job scheduled at 23:00 daily.
2025-11-17 15:16:54,601 - camera_ai_app - INFO - Scheduled job: Reverse Dashboard Data Daily at 11 PM - Next run: 2025-11-17 23:00:00+07:00
2025-11-17 15:16:54,601 - camera_ai_app - INFO - AGV Scheduler started
2025-11-17 15:17:21,059 - camera_ai_app - INFO - Login success for username='hau_admin'
2025-11-17 15:37:59,071 - camera_ai_app - INFO - Shutting down CameraAI Backend...
2025-11-17 15:37:59,072 - camera_ai_app - INFO - AGV Scheduler shut down successfully.
2025-11-17 15:37:59,072 - camera_ai_app - INFO - AGV Scheduler stopped
2025-11-17 15:37:59,097 - camera_ai_app - INFO - Disconnected from MongoDB
2025-11-17 15:38:03,880 - camera_ai_app - INFO - Starting CameraAI Backend...
2025-11-17 15:38:03,881 - camera_ai_app - INFO - Connecting to MongoDB: mongodb+srv://CamAI_DB:Xinhzai1102%40%40@cluster0.1xazymq.mongodb.net/?retryWrites=true&w=majority&appName=Cluster0
2025-11-17 15:38:09,223 - camera_ai_app - INFO - Connected to MongoDB: CamAI_Honda
2025-11-17 15:38:09,223 - camera_ai_app - INFO - Initializing default permissions...
2025-11-17 15:38:09,778 - camera_ai_app - INFO - Default permissions initialized
2025-11-17 15:38:09,778 - camera_ai_app - INFO - Initializing default roles...
2025-11-17 15:38:09,875 - camera_ai_app - INFO - Default roles initialized
2025-11-17 15:38:09,879 - camera_ai_app - INFO - AGV Scheduler started successfully. Job scheduled at 23:00 daily.
2025-11-17 15:38:09,879 - camera_ai_app - INFO - Scheduled job: Reverse Dashboard Data Daily at 11 PM - Next run: 2025-11-17 23:00:00+07:00
2025-11-17 15:38:09,880 - camera_ai_app - INFO - AGV Scheduler started
2025-11-17 15:38:13,096 - camera_ai_app - INFO - Starting CameraAI Backend...
2025-11-17 15:38:13,097 - camera_ai_app - INFO - Connecting to MongoDB: mongodb+srv://CamAI_DB:Xinhzai1102%40%40@cluster0.1xazymq.mongodb.net/?retryWrites=true&w=majority&appName=Cluster0
2025-11-17 15:38:18,397 - camera_ai_app - INFO - Connected to MongoDB: CamAI_Honda
2025-11-17 15:38:18,398 - camera_ai_app - INFO - Initializing default permissions...
2025-11-17 15:38:18,878 - camera_ai_app - INFO - Default permissions initialized
2025-11-17 15:38:18,879 - camera_ai_app - INFO - Initializing default roles...
2025-11-17 15:38:18,978 - camera_ai_app - INFO - Default roles initialized
2025-11-17 15:38:18,982 - camera_ai_app - INFO - AGV Scheduler started successfully. Job scheduled at 23:00 daily.
2025-11-17 15:38:18,983 - camera_ai_app - INFO - Scheduled job: Reverse Dashboard Data Daily at 11 PM - Next run: 2025-11-17 23:00:00+07:00
2025-11-17 15:38:18,983 - camera_ai_app - INFO - AGV Scheduler started
2025-11-17 15:38:22,338 - camera_ai_app - INFO - Starting CameraAI Backend...
2025-11-17 15:38:22,339 - camera_ai_app - INFO - Connecting to MongoDB: mongodb+srv://CamAI_DB:Xinhzai1102%40%40@cluster0.1xazymq.mongodb.net/?retryWrites=true&w=majority&appName=Cluster0
2025-11-17 15:38:27,606 - camera_ai_app - INFO - Connected to MongoDB: CamAI_Honda
2025-11-17 15:38:27,606 - camera_ai_app - INFO - Initializing default permissions...
2025-11-17 15:38:28,135 - camera_ai_app - INFO - Default permissions initialized
2025-11-17 15:38:28,135 - camera_ai_app - INFO - Initializing default roles...
2025-11-17 15:38:28,243 - camera_ai_app - INFO - Default roles initialized
2025-11-17 15:38:28,247 - camera_ai_app - INFO - AGV Scheduler started successfully. Job scheduled at 23:00 daily.
2025-11-17 15:38:28,248 - camera_ai_app - INFO - Scheduled job: Reverse Dashboard Data Daily at 11 PM - Next run: 2025-11-17 23:00:00+07:00
2025-11-17 15:38:28,248 - camera_ai_app - INFO - AGV Scheduler started
2025-11-17 15:38:31,487 - camera_ai_app - INFO - Starting CameraAI Backend...
2025-11-17 15:38:31,488 - camera_ai_app - INFO - Connecting to MongoDB: mongodb+srv://CamAI_DB:Xinhzai1102%40%40@cluster0.1xazymq.mongodb.net/?retryWrites=true&w=majority&appName=Cluster0
2025-11-17 15:38:36,629 - camera_ai_app - INFO - Connected to MongoDB: CamAI_Honda
2025-11-17 15:38:36,629 - camera_ai_app - INFO - Initializing default permissions...
2025-11-17 15:38:37,350 - camera_ai_app - INFO - Default permissions initialized
2025-11-17 15:38:37,351 - camera_ai_app - INFO - Initializing default roles...
2025-11-17 15:38:37,450 - camera_ai_app - INFO - Default roles initialized
2025-11-17 15:38:37,454 - camera_ai_app - INFO - AGV Scheduler started successfully. Job scheduled at 23:00 daily.
2025-11-17 15:38:37,455 - camera_ai_app - INFO - Scheduled job: Reverse Dashboard Data Daily at 11 PM - Next run: 2025-11-17 23:00:00+07:00
2025-11-17 15:38:37,456 - camera_ai_app - INFO - AGV Scheduler started
2025-11-17 15:38:44,755 - camera_ai_app - INFO - Shutting down CameraAI Backend...
2025-11-17 15:38:44,755 - camera_ai_app - INFO - AGV Scheduler shut down successfully.
2025-11-17 15:38:44,756 - camera_ai_app - INFO - AGV Scheduler stopped
2025-11-17 15:38:44,783 - camera_ai_app - INFO - Disconnected from MongoDB
2025-11-17 15:38:48,052 - camera_ai_app - INFO - Starting CameraAI Backend...
2025-11-17 15:38:48,053 - camera_ai_app - INFO - Connecting to MongoDB: mongodb+srv://CamAI_DB:Xinhzai1102%40%40@cluster0.1xazymq.mongodb.net/?retryWrites=true&w=majority&appName=Cluster0
2025-11-17 15:38:53,197 - camera_ai_app - INFO - Connected to MongoDB: CamAI_Honda
2025-11-17 15:38:53,197 - camera_ai_app - INFO - Initializing default permissions...
2025-11-17 15:38:53,778 - camera_ai_app - INFO - Default permissions initialized
2025-11-17 15:38:53,778 - camera_ai_app - INFO - Initializing default roles...
2025-11-17 15:38:53,894 - camera_ai_app - INFO - Default roles initialized
2025-11-17 15:38:53,898 - camera_ai_app - INFO - AGV Scheduler started successfully. Job scheduled at 23:00 daily.
2025-11-17 15:38:53,898 - camera_ai_app - INFO - Scheduled job: Reverse Dashboard Data Daily at 11 PM - Next run: 2025-11-17 23:00:00+07:00
2025-11-17 15:38:53,898 - camera_ai_app - INFO - AGV Scheduler started
2025-11-17 15:40:17,483 - camera_ai_app - INFO - End slot 111 marked as empty by user API
2025-11-17 15:50:41,838 - camera_ai_app - INFO - Shutting down CameraAI Backend...
2025-11-17 15:50:41,838 - camera_ai_app - INFO - AGV Scheduler shut down successfully.
2025-11-17 15:50:41,839 - camera_ai_app - INFO - AGV Scheduler stopped
2025-11-17 15:50:41,869 - camera_ai_app - INFO - Disconnected from MongoDB
