2025-11-14 09:28:31,129 - camera_ai_app - INFO - Starting CameraAI Backend...
2025-11-14 09:28:31,129 - camera_ai_app - INFO - Connecting to MongoDB: mongodb+srv://CamAI_DB:Xinhzai1102%40%40@cluster0.1xazymq.mongodb.net/
2025-11-14 09:28:37,512 - camera_ai_app - INFO - Connected to MongoDB: CamAI_Honda
2025-11-14 09:28:37,513 - camera_ai_app - INFO - Initializing default permissions...
2025-11-14 09:28:38,132 - camera_ai_app - INFO - Default permissions initialized
2025-11-14 09:28:38,132 - camera_ai_app - INFO - Initializing default roles...
2025-11-14 09:28:38,292 - camera_ai_app - INFO - Default roles initialized
2025-11-14 09:28:38,317 - camera_ai_app - INFO - AGV Scheduler started successfully. Job scheduled at 23:00 daily.
2025-11-14 09:28:38,318 - camera_ai_app - INFO - Scheduled job: Reverse Dashboard Data Daily at 11 PM - Next run: 2025-11-14 23:00:00+07:00
2025-11-14 09:28:38,319 - camera_ai_app - INFO - AGV Scheduler started
2025-11-14 09:30:24,388 - camera_ai_app - INFO - Shutting down CameraAI Backend...
2025-11-14 09:30:24,389 - camera_ai_app - INFO - AGV Scheduler shut down successfully.
2025-11-14 09:30:24,389 - camera_ai_app - INFO - AGV Scheduler stopped
2025-11-14 09:30:24,420 - camera_ai_app - INFO - Disconnected from MongoDB
2025-11-14 09:30:31,789 - camera_ai_app - INFO - Starting CameraAI Backend...
2025-11-14 09:30:31,791 - camera_ai_app - INFO - Connecting to MongoDB: mongodb+srv://CamAI_DB:Xinhzai1102%40%40@cluster0.1xazymq.mongodb.net/?retryWrites=true&w=majority&appName=Cluster0
2025-11-14 09:30:37,148 - camera_ai_app - INFO - Connected to MongoDB: CamAI_Honda
2025-11-14 09:30:37,148 - camera_ai_app - INFO - Initializing default permissions...
2025-11-14 09:30:37,776 - camera_ai_app - INFO - Default permissions initialized
2025-11-14 09:30:37,777 - camera_ai_app - INFO - Initializing default roles...
2025-11-14 09:30:37,904 - camera_ai_app - INFO - Default roles initialized
2025-11-14 09:30:37,908 - camera_ai_app - INFO - AGV Scheduler started successfully. Job scheduled at 23:00 daily.
2025-11-14 09:30:37,909 - camera_ai_app - INFO - Scheduled job: Reverse Dashboard Data Daily at 11 PM - Next run: 2025-11-14 23:00:00+07:00
2025-11-14 09:30:37,909 - camera_ai_app - INFO - AGV Scheduler started
2025-11-14 09:33:58,371 - camera_ai_app - INFO - Shutting down CameraAI Backend...
2025-11-14 09:33:58,371 - camera_ai_app - INFO - AGV Scheduler shut down successfully.
2025-11-14 09:33:58,371 - camera_ai_app - INFO - AGV Scheduler stopped
2025-11-14 09:33:58,403 - camera_ai_app - INFO - Disconnected from MongoDB
2025-11-14 09:34:06,409 - camera_ai_app - INFO - Starting CameraAI Backend...
2025-11-14 09:34:06,409 - camera_ai_app - INFO - Connecting to MongoDB: mongodb+srv://CamAI_DB:Xinhzai1102%40%40@cluster0.1xazymq.mongodb.net/?retryWrites=true&w=majority&appName=Cluster0
2025-11-14 09:34:11,673 - camera_ai_app - INFO - Connected to MongoDB: CamAI_Honda
2025-11-14 09:34:11,674 - camera_ai_app - INFO - Initializing default permissions...
2025-11-14 09:34:12,246 - camera_ai_app - INFO - Default permissions initialized
2025-11-14 09:34:12,247 - camera_ai_app - INFO - Initializing default roles...
2025-11-14 09:34:12,366 - camera_ai_app - INFO - Default roles initialized
2025-11-14 09:34:12,369 - camera_ai_app - INFO - AGV Scheduler started successfully. Job scheduled at 23:00 daily.
2025-11-14 09:34:12,370 - camera_ai_app - INFO - Scheduled job: Reverse Dashboard Data Daily at 11 PM - Next run: 2025-11-14 23:00:00+07:00
2025-11-14 09:34:12,370 - camera_ai_app - INFO - AGV Scheduler started
2025-11-14 09:34:12,690 - camera_ai_app - INFO - Login success for username='khang_admin'
2025-11-14 09:34:12,806 - camera_ai_app - INFO - User '68f214016f9a2421e62e37ad' has wildcard permission (*) - granting ALL permissions
2025-11-14 09:35:11,366 - camera_ai_app - INFO - User '68f214016f9a2421e62e37ad' has wildcard permission (*) - granting ALL permissions
2025-11-14 09:35:11,389 - camera_ai_app - INFO - User '68f214016f9a2421e62e37ad' has wildcard permission (*) - granting ALL permissions
2025-11-14 09:35:11,806 - camera_ai_app - INFO - User 'khang_admin' granted admin access via 'admin' role
2025-11-14 09:35:12,045 - camera_ai_app - INFO - User 'khang_admin' granted admin access via 'admin' role
2025-11-14 09:35:13,511 - camera_ai_app - INFO - User '68f214016f9a2421e62e37ad' has wildcard permission (*) - granting ALL permissions
2025-11-14 09:35:13,529 - camera_ai_app - INFO - User '68f214016f9a2421e62e37ad' has wildcard permission (*) - granting ALL permissions
2025-11-14 09:36:23,993 - camera_ai_app - INFO - User '68f214016f9a2421e62e37ad' has wildcard permission (*) - granting ALL permissions
2025-11-14 09:36:24,022 - camera_ai_app - INFO - User '68f214016f9a2421e62e37ad' has wildcard permission (*) - granting ALL permissions
2025-11-14 10:07:29,610 - camera_ai_app - INFO - Login success for username='khang_admin'
2025-11-14 10:07:29,775 - camera_ai_app - INFO - User '68f214016f9a2421e62e37ad' has wildcard permission (*) - granting ALL permissions
2025-11-14 10:39:05,614 - camera_ai_app - INFO - Login success for username='khang_admin'
2025-11-14 10:39:05,727 - camera_ai_app - INFO - User '68f214016f9a2421e62e37ad' has wildcard permission (*) - granting ALL permissions
2025-11-14 11:19:39,633 - camera_ai_app - INFO - Login success for username='khang_admin'
2025-11-14 11:19:39,809 - camera_ai_app - INFO - User '68f214016f9a2421e62e37ad' has wildcard permission (*) - granting ALL permissions
2025-11-14 11:32:13,798 - camera_ai_app - INFO - Login success for username='khang_admin'
2025-11-14 11:32:13,954 - camera_ai_app - INFO - User '68f214016f9a2421e62e37ad' has wildcard permission (*) - granting ALL permissions
2025-11-14 14:52:38,739 - camera_ai_app - INFO - Shutting down CameraAI Backend...
2025-11-14 14:52:38,740 - camera_ai_app - INFO - AGV Scheduler shut down successfully.
2025-11-14 14:52:38,740 - camera_ai_app - INFO - AGV Scheduler stopped
2025-11-14 14:52:39,127 - camera_ai_app - INFO - Disconnected from MongoDB
2025-11-14 14:52:42,675 - camera_ai_app - INFO - Starting CameraAI Backend...
2025-11-14 14:52:42,675 - camera_ai_app - INFO - Connecting to MongoDB: mongodb+srv://CamAI_DB:Xinhzai1102%40%40@cluster0.1xazymq.mongodb.net/?retryWrites=true&w=majority&appName=Cluster0
2025-11-14 14:52:47,830 - camera_ai_app - INFO - Connected to MongoDB: CamAI_Honda
2025-11-14 14:52:47,830 - camera_ai_app - INFO - Initializing default permissions...
2025-11-14 14:52:48,330 - camera_ai_app - INFO - Default permissions initialized
2025-11-14 14:52:48,331 - camera_ai_app - INFO - Initializing default roles...
2025-11-14 14:52:48,426 - camera_ai_app - INFO - Default roles initialized
2025-11-14 14:52:48,429 - camera_ai_app - INFO - AGV Scheduler started successfully. Job scheduled at 23:00 daily.
2025-11-14 14:52:48,429 - camera_ai_app - INFO - Scheduled job: Reverse Dashboard Data Daily at 11 PM - Next run: 2025-11-14 23:00:00+07:00
2025-11-14 14:52:48,429 - camera_ai_app - INFO - AGV Scheduler started
2025-11-14 14:58:37,957 - camera_ai_app - INFO - Starting CameraAI Backend...
2025-11-14 14:58:37,958 - camera_ai_app - INFO - Connecting to MongoDB: mongodb+srv://CamAI_DB:Xinhzai1102%40%40@cluster0.1xazymq.mongodb.net/?retryWrites=true&w=majority&appName=Cluster0
2025-11-14 14:58:43,280 - camera_ai_app - INFO - Connected to MongoDB: CamAI_Honda
2025-11-14 14:58:43,280 - camera_ai_app - INFO - Initializing default permissions...
2025-11-14 14:58:43,993 - camera_ai_app - INFO - Default permissions initialized
2025-11-14 14:58:43,994 - camera_ai_app - INFO - Initializing default roles...
2025-11-14 14:58:44,110 - camera_ai_app - INFO - Default roles initialized
2025-11-14 14:58:44,112 - camera_ai_app - INFO - AGV Scheduler started successfully. Job scheduled at 23:00 daily.
2025-11-14 14:58:44,113 - camera_ai_app - INFO - Scheduled job: Reverse Dashboard Data Daily at 11 PM - Next run: 2025-11-14 23:00:00+07:00
2025-11-14 14:58:44,113 - camera_ai_app - INFO - AGV Scheduler started
2025-11-14 14:58:45,367 - camera_ai_app - INFO - End slot 111 marked as empty by user API
2025-11-14 15:39:35,261 - camera_ai_app - INFO - Shutting down CameraAI Backend...
2025-11-14 15:39:35,262 - camera_ai_app - INFO - AGV Scheduler shut down successfully.
2025-11-14 15:39:35,262 - camera_ai_app - INFO - AGV Scheduler stopped
2025-11-14 15:39:36,641 - camera_ai_app - INFO - Disconnected from MongoDB
