2025-11-18 08:45:45,593 - camera_ai_app - INFO - Starting CameraAI Backend...
2025-11-18 08:45:45,593 - camera_ai_app - INFO - Connecting to MongoDB: mongodb+srv://CamAI_DB:Xinhzai1102%40%40@cluster0.1xazymq.mongodb.net/
2025-11-18 08:45:50,708 - camera_ai_app - INFO - Connected to MongoDB: CamAI_Honda
2025-11-18 08:45:50,709 - camera_ai_app - INFO - Initializing default permissions...
2025-11-18 08:45:51,348 - camera_ai_app - INFO - Default permissions initialized
2025-11-18 08:45:51,349 - camera_ai_app - INFO - Initializing default roles...
2025-11-18 08:45:51,476 - camera_ai_app - INFO - Default roles initialized
2025-11-18 08:45:51,481 - camera_ai_app - INFO - AGV Scheduler started successfully. Job scheduled at 23:00 daily.
2025-11-18 08:45:51,482 - camera_ai_app - INFO - Scheduled job: Reverse Dashboard Data Daily at 11 PM - Next run: 2025-11-18 23:00:00+07:00
2025-11-18 08:45:51,482 - camera_ai_app - INFO - AGV Scheduler started
2025-11-18 08:45:51,483 - camera_ai_app - INFO - Notification service started
2025-11-18 08:50:10,655 - camera_ai_app - INFO - Login success for username='hau_operator'
2025-11-18 08:53:43,828 - camera_ai_app - INFO - Route 'KD' deleted successfully
2025-11-18 08:53:46,457 - camera_ai_app - INFO - Route '2' deleted successfully
2025-11-18 08:57:10,214 - camera_ai_app - INFO - Route created successfully: 2 - KD
2025-11-18 09:00:43,480 - camera_ai_app - INFO - Route 'KD' deleted successfully
2025-11-18 09:00:53,960 - camera_ai_app - INFO - Route created successfully: 2 - KD
2025-11-18 09:04:35,319 - camera_ai_app - INFO - Route updated successfully: 691bd355ddb9c19f522f7c5b
2025-11-18 09:04:36,871 - camera_ai_app - INFO - Route updated successfully: 691bd355ddb9c19f522f7c5b
2025-11-18 09:24:48,124 - camera_ai_app - WARNING - Admin access denied: User 'hau_operator' is not admin
2025-11-18 09:24:48,183 - camera_ai_app - WARNING - Admin access denied: User 'hau_operator' is not admin
2025-11-18 09:25:24,831 - camera_ai_app - INFO - User 68f30d2244c224ca5518b8c4 deleted by hau_operator
2025-11-18 09:25:29,473 - camera_ai_app - INFO - User 68f85af8c2662ce424ee0dee deleted by hau_operator
2025-11-18 10:07:23,561 - camera_ai_app - WARNING - Invalid refresh token
2025-11-18 10:07:23,561 - camera_ai_app - ERROR - Failed to refresh token
2025-11-18 10:07:23,562 - camera_ai_app - WARNING - Invalid refresh token
2025-11-18 10:07:23,562 - camera_ai_app - ERROR - Failed to refresh token
2025-11-18 11:00:16,237 - camera_ai_app - WARNING - Invalid refresh token
2025-11-18 11:00:16,237 - camera_ai_app - ERROR - Failed to refresh token
2025-11-18 11:09:57,185 - camera_ai_app - WARNING - Invalid refresh token
2025-11-18 11:09:57,186 - camera_ai_app - ERROR - Failed to refresh token
2025-11-18 11:38:05,161 - camera_ai_app - WARNING - Invalid refresh token
2025-11-18 11:38:05,161 - camera_ai_app - ERROR - Failed to refresh token
2025-11-18 11:45:57,905 - camera_ai_app - WARNING - Admin access denied: User 'hau_operator' is not admin
2025-11-18 11:45:57,973 - camera_ai_app - WARNING - Admin access denied: User 'hau_operator' is not admin
2025-11-18 11:47:47,402 - camera_ai_app - WARNING - Admin access denied: User 'hau_operator' is not admin
2025-11-18 11:47:47,470 - camera_ai_app - WARNING - Admin access denied: User 'hau_operator' is not admin
2025-11-18 11:48:13,129 - camera_ai_app - WARNING - Admin access denied: User 'hau_operator' is not admin
2025-11-18 11:51:01,400 - camera_ai_app - WARNING - Admin access denied: User 'hau_operator' is not admin
2025-11-18 11:51:06,756 - camera_ai_app - WARNING - Admin access denied: User 'hau_operator' is not admin
2025-11-18 11:52:01,479 - camera_ai_app - WARNING - Admin access denied: User 'hau_operator' is not admin
2025-11-18 11:54:47,938 - camera_ai_app - WARNING - Admin access denied: User 'hau_operator' is not admin
2025-11-18 11:54:48,005 - camera_ai_app - WARNING - Admin access denied: User 'hau_operator' is not admin
2025-11-18 11:54:57,912 - camera_ai_app - WARNING - Admin access denied: User 'hau_operator' is not admin
2025-11-18 11:55:03,060 - camera_ai_app - WARNING - Admin access denied: User 'hau_operator' is not admin
2025-11-18 11:55:09,826 - camera_ai_app - WARNING - Admin access denied: User 'hau_operator' is not admin
2025-11-18 11:57:13,178 - camera_ai_app - WARNING - Admin access denied: User 'hau_operator' is not admin
2025-11-18 12:27:57,184 - camera_ai_app - WARNING - Invalid refresh token
2025-11-18 12:27:57,184 - camera_ai_app - ERROR - Failed to refresh token
2025-11-18 12:28:14,185 - camera_ai_app - WARNING - Invalid refresh token
2025-11-18 12:28:14,186 - camera_ai_app - ERROR - Failed to refresh token
2025-11-18 14:00:03,558 - camera_ai_app - WARNING - Admin access denied: User 'hau_operator' is not admin
2025-11-18 14:03:07,274 - camera_ai_app - WARNING - Admin access denied: User 'hau_operator' is not admin
2025-11-18 14:03:27,579 - camera_ai_app - WARNING - Admin access denied: User 'hau_operator' is not admin
2025-11-18 14:04:19,806 - camera_ai_app - WARNING - Admin access denied: User 'hau_operator' is not admin
2025-11-18 14:09:11,759 - camera_ai_app - WARNING - Admin access denied: User 'hau_operator' is not admin
2025-11-18 14:09:11,823 - camera_ai_app - WARNING - Admin access denied: User 'hau_operator' is not admin
2025-11-18 14:09:13,498 - camera_ai_app - WARNING - Admin access denied: User 'hau_operator' is not admin
2025-11-18 14:19:49,899 - camera_ai_app - WARNING - Admin access denied: User 'hau_operator' is not admin
2025-11-18 14:22:08,741 - camera_ai_app - WARNING - Admin access denied: User 'hau_operator' is not admin
2025-11-18 14:31:34,104 - camera_ai_app - WARNING - Invalid refresh token
2025-11-18 14:31:34,104 - camera_ai_app - ERROR - Failed to refresh token
2025-11-18 14:32:32,930 - camera_ai_app - WARNING - Admin access denied: User 'hau_operator' is not admin
2025-11-18 14:38:36,428 - camera_ai_app - WARNING - Admin access denied: User 'hau_operator' is not admin
2025-11-18 14:49:11,250 - camera_ai_app - WARNING - Admin access denied: User 'hau_operator' is not admin
2025-11-18 14:51:50,197 - camera_ai_app - WARNING - Admin access denied: User 'hau_operator' is not admin
2025-11-18 14:51:55,513 - camera_ai_app - WARNING - Admin access denied: User 'hau_operator' is not admin
2025-11-18 14:51:57,673 - camera_ai_app - WARNING - Admin access denied: User 'hau_operator' is not admin
2025-11-18 14:52:01,633 - camera_ai_app - WARNING - Admin access denied: User 'hau_operator' is not admin
2025-11-18 14:52:24,262 - camera_ai_app - WARNING - Admin access denied: User 'hau_operator' is not admin
2025-11-18 14:52:52,196 - camera_ai_app - WARNING - Admin access denied: User 'hau_operator' is not admin
2025-11-18 14:53:24,846 - camera_ai_app - WARNING - Admin access denied: User 'hau_operator' is not admin
2025-11-18 14:54:05,975 - camera_ai_app - WARNING - Admin access denied: User 'hau_operator' is not admin
2025-11-18 14:54:06,043 - camera_ai_app - WARNING - Admin access denied: User 'hau_operator' is not admin
2025-11-18 14:54:12,196 - camera_ai_app - WARNING - Admin access denied: User 'hau_operator' is not admin
2025-11-18 14:54:12,272 - camera_ai_app - WARNING - Admin access denied: User 'hau_operator' is not admin
2025-11-18 14:59:20,956 - camera_ai_app - WARNING - Admin access denied: User 'hau_operator' is not admin
2025-11-18 14:59:21,020 - camera_ai_app - WARNING - Admin access denied: User 'hau_operator' is not admin
2025-11-18 15:16:41,560 - camera_ai_app - WARNING - Invalid refresh token
2025-11-18 15:16:41,560 - camera_ai_app - ERROR - Failed to refresh token
2025-11-18 15:16:54,067 - camera_ai_app - WARNING - Login failed: invalid password or username
2025-11-18 15:16:54,067 - camera_ai_app - ERROR - Login attempt with invalid username='khang_admin'
2025-11-18 15:17:00,527 - camera_ai_app - INFO - Login success for username='khang_admin'
2025-11-18 15:17:00,647 - camera_ai_app - INFO - User '68f214016f9a2421e62e37ad' has wildcard permission (*) - granting ALL permissions
2025-11-18 15:17:15,628 - camera_ai_app - INFO - Login success for username='hau_operator'
2025-11-18 15:30:10,038 - camera_ai_app - WARNING - Admin access denied: User 'hau_operator' is not admin
2025-11-18 15:30:10,102 - camera_ai_app - WARNING - Admin access denied: User 'hau_operator' is not admin
2025-11-18 15:30:12,752 - camera_ai_app - WARNING - Admin access denied: User 'hau_operator' is not admin
2025-11-18 15:30:19,656 - camera_ai_app - WARNING - Admin access denied: User 'hau_operator' is not admin
2025-11-18 15:32:26,872 - camera_ai_app - WARNING - Admin access denied: User 'hau_operator' is not admin
2025-11-18 15:32:26,935 - camera_ai_app - WARNING - Admin access denied: User 'hau_operator' is not admin
2025-11-18 15:32:28,433 - camera_ai_app - WARNING - Admin access denied: User 'hau_operator' is not admin
2025-11-18 15:33:41,469 - camera_ai_app - WARNING - Admin access denied: User 'hau_operator' is not admin
2025-11-18 15:38:26,794 - camera_ai_app - WARNING - Admin access denied: User 'hau_operator' is not admin
2025-11-18 15:38:48,493 - camera_ai_app - WARNING - Admin access denied: User 'hau_operator' is not admin
2025-11-18 15:39:37,852 - camera_ai_app - WARNING - Admin access denied: User 'hau_operator' is not admin
2025-11-18 15:39:37,913 - camera_ai_app - WARNING - Admin access denied: User 'hau_operator' is not admin
2025-11-18 15:39:53,860 - camera_ai_app - WARNING - Admin access denied: User 'hau_operator' is not admin
2025-11-18 15:39:53,953 - camera_ai_app - WARNING - Admin access denied: User 'hau_operator' is not admin
2025-11-18 15:40:06,167 - camera_ai_app - WARNING - Admin access denied: User 'hau_operator' is not admin
2025-11-18 15:40:35,663 - camera_ai_app - INFO - Login success for username='khang_admin'
2025-11-18 15:40:35,786 - camera_ai_app - INFO - User '68f214016f9a2421e62e37ad' has wildcard permission (*) - granting ALL permissions
2025-11-18 15:40:41,079 - camera_ai_app - INFO - User '68f214016f9a2421e62e37ad' has wildcard permission (*) - granting ALL permissions
2025-11-18 15:40:41,449 - camera_ai_app - INFO - User 'khang_admin' granted admin access via 'admin' role
2025-11-18 15:40:41,458 - camera_ai_app - INFO - User '68f214016f9a2421e62e37ad' has wildcard permission (*) - granting ALL permissions
2025-11-18 15:40:41,577 - camera_ai_app - INFO - User 'khang_admin' granted admin access via 'admin' role
2025-11-18 15:40:42,290 - camera_ai_app - INFO - User 'khang_admin' granted admin access via 'admin' role
2025-11-18 15:47:11,756 - camera_ai_app - INFO - User '68f214016f9a2421e62e37ad' has wildcard permission (*) - granting ALL permissions
2025-11-18 15:47:12,106 - camera_ai_app - INFO - User 'khang_admin' granted admin access via 'admin' role
2025-11-18 15:47:12,140 - camera_ai_app - INFO - User '68f214016f9a2421e62e37ad' has wildcard permission (*) - granting ALL permissions
2025-11-18 15:47:12,215 - camera_ai_app - INFO - User 'khang_admin' granted admin access via 'admin' role
2025-11-18 15:47:23,018 - camera_ai_app - INFO - User '68f214016f9a2421e62e37ad' has wildcard permission (*) - granting ALL permissions
2025-11-18 15:47:23,340 - camera_ai_app - INFO - User 'khang_admin' granted admin access via 'admin' role
2025-11-18 15:47:23,358 - camera_ai_app - INFO - User '68f214016f9a2421e62e37ad' has wildcard permission (*) - granting ALL permissions
2025-11-18 15:47:23,436 - camera_ai_app - INFO - User 'khang_admin' granted admin access via 'admin' role
2025-11-18 15:47:29,030 - camera_ai_app - INFO - User '68f214016f9a2421e62e37ad' has wildcard permission (*) - granting ALL permissions
2025-11-18 15:47:29,372 - camera_ai_app - INFO - User 'khang_admin' granted admin access via 'admin' role
2025-11-18 15:47:29,386 - camera_ai_app - INFO - User '68f214016f9a2421e62e37ad' has wildcard permission (*) - granting ALL permissions
2025-11-18 15:47:29,478 - camera_ai_app - INFO - User 'khang_admin' granted admin access via 'admin' role
2025-11-18 15:47:40,023 - camera_ai_app - INFO - User '68f214016f9a2421e62e37ad' has wildcard permission (*) - granting ALL permissions
2025-11-18 15:47:40,362 - camera_ai_app - INFO - User '68f214016f9a2421e62e37ad' has wildcard permission (*) - granting ALL permissions
2025-11-18 15:48:35,294 - camera_ai_app - INFO - User '68f214016f9a2421e62e37ad' has wildcard permission (*) - granting ALL permissions
2025-11-18 15:48:35,705 - camera_ai_app - INFO - User 'khang_admin' granted admin access via 'admin' role
2025-11-18 15:48:35,743 - camera_ai_app - INFO - User '68f214016f9a2421e62e37ad' has wildcard permission (*) - granting ALL permissions
2025-11-18 15:48:35,829 - camera_ai_app - INFO - User 'khang_admin' granted admin access via 'admin' role
2025-11-18 15:49:51,012 - camera_ai_app - INFO - User '68f214016f9a2421e62e37ad' has wildcard permission (*) - granting ALL permissions
2025-11-18 15:49:51,334 - camera_ai_app - INFO - User 'khang_admin' granted admin access via 'admin' role
2025-11-18 15:49:51,352 - camera_ai_app - INFO - User '68f214016f9a2421e62e37ad' has wildcard permission (*) - granting ALL permissions
2025-11-18 15:49:51,426 - camera_ai_app - INFO - User 'khang_admin' granted admin access via 'admin' role
2025-11-18 15:50:02,468 - camera_ai_app - INFO - User 'khang_admin' granted admin access via 'admin' role
2025-11-18 15:50:23,319 - camera_ai_app - INFO - User 'khang_admin' granted admin access via 'admin' role
2025-11-18 15:50:42,815 - camera_ai_app - INFO - User 'khang_admin' granted admin access via 'admin' role
2025-11-18 15:50:51,523 - camera_ai_app - INFO - User 'khang_admin' granted admin access via 'admin' role
2025-11-18 15:51:15,068 - camera_ai_app - INFO - User 'khang_admin' granted admin access via 'admin' role
2025-11-18 15:52:07,096 - camera_ai_app - INFO - User 'khang_admin' granted admin access via 'admin' role
2025-11-18 15:57:36,494 - camera_ai_app - INFO - Login success for username='khang_admin'
2025-11-18 15:57:36,630 - camera_ai_app - INFO - User '68f214016f9a2421e62e37ad' has wildcard permission (*) - granting ALL permissions
2025-11-18 15:58:44,276 - camera_ai_app - INFO - User '68f214016f9a2421e62e37ad' has wildcard permission (*) - granting ALL permissions
2025-11-18 15:58:44,600 - camera_ai_app - INFO - User 'khang_admin' granted admin access via 'admin' role
2025-11-18 15:58:44,684 - camera_ai_app - INFO - User 'khang_admin' granted admin access via 'admin' role
2025-11-18 15:59:36,184 - camera_ai_app - INFO - User '68f214016f9a2421e62e37ad' has wildcard permission (*) - granting ALL permissions
2025-11-18 15:59:36,681 - camera_ai_app - INFO - User '68f214016f9a2421e62e37ad' has wildcard permission (*) - granting ALL permissions
2025-11-18 15:59:36,708 - camera_ai_app - INFO - User 'khang_admin' granted admin access via 'admin' role
2025-11-18 15:59:36,809 - camera_ai_app - INFO - User 'khang_admin' granted admin access via 'admin' role
2025-11-18 15:59:38,543 - camera_ai_app - INFO - User '68f214016f9a2421e62e37ad' has wildcard permission (*) - granting ALL permissions
2025-11-18 15:59:39,003 - camera_ai_app - INFO - User '68f214016f9a2421e62e37ad' has wildcard permission (*) - granting ALL permissions
2025-11-18 16:10:22,240 - camera_ai_app - INFO - User '68f214016f9a2421e62e37ad' has wildcard permission (*) - granting ALL permissions
2025-11-18 16:26:57,289 - camera_ai_app - INFO - User '68f214016f9a2421e62e37ad' has wildcard permission (*) - granting ALL permissions
2025-11-18 16:36:18,825 - camera_ai_app - INFO - User 'khang_admin' granted admin access via 'admin' role
2025-11-18 16:37:13,573 - camera_ai_app - INFO - Login success for username='khang_admin'
2025-11-18 16:37:13,703 - camera_ai_app - INFO - User '68f214016f9a2421e62e37ad' has wildcard permission (*) - granting ALL permissions
2025-11-18 16:39:28,234 - camera_ai_app - INFO - User '68f214016f9a2421e62e37ad' has wildcard permission (*) - granting ALL permissions
2025-11-18 16:46:00,070 - camera_ai_app - INFO - User 'khang_admin' granted admin access via 'admin' role
2025-11-18 16:46:12,320 - camera_ai_app - INFO - User 'khang_admin' granted admin access via 'admin' role
2025-11-18 16:46:36,581 - camera_ai_app - INFO - Login success for username='hau_operator'
2025-11-18 16:46:39,925 - camera_ai_app - WARNING - Admin access denied: User 'hau_operator' is not admin
2025-11-18 16:46:39,977 - camera_ai_app - WARNING - Admin access denied: User 'hau_operator' is not admin
2025-11-18 16:46:40,629 - camera_ai_app - WARNING - Admin access denied: User 'hau_operator' is not admin
2025-11-18 16:47:54,377 - camera_ai_app - WARNING - Admin access denied: User 'hau_operator' is not admin
2025-11-18 16:47:54,429 - camera_ai_app - WARNING - Admin access denied: User 'hau_operator' is not admin
2025-11-18 16:47:56,147 - camera_ai_app - WARNING - Admin access denied: User 'hau_operator' is not admin
2025-11-18 16:48:05,306 - camera_ai_app - WARNING - Admin access denied: User 'hau_operator' is not admin
2025-11-18 16:48:08,298 - camera_ai_app - WARNING - Admin access denied: User 'hau_operator' is not admin
2025-11-18 16:48:21,984 - camera_ai_app - INFO - New user registered: test_user_1 (id=691c40e5ddb9c19f522f7c5c)
2025-11-18 16:48:21,985 - camera_ai_app - INFO - Signup success for username='test_user_1'
2025-11-18 16:48:22,666 - camera_ai_app - WARNING - Admin access denied: User 'hau_operator' is not admin
2025-11-18 16:48:22,726 - camera_ai_app - WARNING - Admin access denied: User 'hau_operator' is not admin
2025-11-18 16:48:30,626 - camera_ai_app - WARNING - Admin access denied: User 'hau_operator' is not admin
2025-11-18 16:48:30,686 - camera_ai_app - WARNING - Admin access denied: User 'hau_operator' is not admin
2025-11-18 16:48:58,845 - camera_ai_app - INFO - Login success for username='test_user_1'
2025-11-18 16:49:11,455 - camera_ai_app - INFO - Login success for username='hau_operator'
2025-11-18 16:49:54,520 - camera_ai_app - WARNING - Admin access denied: User 'hau_operator' is not admin
2025-11-18 16:49:54,572 - camera_ai_app - WARNING - Admin access denied: User 'hau_operator' is not admin
2025-11-18 16:49:55,574 - camera_ai_app - WARNING - Admin access denied: User 'hau_operator' is not admin
2025-11-18 16:51:43,841 - camera_ai_app - WARNING - Admin access denied: User 'hau_operator' is not admin
2025-11-18 16:51:43,901 - camera_ai_app - WARNING - Admin access denied: User 'hau_operator' is not admin
2025-11-18 16:55:11,339 - camera_ai_app - WARNING - Admin access denied: User 'hau_operator' is not admin
2025-11-18 16:55:11,391 - camera_ai_app - WARNING - Admin access denied: User 'hau_operator' is not admin
2025-11-18 16:55:48,021 - camera_ai_app - INFO - User '68f214016f9a2421e62e37ad' has wildcard permission (*) - granting ALL permissions
2025-11-18 16:55:48,350 - camera_ai_app - INFO - User '68f214016f9a2421e62e37ad' has wildcard permission (*) - granting ALL permissions
2025-11-18 16:55:48,351 - camera_ai_app - INFO - User 'khang_admin' granted admin access via 'admin' role
2025-11-18 16:55:48,447 - camera_ai_app - INFO - User 'khang_admin' granted admin access via 'admin' role
2025-11-18 16:57:47,388 - camera_ai_app - WARNING - Admin access denied: User 'hau_operator' is not admin
2025-11-18 16:57:59,044 - camera_ai_app - INFO - New user registered: test_user_2 (id=691c4327ddb9c19f522f7c5d)
2025-11-18 16:57:59,044 - camera_ai_app - INFO - Signup success for username='test_user_2'
2025-11-18 16:57:59,604 - camera_ai_app - WARNING - Admin access denied: User 'hau_operator' is not admin
2025-11-18 16:57:59,656 - camera_ai_app - WARNING - Admin access denied: User 'hau_operator' is not admin
2025-11-18 16:59:08,425 - camera_ai_app - INFO - User '68f214016f9a2421e62e37ad' has wildcard permission (*) - granting ALL permissions
2025-11-18 16:59:08,764 - camera_ai_app - INFO - User '68f214016f9a2421e62e37ad' has wildcard permission (*) - granting ALL permissions
2025-11-18 16:59:46,109 - camera_ai_app - INFO - Shutting down CameraAI Backend...
2025-11-18 16:59:46,110 - camera_ai_app - INFO - AGV Scheduler shut down successfully.
2025-11-18 16:59:46,110 - camera_ai_app - INFO - AGV Scheduler stopped
2025-11-18 16:59:46,111 - camera_ai_app - INFO - Notification service stopped
2025-11-18 16:59:46,136 - camera_ai_app - INFO - Disconnected from MongoDB
2025-11-18 16:59:48,839 - camera_ai_app - INFO - Starting CameraAI Backend...
2025-11-18 16:59:48,840 - camera_ai_app - INFO - Connecting to MongoDB: mongodb+srv://CamAI_DB:Xinhzai1102%40%40@cluster0.1xazymq.mongodb.net/
2025-11-18 16:59:53,450 - camera_ai_app - INFO - Connected to MongoDB: CamAI_Honda
2025-11-18 16:59:53,451 - camera_ai_app - INFO - Initializing default permissions...
2025-11-18 16:59:53,934 - camera_ai_app - INFO - Default permissions initialized
2025-11-18 16:59:53,934 - camera_ai_app - INFO - Initializing default roles...
2025-11-18 16:59:54,030 - camera_ai_app - INFO - Default roles initialized
2025-11-18 16:59:54,033 - camera_ai_app - INFO - AGV Scheduler started successfully. Job scheduled at 23:00 daily.
2025-11-18 16:59:54,033 - camera_ai_app - INFO - Scheduled job: Reverse Dashboard Data Daily at 11 PM - Next run: 2025-11-18 23:00:00+07:00
2025-11-18 16:59:54,034 - camera_ai_app - INFO - AGV Scheduler started
2025-11-18 16:59:54,034 - camera_ai_app - INFO - Notification service started
2025-11-18 16:59:55,472 - camera_ai_app - WARNING - Admin access denied: User 'hau_operator' is not admin
2025-11-18 16:59:55,548 - camera_ai_app - WARNING - Admin access denied: User 'hau_operator' is not admin
2025-11-18 17:00:03,186 - camera_ai_app - INFO - Shutting down CameraAI Backend...
2025-11-18 17:00:03,187 - camera_ai_app - INFO - AGV Scheduler shut down successfully.
2025-11-18 17:00:03,187 - camera_ai_app - INFO - AGV Scheduler stopped
2025-11-18 17:00:03,188 - camera_ai_app - INFO - Notification service stopped
2025-11-18 17:00:03,215 - camera_ai_app - INFO - Disconnected from MongoDB
2025-11-18 17:00:09,274 - camera_ai_app - INFO - Starting CameraAI Backend...
2025-11-18 17:00:09,275 - camera_ai_app - INFO - Connecting to MongoDB: mongodb+srv://CamAI_DB:Xinhzai1102%40%40@cluster0.1xazymq.mongodb.net/
2025-11-18 17:00:13,821 - camera_ai_app - INFO - Connected to MongoDB: CamAI_Honda
2025-11-18 17:00:13,822 - camera_ai_app - INFO - Initializing default permissions...
2025-11-18 17:00:14,306 - camera_ai_app - INFO - Default permissions initialized
2025-11-18 17:00:14,307 - camera_ai_app - INFO - Initializing default roles...
2025-11-18 17:00:14,407 - camera_ai_app - INFO - Default roles initialized
2025-11-18 17:00:14,410 - camera_ai_app - INFO - AGV Scheduler started successfully. Job scheduled at 23:00 daily.
2025-11-18 17:00:14,411 - camera_ai_app - INFO - Scheduled job: Reverse Dashboard Data Daily at 11 PM - Next run: 2025-11-18 23:00:00+07:00
2025-11-18 17:00:14,411 - camera_ai_app - INFO - AGV Scheduler started
2025-11-18 17:00:14,411 - camera_ai_app - INFO - Notification service started
2025-11-18 17:00:14,764 - camera_ai_app - INFO - User 691c40e5ddb9c19f522f7c5c deleted by hau_operator
2025-11-18 17:00:17,434 - camera_ai_app - WARNING - Admin access denied: User 'hau_operator' is not admin
2025-11-18 17:00:17,486 - camera_ai_app - WARNING - Admin access denied: User 'hau_operator' is not admin
2025-11-18 17:00:20,269 - camera_ai_app - INFO - User 691c4327ddb9c19f522f7c5d deleted by hau_operator
2025-11-18 17:00:22,742 - camera_ai_app - WARNING - Admin access denied: User 'hau_operator' is not admin
2025-11-18 17:00:27,557 - camera_ai_app - INFO - New user registered: test_user_2 (id=691c43bb3051c928d06362aa)
2025-11-18 17:00:27,558 - camera_ai_app - INFO - Signup success for username='test_user_2'
2025-11-18 17:00:28,126 - camera_ai_app - WARNING - Admin access denied: User 'hau_operator' is not admin
2025-11-18 17:00:28,182 - camera_ai_app - WARNING - Admin access denied: User 'hau_operator' is not admin
2025-11-18 17:00:36,245 - camera_ai_app - INFO - Login success for username='test_user_2'
2025-11-18 17:00:51,060 - camera_ai_app - INFO - Login success for username='hau_operator'
2025-11-18 17:04:30,349 - camera_ai_app - WARNING - Admin access denied: User 'hau_operator' is not admin
2025-11-18 17:04:30,409 - camera_ai_app - WARNING - Admin access denied: User 'hau_operator' is not admin
2025-11-18 17:04:31,311 - camera_ai_app - WARNING - Admin access denied: User 'hau_operator' is not admin
2025-11-18 17:04:42,266 - camera_ai_app - INFO - Login success for username='khang_admin'
2025-11-18 17:04:42,363 - camera_ai_app - INFO - User '68f214016f9a2421e62e37ad' has wildcard permission (*) - granting ALL permissions
2025-11-18 17:04:45,887 - camera_ai_app - INFO - User '68f214016f9a2421e62e37ad' has wildcard permission (*) - granting ALL permissions
2025-11-18 17:04:46,225 - camera_ai_app - INFO - User 'khang_admin' granted admin access via 'admin' role
2025-11-18 17:04:46,255 - camera_ai_app - INFO - User '68f214016f9a2421e62e37ad' has wildcard permission (*) - granting ALL permissions
2025-11-18 17:04:46,301 - camera_ai_app - INFO - User 'khang_admin' granted admin access via 'admin' role
2025-11-18 17:04:47,919 - camera_ai_app - INFO - User 'khang_admin' granted admin access via 'admin' role
2025-11-18 17:05:16,971 - camera_ai_app - INFO - New user registered: test_switch_area_by_user (id=691c44dc3051c928d06362ab)
2025-11-18 17:05:16,972 - camera_ai_app - INFO - Signup success for username='test_switch_area_by_user'
2025-11-18 17:05:17,289 - camera_ai_app - INFO - User '68f214016f9a2421e62e37ad' has wildcard permission (*) - granting ALL permissions
2025-11-18 17:05:17,677 - camera_ai_app - INFO - User 'khang_admin' granted admin access via 'admin' role
2025-11-18 17:05:17,785 - camera_ai_app - INFO - User 'khang_admin' granted admin access via 'admin' role
2025-11-18 17:05:45,336 - camera_ai_app - INFO - User '68f214016f9a2421e62e37ad' has wildcard permission (*) - granting ALL permissions
2025-11-18 17:05:47,061 - camera_ai_app - INFO - Login success for username='test_switch_area_by_user'
2025-11-18 17:05:51,720 - camera_ai_app - WARNING - Admin access denied: User 'test_switch_area_by_user' is not admin
2025-11-18 17:05:51,767 - camera_ai_app - WARNING - Admin access denied: User 'test_switch_area_by_user' is not admin
2025-11-18 17:08:55,812 - camera_ai_app - INFO - User '68f214016f9a2421e62e37ad' has wildcard permission (*) - granting ALL permissions
2025-11-18 17:08:56,176 - camera_ai_app - INFO - User 'khang_admin' granted admin access via 'admin' role
2025-11-18 17:08:56,209 - camera_ai_app - INFO - User '68f214016f9a2421e62e37ad' has wildcard permission (*) - granting ALL permissions
2025-11-18 17:08:56,265 - camera_ai_app - INFO - User 'khang_admin' granted admin access via 'admin' role
2025-11-18 17:28:52,747 - camera_ai_app - INFO - Login success for username='khang_admin'
2025-11-18 17:28:52,920 - camera_ai_app - INFO - User '68f214016f9a2421e62e37ad' has wildcard permission (*) - granting ALL permissions
2025-11-18 17:31:28,135 - camera_ai_app - INFO - User '68f214016f9a2421e62e37ad' has wildcard permission (*) - granting ALL permissions
2025-11-18 17:31:28,647 - camera_ai_app - INFO - User '68f214016f9a2421e62e37ad' has wildcard permission (*) - granting ALL permissions
2025-11-18 17:32:00,626 - camera_ai_app - WARNING - Invalid camera ID format: health-check
2025-11-18 17:32:00,630 - camera_ai_app - WARNING - Invalid camera ID format: health-check
2025-11-18 17:33:03,578 - camera_ai_app - INFO - User '68f214016f9a2421e62e37ad' has wildcard permission (*) - granting ALL permissions
2025-11-18 17:33:04,086 - camera_ai_app - INFO - User '68f214016f9a2421e62e37ad' has wildcard permission (*) - granting ALL permissions
2025-11-18 17:34:03,384 - camera_ai_app - WARNING - Invalid camera ID format: health-check
2025-11-18 17:34:03,389 - camera_ai_app - WARNING - Invalid camera ID format: health-check
2025-11-18 17:36:54,702 - camera_ai_app - INFO - User '68f214016f9a2421e62e37ad' has wildcard permission (*) - granting ALL permissions
2025-11-18 17:36:55,210 - camera_ai_app - INFO - User '68f214016f9a2421e62e37ad' has wildcard permission (*) - granting ALL permissions
2025-11-18 17:37:14,238 - camera_ai_app - WARNING - Invalid camera ID format: health-check
2025-11-18 17:37:14,239 - camera_ai_app - WARNING - Invalid camera ID format: health-check
2025-11-18 17:37:23,699 - camera_ai_app - INFO - Login success for username='khang_admin'
2025-11-18 17:37:23,856 - camera_ai_app - INFO - User '68f214016f9a2421e62e37ad' has wildcard permission (*) - granting ALL permissions
2025-11-18 17:37:26,868 - camera_ai_app - INFO - User '68f214016f9a2421e62e37ad' has wildcard permission (*) - granting ALL permissions
2025-11-18 17:37:27,376 - camera_ai_app - INFO - User '68f214016f9a2421e62e37ad' has wildcard permission (*) - granting ALL permissions
2025-11-18 17:37:27,544 - camera_ai_app - WARNING - Invalid camera ID format: health-check
2025-11-18 17:37:27,547 - camera_ai_app - WARNING - Invalid camera ID format: health-check
2025-11-18 17:40:59,522 - camera_ai_app - INFO - Camera stream closed: rtsp://127.0.0.1:8554/cam_6
2025-11-18 17:40:59,602 - camera_ai_app - INFO - Camera stream closed: rtsp://127.0.0.1:8554/cam_1
2025-11-18 17:41:00,681 - camera_ai_app - INFO - User '68f214016f9a2421e62e37ad' has wildcard permission (*) - granting ALL permissions
2025-11-18 17:41:01,189 - camera_ai_app - INFO - User '68f214016f9a2421e62e37ad' has wildcard permission (*) - granting ALL permissions
2025-11-18 17:41:01,933 - camera_ai_app - WARNING - Invalid camera ID format: health-check
2025-11-18 17:41:01,935 - camera_ai_app - WARNING - Invalid camera ID format: health-check
2025-11-18 17:43:32,831 - camera_ai_app - INFO - User '68f214016f9a2421e62e37ad' has wildcard permission (*) - granting ALL permissions
2025-11-18 17:43:33,223 - camera_ai_app - INFO - User '68f214016f9a2421e62e37ad' has wildcard permission (*) - granting ALL permissions
2025-11-18 17:46:34,864 - camera_ai_app - INFO - Login success for username='hau_admin'
2025-11-18 17:54:05,362 - camera_ai_app - INFO - Login success for username='khang_admin'
2025-11-18 17:54:05,506 - camera_ai_app - INFO - User '68f214016f9a2421e62e37ad' has wildcard permission (*) - granting ALL permissions
2025-11-18 18:06:28,264 - camera_ai_app - INFO - User '68f214016f9a2421e62e37ad' has wildcard permission (*) - granting ALL permissions
2025-11-18 18:13:42,063 - camera_ai_app - INFO - User '68f214016f9a2421e62e37ad' has wildcard permission (*) - granting ALL permissions
2025-11-18 18:13:42,066 - camera_ai_app - INFO - User '68f214016f9a2421e62e37ad' has wildcard permission (*) - granting ALL permissions
2025-11-18 18:13:42,070 - camera_ai_app - INFO - User '68f214016f9a2421e62e37ad' has wildcard permission (*) - granting ALL permissions
2025-11-18 18:13:42,324 - camera_ai_app - INFO - User '68f214016f9a2421e62e37ad' has wildcard permission (*) - granting ALL permissions
2025-11-18 18:22:57,286 - camera_ai_app - INFO - User '68f214016f9a2421e62e37ad' has wildcard permission (*) - granting ALL permissions
2025-11-18 18:35:28,288 - camera_ai_app - INFO - User '68f214016f9a2421e62e37ad' has wildcard permission (*) - granting ALL permissions
2025-11-18 18:42:04,463 - camera_ai_app - INFO - User '68f214016f9a2421e62e37ad' has wildcard permission (*) - granting ALL permissions
2025-11-18 18:42:04,972 - camera_ai_app - INFO - User '68f214016f9a2421e62e37ad' has wildcard permission (*) - granting ALL permissions
2025-11-18 18:42:05,274 - camera_ai_app - WARNING - Invalid camera ID format: health-check
2025-11-18 18:42:05,276 - camera_ai_app - WARNING - Invalid camera ID format: health-check
2025-11-18 18:45:04,658 - camera_ai_app - INFO - User '68f214016f9a2421e62e37ad' has wildcard permission (*) - granting ALL permissions
2025-11-18 18:45:05,165 - camera_ai_app - INFO - User '68f214016f9a2421e62e37ad' has wildcard permission (*) - granting ALL permissions
2025-11-18 18:45:05,176 - camera_ai_app - INFO - User 'khang_admin' granted admin access via 'admin' role
2025-11-18 18:45:05,252 - camera_ai_app - INFO - User 'khang_admin' granted admin access via 'admin' role
2025-11-18 18:46:51,543 - camera_ai_app - INFO - Shutting down CameraAI Backend...
2025-11-18 18:46:51,544 - camera_ai_app - INFO - AGV Scheduler shut down successfully.
2025-11-18 18:46:51,544 - camera_ai_app - INFO - AGV Scheduler stopped
2025-11-18 18:46:51,545 - camera_ai_app - INFO - Notification service stopped
2025-11-18 18:46:51,581 - camera_ai_app - INFO - Disconnected from MongoDB
