2025-10-30 08:40:35,922 - camera_ai_app - INFO - Starting CameraAI Backend...
2025-10-30 08:40:35,923 - camera_ai_app - INFO - Connecting to MongoDB: mongodb+srv://CamAI_DB:Xinhzai1102%40%40@cluster0.1xazymq.mongodb.net/
2025-10-30 08:40:56,861 - camera_ai_app - INFO - Connected to MongoDB: CamAI_Honda
2025-10-30 08:40:57,047 - camera_ai_app - INFO - AGV Scheduler started successfully. Job scheduled at 23:00 daily.
2025-10-30 08:40:57,047 - camera_ai_app - INFO - Scheduled job: Reverse Dashboard Data Daily at 11 PM - Next run: 2025-10-30 23:00:00+07:00
2025-10-30 08:40:57,047 - camera_ai_app - INFO - AGV Scheduler started
2025-10-30 08:56:36,225 - camera_ai_app - INFO - Login success for username='hau_admin'
2025-10-30 08:56:36,367 - camera_ai_app - INFO - User '68f1a5d4991d17d6c5c5ae99' has wildcard permission (*) - granting ALL permissions
2025-10-30 08:56:37,719 - camera_ai_app - INFO - WebSocket connected. Total connections: 1
2025-10-30 08:57:06,949 - camera_ai_app - INFO - User '68f1a5d4991d17d6c5c5ae99' has wildcard permission (*) - granting ALL permissions
2025-10-30 08:57:07,481 - camera_ai_app - INFO - User '68f1a5d4991d17d6c5c5ae99' has wildcard permission (*) - granting ALL permissions
2025-10-30 09:12:16,489 - camera_ai_app - INFO - User '68f1a5d4991d17d6c5c5ae99' has wildcard permission (*) - granting ALL permissions
2025-10-30 09:12:17,046 - camera_ai_app - INFO - User '68f1a5d4991d17d6c5c5ae99' has wildcard permission (*) - granting ALL permissions
2025-10-30 09:32:57,988 - camera_ai_app - INFO - WebSocket connected. Total connections: 2
2025-10-30 09:37:59,248 - camera_ai_app - INFO - Login success for username='hau_admin'
2025-10-30 09:37:59,365 - camera_ai_app - INFO - User '68f1a5d4991d17d6c5c5ae99' has wildcard permission (*) - granting ALL permissions
2025-10-30 09:38:00,821 - camera_ai_app - INFO - WebSocket connected. Total connections: 3
2025-10-30 09:38:02,157 - camera_ai_app - INFO - User '68f1a5d4991d17d6c5c5ae99' has wildcard permission (*) - granting ALL permissions
2025-10-30 09:38:02,586 - camera_ai_app - INFO - User '68f1a5d4991d17d6c5c5ae99' has wildcard permission (*) - granting ALL permissions
2025-10-30 10:04:51,331 - camera_ai_app - INFO - WebSocket connected. Total connections: 4
2025-10-30 10:05:47,597 - camera_ai_app - INFO - User '68f1a5d4991d17d6c5c5ae99' has wildcard permission (*) - granting ALL permissions
2025-10-30 10:05:48,000 - camera_ai_app - INFO - User '68f1a5d4991d17d6c5c5ae99' has wildcard permission (*) - granting ALL permissions
2025-10-30 10:06:17,967 - camera_ai_app - INFO - WebSocket connected. Total connections: 5
2025-10-30 10:06:20,409 - camera_ai_app - WARNING - Map not found for area_id: 5
2025-10-30 10:06:25,682 - camera_ai_app - INFO - User '68f1a5d4991d17d6c5c5ae99' has wildcard permission (*) - granting ALL permissions
2025-10-30 10:06:26,077 - camera_ai_app - INFO - User '68f1a5d4991d17d6c5c5ae99' has wildcard permission (*) - granting ALL permissions
2025-10-30 10:06:38,647 - camera_ai_app - INFO - WebSocket connected. Total connections: 6
2025-10-30 10:06:58,989 - camera_ai_app - INFO - Area created successfully: 7 - we
2025-10-30 10:07:26,026 - camera_ai_app - INFO - Saved new map for area_id 7 (map_id: 6902d66d05fa7c0ef93a03f6)
2025-10-30 10:07:29,130 - camera_ai_app - INFO - WebSocket connected. Total connections: 7
2025-10-30 10:07:42,290 - camera_ai_app - INFO - Deleted existing map for area_id 7 (deleted count: 1)
2025-10-30 10:07:42,407 - camera_ai_app - INFO - Saved new map for area_id 7 (map_id: 6902d67e05fa7c0ef93a03f7)
2025-10-30 10:07:49,303 - camera_ai_app - INFO - WebSocket connected. Total connections: 8
2025-10-30 10:07:54,010 - camera_ai_app - ERROR - Error broadcasting message: 
2025-10-30 10:07:54,010 - camera_ai_app - ERROR - Error broadcasting message: 
2025-10-30 10:07:54,010 - camera_ai_app - ERROR - Error broadcasting message: 
2025-10-30 10:07:54,010 - camera_ai_app - ERROR - Error broadcasting message: 
2025-10-30 10:07:54,010 - camera_ai_app - ERROR - Error broadcasting message: 
2025-10-30 10:07:54,010 - camera_ai_app - ERROR - Error broadcasting message: 
2025-10-30 10:07:54,011 - camera_ai_app - ERROR - Error broadcasting message: 
2025-10-30 10:07:54,011 - camera_ai_app - ERROR - Error broadcasting message: 
2025-10-30 10:07:54,012 - camera_ai_app - INFO - WebSocket disconnected. Total connections: 7
2025-10-30 10:07:54,012 - camera_ai_app - INFO - WebSocket disconnected. Total connections: 6
2025-10-30 10:07:54,012 - camera_ai_app - INFO - WebSocket disconnected. Total connections: 5
2025-10-30 10:07:54,012 - camera_ai_app - INFO - WebSocket disconnected. Total connections: 4
2025-10-30 10:07:54,013 - camera_ai_app - INFO - WebSocket disconnected. Total connections: 3
2025-10-30 10:07:54,013 - camera_ai_app - INFO - WebSocket disconnected. Total connections: 2
2025-10-30 10:07:54,013 - camera_ai_app - INFO - WebSocket disconnected. Total connections: 1
2025-10-30 10:07:54,014 - camera_ai_app - INFO - WebSocket disconnected. Total connections: 0
2025-10-30 10:07:54,089 - camera_ai_app - INFO - WebSocket connected. Total connections: 1
2025-10-30 10:08:37,427 - camera_ai_app - INFO - Login success for username='hau_admin'
2025-10-30 10:08:37,548 - camera_ai_app - INFO - User '68f1a5d4991d17d6c5c5ae99' has wildcard permission (*) - granting ALL permissions
2025-10-30 10:08:38,736 - camera_ai_app - INFO - WebSocket connected. Total connections: 2
2025-10-30 10:08:39,192 - camera_ai_app - INFO - User '68f1a5d4991d17d6c5c5ae99' has wildcard permission (*) - granting ALL permissions
2025-10-30 10:08:39,664 - camera_ai_app - INFO - User 'hau_admin' granted admin access via 'admin' role
2025-10-30 10:08:39,723 - camera_ai_app - INFO - User '68f1a5d4991d17d6c5c5ae99' has wildcard permission (*) - granting ALL permissions
2025-10-30 10:08:39,768 - camera_ai_app - INFO - User 'hau_admin' granted admin access via 'admin' role
2025-10-30 10:08:45,028 - camera_ai_app - INFO - User '68f1a5d4991d17d6c5c5ae99' has wildcard permission (*) - granting ALL permissions
2025-10-30 10:08:45,411 - camera_ai_app - INFO - User 'hau_admin' granted admin access via 'admin' role
2025-10-30 10:08:45,416 - camera_ai_app - INFO - User '68f1a5d4991d17d6c5c5ae99' has wildcard permission (*) - granting ALL permissions
2025-10-30 10:08:45,536 - camera_ai_app - INFO - User 'hau_admin' granted admin access via 'admin' role
2025-10-30 10:08:46,181 - camera_ai_app - INFO - User 'hau_admin' granted admin access via 'admin' role
2025-10-30 10:08:50,704 - camera_ai_app - INFO - User 'hau_admin' granted admin access via 'admin' role
2025-10-30 10:08:56,220 - camera_ai_app - INFO - User 'hau_admin' granted admin access via 'admin' role
2025-10-30 10:09:28,349 - camera_ai_app - INFO - User 'hau_admin' granted admin access via 'admin' role
2025-10-30 10:09:32,013 - camera_ai_app - INFO - User 'hau_admin' granted admin access via 'admin' role
2025-10-30 10:09:34,041 - camera_ai_app - INFO - User 'hau_admin' granted admin access via 'admin' role
2025-10-30 10:09:42,613 - camera_ai_app - INFO - User 'hau_admin' granted admin access via 'admin' role
2025-10-30 10:09:48,549 - camera_ai_app - INFO - User 'hau_admin' granted admin access via 'admin' role
2025-10-30 10:09:55,633 - camera_ai_app - INFO - User 'hau_admin' granted admin access via 'admin' role
2025-10-30 10:10:02,706 - camera_ai_app - INFO - User '68f1a5d4991d17d6c5c5ae99' has wildcard permission (*) - granting ALL permissions
2025-10-30 10:10:03,118 - camera_ai_app - WARNING - Permission denied: User 'hau_admin' lacks permission 'users:read'
2025-10-30 10:10:25,120 - camera_ai_app - INFO - Login success for username='hau_admin'
2025-10-30 10:10:39,007 - camera_ai_app - ERROR - Error broadcasting message: 
2025-10-30 10:10:39,007 - camera_ai_app - ERROR - Error broadcasting message: 
2025-10-30 10:10:39,007 - camera_ai_app - INFO - WebSocket disconnected. Total connections: 1
2025-10-30 10:10:39,008 - camera_ai_app - INFO - WebSocket disconnected. Total connections: 0
2025-10-30 10:10:41,099 - camera_ai_app - INFO - Login success for username='khang_admin'
2025-10-30 10:10:41,225 - camera_ai_app - INFO - User '68f214016f9a2421e62e37ad' has wildcard permission (*) - granting ALL permissions
2025-10-30 10:10:42,841 - camera_ai_app - INFO - WebSocket connected. Total connections: 1
2025-10-30 10:10:43,301 - camera_ai_app - INFO - User '68f214016f9a2421e62e37ad' has wildcard permission (*) - granting ALL permissions
2025-10-30 10:10:43,769 - camera_ai_app - INFO - User 'khang_admin' granted admin access via 'admin' role
2025-10-30 10:10:43,829 - camera_ai_app - INFO - User '68f214016f9a2421e62e37ad' has wildcard permission (*) - granting ALL permissions
2025-10-30 10:10:43,861 - camera_ai_app - INFO - User 'khang_admin' granted admin access via 'admin' role
2025-10-30 10:10:52,943 - camera_ai_app - INFO - User '68f214016f9a2421e62e37ad' has wildcard permission (*) - granting ALL permissions
2025-10-30 10:10:53,467 - camera_ai_app - INFO - User '68f214016f9a2421e62e37ad' has wildcard permission (*) - granting ALL permissions
2025-10-30 10:34:14,182 - camera_ai_app - INFO - User '68f214016f9a2421e62e37ad' has wildcard permission (*) - granting ALL permissions
2025-10-30 10:34:14,555 - camera_ai_app - INFO - User 'khang_admin' granted admin access via 'admin' role
2025-10-30 10:34:14,579 - camera_ai_app - INFO - User '68f214016f9a2421e62e37ad' has wildcard permission (*) - granting ALL permissions
2025-10-30 10:34:14,654 - camera_ai_app - INFO - User 'khang_admin' granted admin access via 'admin' role
2025-10-30 10:34:35,847 - camera_ai_app - INFO - User '68f214016f9a2421e62e37ad' has wildcard permission (*) - granting ALL permissions
2025-10-30 10:34:36,220 - camera_ai_app - INFO - User 'khang_admin' granted admin access via 'admin' role
2025-10-30 10:34:36,253 - camera_ai_app - INFO - User '68f214016f9a2421e62e37ad' has wildcard permission (*) - granting ALL permissions
2025-10-30 10:34:36,319 - camera_ai_app - INFO - User 'khang_admin' granted admin access via 'admin' role
2025-10-30 10:40:49,298 - camera_ai_app - INFO - WebSocket connected. Total connections: 2
2025-10-30 10:46:11,370 - camera_ai_app - INFO - WebSocket connected. Total connections: 3
2025-10-30 10:49:50,155 - camera_ai_app - INFO - WebSocket connected. Total connections: 4
2025-10-30 10:50:30,458 - camera_ai_app - INFO - WebSocket connected. Total connections: 5
2025-10-30 11:03:53,340 - camera_ai_app - INFO - WebSocket connected. Total connections: 6
2025-10-30 11:41:12,821 - camera_ai_app - INFO - WebSocket connected. Total connections: 7
2025-10-30 14:29:27,007 - camera_ai_app - ERROR - Error broadcasting message: 
2025-10-30 14:29:27,009 - camera_ai_app - ERROR - Error broadcasting message: 
2025-10-30 14:29:27,009 - camera_ai_app - ERROR - Error broadcasting message: 
2025-10-30 14:29:27,009 - camera_ai_app - ERROR - Error broadcasting message: 
2025-10-30 14:29:27,009 - camera_ai_app - ERROR - Error broadcasting message: 
2025-10-30 14:29:27,009 - camera_ai_app - ERROR - Error broadcasting message: 
2025-10-30 14:29:27,010 - camera_ai_app - INFO - WebSocket disconnected. Total connections: 6
2025-10-30 14:29:27,010 - camera_ai_app - INFO - WebSocket disconnected. Total connections: 5
2025-10-30 14:29:27,011 - camera_ai_app - INFO - WebSocket disconnected. Total connections: 4
2025-10-30 14:29:27,011 - camera_ai_app - INFO - WebSocket disconnected. Total connections: 3
2025-10-30 14:29:27,011 - camera_ai_app - INFO - WebSocket disconnected. Total connections: 2
2025-10-30 14:29:27,011 - camera_ai_app - INFO - WebSocket disconnected. Total connections: 1
2025-10-30 16:32:32,255 - camera_ai_app - ERROR - Error broadcasting message: 
2025-10-30 16:32:32,255 - camera_ai_app - INFO - WebSocket disconnected. Total connections: 0
2025-10-30 16:42:49,864 - camera_ai_app - INFO - WebSocket connected. Total connections: 1
2025-10-30 16:46:04,802 - camera_ai_app - INFO - WebSocket connected. Total connections: 2
2025-10-30 16:46:29,075 - camera_ai_app - INFO - Login success for username='hau_admin'
2025-10-30 16:46:39,048 - camera_ai_app - ERROR - Error broadcasting message: 
2025-10-30 16:46:39,049 - camera_ai_app - INFO - WebSocket disconnected. Total connections: 1
2025-10-30 16:46:44,244 - camera_ai_app - INFO - Login success for username='khang_admin'
2025-10-30 16:46:44,404 - camera_ai_app - INFO - User '68f214016f9a2421e62e37ad' has wildcard permission (*) - granting ALL permissions
2025-10-30 16:46:46,252 - camera_ai_app - INFO - WebSocket connected. Total connections: 2
2025-10-30 16:48:08,763 - camera_ai_app - INFO - User '68f214016f9a2421e62e37ad' has wildcard permission (*) - granting ALL permissions
2025-10-30 16:48:09,311 - camera_ai_app - INFO - User '68f214016f9a2421e62e37ad' has wildcard permission (*) - granting ALL permissions
2025-10-30 16:56:18,046 - camera_ai_app - ERROR - Error broadcasting message: 
2025-10-30 16:56:18,047 - camera_ai_app - INFO - WebSocket disconnected. Total connections: 1
2025-10-30 17:08:00,195 - camera_ai_app - INFO - Starting CameraAI Backend...
2025-10-30 17:08:00,195 - camera_ai_app - INFO - Connecting to MongoDB: mongodb+srv://CamAI_DB:Xinhzai1102%40%40@cluster0.1xazymq.mongodb.net/
2025-10-30 17:08:05,704 - camera_ai_app - INFO - Connected to MongoDB: CamAI_Honda
2025-10-30 17:08:05,706 - camera_ai_app - INFO - AGV Scheduler started successfully. Job scheduled at 23:00 daily.
2025-10-30 17:08:05,707 - camera_ai_app - INFO - Scheduled job: Reverse Dashboard Data Daily at 11 PM - Next run: 2025-10-30 23:00:00+07:00
2025-10-30 17:08:05,707 - camera_ai_app - INFO - AGV Scheduler started
2025-10-30 17:08:05,985 - camera_ai_app - INFO - WebSocket connected. Total connections: 1
