2025-10-29 08:43:08,770 - camera_ai_app - INFO - Starting CameraAI Backend...
2025-10-29 08:43:08,771 - camera_ai_app - INFO - Connecting to MongoDB: mongodb+srv://CamAI_DB:Xinhzai1102%40%40@cluster0.1xazymq.mongodb.net/
2025-10-29 08:43:14,335 - camera_ai_app - INFO - Connected to MongoDB: CamAI_Honda
2025-10-29 08:43:14,358 - camera_ai_app - INFO - AGV Scheduler started successfully. Job scheduled at 23:00 daily.
2025-10-29 08:43:14,358 - camera_ai_app - INFO - Scheduled job: Reverse Dashboard Data Daily at 11 PM - Next run: 2025-10-29 23:00:00+07:00
2025-10-29 08:43:14,358 - camera_ai_app - INFO - AGV Scheduler started
2025-10-29 08:58:17,295 - camera_ai_app - INFO - Login success for username='hau_admin'
2025-10-29 08:58:17,467 - camera_ai_app - INFO - User '68f1a5d4991d17d6c5c5ae99' has wildcard permission (*) - granting ALL permissions
2025-10-29 08:58:18,816 - camera_ai_app - INFO - WebSocket connected. Total connections: 1
2025-10-29 08:58:23,537 - camera_ai_app - INFO - User '68f1a5d4991d17d6c5c5ae99' has wildcard permission (*) - granting ALL permissions
2025-10-29 08:58:24,025 - camera_ai_app - INFO - User '68f1a5d4991d17d6c5c5ae99' has wildcard permission (*) - granting ALL permissions
2025-10-29 09:00:22,534 - camera_ai_app - INFO - WebSocket connected. Total connections: 2
2025-10-29 09:00:52,092 - camera_ai_app - INFO - User '68f1a5d4991d17d6c5c5ae99' has wildcard permission (*) - granting ALL permissions
2025-10-29 09:00:52,469 - camera_ai_app - INFO - User 'hau_admin' granted admin access via 'admin' role
2025-10-29 09:00:52,473 - camera_ai_app - INFO - User '68f1a5d4991d17d6c5c5ae99' has wildcard permission (*) - granting ALL permissions
2025-10-29 09:00:52,585 - camera_ai_app - INFO - User 'hau_admin' granted admin access via 'admin' role
2025-10-29 09:01:33,877 - camera_ai_app - INFO - WebSocket connected. Total connections: 3
2025-10-29 09:01:38,326 - camera_ai_app - INFO - User '68f1a5d4991d17d6c5c5ae99' has wildcard permission (*) - granting ALL permissions
2025-10-29 09:01:38,658 - camera_ai_app - INFO - User 'hau_admin' granted admin access via 'admin' role
2025-10-29 09:01:38,695 - camera_ai_app - INFO - User '68f1a5d4991d17d6c5c5ae99' has wildcard permission (*) - granting ALL permissions
2025-10-29 09:01:38,734 - camera_ai_app - INFO - User 'hau_admin' granted admin access via 'admin' role
2025-10-29 09:01:41,203 - camera_ai_app - INFO - WebSocket connected. Total connections: 4
2025-10-29 09:02:52,925 - camera_ai_app - INFO - WebSocket connected. Total connections: 5
2025-10-29 09:12:45,923 - camera_ai_app - INFO - User '68f1a5d4991d17d6c5c5ae99' has wildcard permission (*) - granting ALL permissions
2025-10-29 09:12:46,306 - camera_ai_app - INFO - User '68f1a5d4991d17d6c5c5ae99' has wildcard permission (*) - granting ALL permissions
2025-10-29 09:12:48,078 - camera_ai_app - INFO - User '68f1a5d4991d17d6c5c5ae99' has wildcard permission (*) - granting ALL permissions
2025-10-29 09:12:48,462 - camera_ai_app - INFO - User '68f1a5d4991d17d6c5c5ae99' has wildcard permission (*) - granting ALL permissions
2025-10-29 09:16:21,008 - camera_ai_app - ERROR - Error broadcasting message: 
2025-10-29 09:16:21,009 - camera_ai_app - ERROR - Error broadcasting message: 
2025-10-29 09:16:21,009 - camera_ai_app - ERROR - Error broadcasting message: 
2025-10-29 09:16:21,009 - camera_ai_app - ERROR - Error broadcasting message: 
2025-10-29 09:16:21,009 - camera_ai_app - ERROR - Error broadcasting message: 
2025-10-29 09:16:21,009 - camera_ai_app - INFO - WebSocket disconnected. Total connections: 4
2025-10-29 09:16:21,010 - camera_ai_app - INFO - WebSocket disconnected. Total connections: 3
2025-10-29 09:16:21,010 - camera_ai_app - INFO - WebSocket disconnected. Total connections: 2
2025-10-29 09:16:21,010 - camera_ai_app - INFO - WebSocket disconnected. Total connections: 1
2025-10-29 09:16:21,011 - camera_ai_app - INFO - WebSocket disconnected. Total connections: 0
2025-10-29 09:17:35,483 - camera_ai_app - INFO - User '68f1a5d4991d17d6c5c5ae99' has wildcard permission (*) - granting ALL permissions
2025-10-29 09:17:36,229 - camera_ai_app - INFO - User '68f1a5d4991d17d6c5c5ae99' has wildcard permission (*) - granting ALL permissions
2025-10-29 09:17:38,124 - camera_ai_app - INFO - WebSocket connected. Total connections: 1
2025-10-29 09:18:33,215 - camera_ai_app - INFO - User '68f1a5d4991d17d6c5c5ae99' has wildcard permission (*) - granting ALL permissions
2025-10-29 09:18:33,875 - camera_ai_app - INFO - User 'hau_admin' granted admin access via 'admin' role
2025-10-29 09:18:33,946 - camera_ai_app - INFO - User '68f1a5d4991d17d6c5c5ae99' has wildcard permission (*) - granting ALL permissions
2025-10-29 09:18:34,038 - camera_ai_app - INFO - User 'hau_admin' granted admin access via 'admin' role
2025-10-29 09:26:04,437 - camera_ai_app - INFO - User '68f1a5d4991d17d6c5c5ae99' has wildcard permission (*) - granting ALL permissions
2025-10-29 09:26:04,800 - camera_ai_app - INFO - User 'hau_admin' granted admin access via 'admin' role
2025-10-29 09:26:04,818 - camera_ai_app - INFO - User '68f1a5d4991d17d6c5c5ae99' has wildcard permission (*) - granting ALL permissions
2025-10-29 09:26:04,892 - camera_ai_app - INFO - User 'hau_admin' granted admin access via 'admin' role
2025-10-29 09:26:06,010 - camera_ai_app - ERROR - Error broadcasting message: 
2025-10-29 09:26:06,010 - camera_ai_app - INFO - WebSocket disconnected. Total connections: 0
2025-10-29 09:27:22,297 - camera_ai_app - INFO - User 'hau_admin' granted admin access via 'admin' role
2025-10-29 09:27:52,181 - camera_ai_app - INFO - User 'hau_admin' granted admin access via 'admin' role
2025-10-29 09:30:01,195 - camera_ai_app - INFO - Login success for username='hau_admin'
2025-10-29 09:30:01,307 - camera_ai_app - INFO - User '68f1a5d4991d17d6c5c5ae99' has wildcard permission (*) - granting ALL permissions
2025-10-29 09:30:03,167 - camera_ai_app - INFO - WebSocket connected. Total connections: 1
2025-10-29 09:30:05,507 - camera_ai_app - INFO - User '68f1a5d4991d17d6c5c5ae99' has wildcard permission (*) - granting ALL permissions
2025-10-29 09:30:05,852 - camera_ai_app - INFO - User 'hau_admin' granted admin access via 'admin' role
2025-10-29 09:30:05,875 - camera_ai_app - INFO - User '68f1a5d4991d17d6c5c5ae99' has wildcard permission (*) - granting ALL permissions
2025-10-29 09:30:05,947 - camera_ai_app - INFO - User 'hau_admin' granted admin access via 'admin' role
2025-10-29 09:30:34,762 - camera_ai_app - INFO - User '68f1a5d4991d17d6c5c5ae99' has wildcard permission (*) - granting ALL permissions
2025-10-29 09:30:35,118 - camera_ai_app - INFO - User 'hau_admin' granted admin access via 'admin' role
2025-10-29 09:30:35,138 - camera_ai_app - INFO - User '68f1a5d4991d17d6c5c5ae99' has wildcard permission (*) - granting ALL permissions
2025-10-29 09:30:35,210 - camera_ai_app - INFO - User 'hau_admin' granted admin access via 'admin' role
2025-10-29 09:30:39,006 - camera_ai_app - ERROR - Error broadcasting message: 
2025-10-29 09:30:39,006 - camera_ai_app - INFO - WebSocket disconnected. Total connections: 0
2025-10-29 09:30:55,190 - camera_ai_app - INFO - User 'hau_admin' granted admin access via 'admin' role
2025-10-29 09:31:10,903 - camera_ai_app - INFO - User 'hau_admin' granted admin access via 'admin' role
2025-10-29 09:31:13,980 - camera_ai_app - INFO - User 'hau_admin' granted admin access via 'admin' role
2025-10-29 09:31:59,723 - camera_ai_app - INFO - User 'hau_admin' granted admin access via 'admin' role
2025-10-29 09:36:18,470 - camera_ai_app - INFO - User 'hau_admin' granted admin access via 'admin' role
2025-10-29 09:46:01,351 - camera_ai_app - INFO - User 'hau_admin' granted admin access via 'admin' role
2025-10-29 09:46:37,126 - camera_ai_app - INFO - User 'hau_admin' granted admin access via 'admin' role
2025-10-29 09:51:23,352 - camera_ai_app - INFO - User '68f1a5d4991d17d6c5c5ae99' has wildcard permission (*) - granting ALL permissions
2025-10-29 09:51:23,720 - camera_ai_app - INFO - User 'hau_admin' granted admin access via 'admin' role
2025-10-29 09:51:23,728 - camera_ai_app - INFO - User '68f1a5d4991d17d6c5c5ae99' has wildcard permission (*) - granting ALL permissions
2025-10-29 09:51:23,813 - camera_ai_app - INFO - User 'hau_admin' granted admin access via 'admin' role
2025-10-29 09:51:29,371 - camera_ai_app - INFO - User '68f1a5d4991d17d6c5c5ae99' has wildcard permission (*) - granting ALL permissions
2025-10-29 09:51:29,741 - camera_ai_app - INFO - User 'hau_admin' granted admin access via 'admin' role
2025-10-29 09:51:29,772 - camera_ai_app - INFO - User '68f1a5d4991d17d6c5c5ae99' has wildcard permission (*) - granting ALL permissions
2025-10-29 09:51:29,831 - camera_ai_app - INFO - User 'hau_admin' granted admin access via 'admin' role
2025-10-29 09:53:16,978 - camera_ai_app - INFO - User 'hau_admin' granted admin access via 'admin' role
2025-10-29 09:53:36,994 - camera_ai_app - INFO - User 'hau_admin' granted admin access via 'admin' role
2025-10-29 10:10:02,810 - camera_ai_app - INFO - Login success for username='hau_admin'
2025-10-29 10:10:02,955 - camera_ai_app - INFO - User '68f1a5d4991d17d6c5c5ae99' has wildcard permission (*) - granting ALL permissions
2025-10-29 10:10:04,806 - camera_ai_app - INFO - WebSocket connected. Total connections: 1
2025-10-29 10:10:08,009 - camera_ai_app - INFO - User '68f1a5d4991d17d6c5c5ae99' has wildcard permission (*) - granting ALL permissions
2025-10-29 10:10:08,387 - camera_ai_app - INFO - User 'hau_admin' granted admin access via 'admin' role
2025-10-29 10:10:08,410 - camera_ai_app - INFO - User '68f1a5d4991d17d6c5c5ae99' has wildcard permission (*) - granting ALL permissions
2025-10-29 10:10:08,479 - camera_ai_app - INFO - User 'hau_admin' granted admin access via 'admin' role
2025-10-29 10:13:00,007 - camera_ai_app - ERROR - Error broadcasting message: 
2025-10-29 10:13:00,007 - camera_ai_app - INFO - WebSocket disconnected. Total connections: 0
2025-10-29 10:25:03,389 - camera_ai_app - INFO - User '68f1a5d4991d17d6c5c5ae99' has wildcard permission (*) - granting ALL permissions
2025-10-29 10:25:03,745 - camera_ai_app - INFO - User 'hau_admin' granted admin access via 'admin' role
2025-10-29 10:25:03,760 - camera_ai_app - INFO - User '68f1a5d4991d17d6c5c5ae99' has wildcard permission (*) - granting ALL permissions
2025-10-29 10:25:03,834 - camera_ai_app - INFO - User 'hau_admin' granted admin access via 'admin' role
2025-10-29 10:35:38,607 - camera_ai_app - INFO - User '68f1a5d4991d17d6c5c5ae99' has wildcard permission (*) - granting ALL permissions
2025-10-29 10:35:38,955 - camera_ai_app - INFO - User 'hau_admin' granted admin access via 'admin' role
2025-10-29 10:35:38,975 - camera_ai_app - INFO - User '68f1a5d4991d17d6c5c5ae99' has wildcard permission (*) - granting ALL permissions
2025-10-29 10:35:39,043 - camera_ai_app - INFO - User 'hau_admin' granted admin access via 'admin' role
2025-10-29 10:47:21,641 - camera_ai_app - INFO - Login success for username='hau_admin'
2025-10-29 10:47:21,753 - camera_ai_app - INFO - User '68f1a5d4991d17d6c5c5ae99' has wildcard permission (*) - granting ALL permissions
2025-10-29 10:47:23,241 - camera_ai_app - INFO - WebSocket connected. Total connections: 1
2025-10-29 10:47:23,661 - camera_ai_app - INFO - User '68f1a5d4991d17d6c5c5ae99' has wildcard permission (*) - granting ALL permissions
2025-10-29 10:47:24,021 - camera_ai_app - INFO - User 'hau_admin' granted admin access via 'admin' role
2025-10-29 10:47:24,037 - camera_ai_app - INFO - User '68f1a5d4991d17d6c5c5ae99' has wildcard permission (*) - granting ALL permissions
2025-10-29 10:47:24,109 - camera_ai_app - INFO - User 'hau_admin' granted admin access via 'admin' role
2025-10-29 10:54:53,409 - camera_ai_app - INFO - User '68f1a5d4991d17d6c5c5ae99' has wildcard permission (*) - granting ALL permissions
2025-10-29 10:54:53,797 - camera_ai_app - INFO - User '68f1a5d4991d17d6c5c5ae99' has wildcard permission (*) - granting ALL permissions
2025-10-29 10:54:53,812 - camera_ai_app - INFO - User 'hau_admin' granted admin access via 'admin' role
2025-10-29 10:54:53,901 - camera_ai_app - INFO - User 'hau_admin' granted admin access via 'admin' role
2025-10-29 10:55:04,042 - camera_ai_app - INFO - User '68f1a5d4991d17d6c5c5ae99' has wildcard permission (*) - granting ALL permissions
2025-10-29 10:55:04,401 - camera_ai_app - INFO - User 'hau_admin' granted admin access via 'admin' role
2025-10-29 10:55:04,433 - camera_ai_app - INFO - User '68f1a5d4991d17d6c5c5ae99' has wildcard permission (*) - granting ALL permissions
2025-10-29 10:55:04,494 - camera_ai_app - INFO - User 'hau_admin' granted admin access via 'admin' role
2025-10-29 10:58:09,007 - camera_ai_app - ERROR - Error broadcasting message: 
2025-10-29 10:58:09,008 - camera_ai_app - INFO - WebSocket disconnected. Total connections: 0
2025-10-29 11:41:46,104 - camera_ai_app - INFO - Login success for username='hau_admin'
2025-10-29 11:41:46,216 - camera_ai_app - INFO - User '68f1a5d4991d17d6c5c5ae99' has wildcard permission (*) - granting ALL permissions
2025-10-29 11:41:47,878 - camera_ai_app - INFO - WebSocket connected. Total connections: 1
2025-10-29 11:41:48,337 - camera_ai_app - INFO - User '68f1a5d4991d17d6c5c5ae99' has wildcard permission (*) - granting ALL permissions
2025-10-29 11:41:48,709 - camera_ai_app - INFO - User '68f1a5d4991d17d6c5c5ae99' has wildcard permission (*) - granting ALL permissions
2025-10-29 11:41:48,729 - camera_ai_app - INFO - User 'hau_admin' granted admin access via 'admin' role
2025-10-29 11:41:48,816 - camera_ai_app - INFO - User 'hau_admin' granted admin access via 'admin' role
2025-10-29 11:42:47,418 - camera_ai_app - WARNING - Invalid area ID format: 1
2025-10-29 11:44:03,559 - camera_ai_app - INFO - User '68f1a5d4991d17d6c5c5ae99' has wildcard permission (*) - granting ALL permissions
2025-10-29 11:44:03,918 - camera_ai_app - INFO - User 'hau_admin' granted admin access via 'admin' role
2025-10-29 11:44:03,943 - camera_ai_app - INFO - User '68f1a5d4991d17d6c5c5ae99' has wildcard permission (*) - granting ALL permissions
2025-10-29 11:44:04,006 - camera_ai_app - INFO - User 'hau_admin' granted admin access via 'admin' role
2025-10-29 11:52:16,422 - camera_ai_app - INFO - User '68f1a5d4991d17d6c5c5ae99' has wildcard permission (*) - granting ALL permissions
2025-10-29 11:52:16,941 - camera_ai_app - INFO - User 'hau_admin' granted admin access via 'admin' role
2025-10-29 11:52:16,993 - camera_ai_app - INFO - User '68f1a5d4991d17d6c5c5ae99' has wildcard permission (*) - granting ALL permissions
2025-10-29 11:52:17,073 - camera_ai_app - INFO - User 'hau_admin' granted admin access via 'admin' role
2025-10-29 11:54:43,380 - camera_ai_app - INFO - User '68f1a5d4991d17d6c5c5ae99' has wildcard permission (*) - granting ALL permissions
2025-10-29 11:54:43,904 - camera_ai_app - INFO - User '68f1a5d4991d17d6c5c5ae99' has wildcard permission (*) - granting ALL permissions
2025-10-29 11:54:43,907 - camera_ai_app - INFO - User 'hau_admin' granted admin access via 'admin' role
2025-10-29 11:54:44,032 - camera_ai_app - INFO - User 'hau_admin' granted admin access via 'admin' role
2025-10-29 11:55:17,881 - camera_ai_app - INFO - WebSocket connected. Total connections: 2
2025-10-29 11:57:21,039 - camera_ai_app - INFO - User '68f1a5d4991d17d6c5c5ae99' has wildcard permission (*) - granting ALL permissions
2025-10-29 11:57:21,519 - camera_ai_app - INFO - User 'hau_admin' granted admin access via 'admin' role
2025-10-29 11:57:21,563 - camera_ai_app - INFO - User '68f1a5d4991d17d6c5c5ae99' has wildcard permission (*) - granting ALL permissions
2025-10-29 11:57:21,644 - camera_ai_app - INFO - User 'hau_admin' granted admin access via 'admin' role
2025-10-29 12:37:18,008 - camera_ai_app - ERROR - Error broadcasting message: 
2025-10-29 12:37:18,009 - camera_ai_app - ERROR - Error broadcasting message: 
2025-10-29 12:37:18,009 - camera_ai_app - INFO - WebSocket disconnected. Total connections: 1
2025-10-29 12:37:18,009 - camera_ai_app - INFO - WebSocket disconnected. Total connections: 0
2025-10-29 13:56:21,737 - camera_ai_app - INFO - WebSocket connected. Total connections: 1
2025-10-29 13:56:26,967 - camera_ai_app - INFO - WebSocket connected. Total connections: 2
2025-10-29 13:56:57,037 - camera_ai_app - INFO - Login success for username='hau_admin'
2025-10-29 13:56:57,199 - camera_ai_app - INFO - User '68f1a5d4991d17d6c5c5ae99' has wildcard permission (*) - granting ALL permissions
2025-10-29 13:56:58,736 - camera_ai_app - INFO - WebSocket connected. Total connections: 3
2025-10-29 13:57:01,447 - camera_ai_app - INFO - User '68f1a5d4991d17d6c5c5ae99' has wildcard permission (*) - granting ALL permissions
2025-10-29 13:57:01,971 - camera_ai_app - INFO - User '68f1a5d4991d17d6c5c5ae99' has wildcard permission (*) - granting ALL permissions
2025-10-29 14:03:34,862 - camera_ai_app - INFO - User '68f1a5d4991d17d6c5c5ae99' has wildcard permission (*) - granting ALL permissions
2025-10-29 14:03:35,402 - camera_ai_app - INFO - User '68f1a5d4991d17d6c5c5ae99' has wildcard permission (*) - granting ALL permissions
2025-10-29 14:03:41,702 - camera_ai_app - INFO - User '68f1a5d4991d17d6c5c5ae99' has wildcard permission (*) - granting ALL permissions
2025-10-29 14:03:42,317 - camera_ai_app - INFO - User '68f1a5d4991d17d6c5c5ae99' has wildcard permission (*) - granting ALL permissions
2025-10-29 14:05:32,270 - camera_ai_app - INFO - WebSocket connected. Total connections: 4
2025-10-29 14:05:35,817 - camera_ai_app - INFO - User '68f1a5d4991d17d6c5c5ae99' has wildcard permission (*) - granting ALL permissions
2025-10-29 14:05:36,311 - camera_ai_app - INFO - User 'hau_admin' granted admin access via 'admin' role
2025-10-29 14:05:36,345 - camera_ai_app - INFO - User '68f1a5d4991d17d6c5c5ae99' has wildcard permission (*) - granting ALL permissions
2025-10-29 14:05:36,439 - camera_ai_app - INFO - User 'hau_admin' granted admin access via 'admin' role
2025-10-29 14:05:40,865 - camera_ai_app - INFO - User '68f1a5d4991d17d6c5c5ae99' has wildcard permission (*) - granting ALL permissions
2025-10-29 14:05:41,393 - camera_ai_app - INFO - User '68f1a5d4991d17d6c5c5ae99' has wildcard permission (*) - granting ALL permissions
2025-10-29 14:07:31,852 - camera_ai_app - INFO - User '68f1a5d4991d17d6c5c5ae99' has wildcard permission (*) - granting ALL permissions
2025-10-29 14:07:32,376 - camera_ai_app - INFO - User '68f1a5d4991d17d6c5c5ae99' has wildcard permission (*) - granting ALL permissions
2025-10-29 14:07:33,007 - camera_ai_app - ERROR - Error broadcasting message: 
2025-10-29 14:07:33,008 - camera_ai_app - ERROR - Error broadcasting message: 
2025-10-29 14:07:33,008 - camera_ai_app - ERROR - Error broadcasting message: 
2025-10-29 14:07:33,009 - camera_ai_app - ERROR - Error broadcasting message: 
2025-10-29 14:07:33,009 - camera_ai_app - INFO - WebSocket disconnected. Total connections: 3
2025-10-29 14:07:33,009 - camera_ai_app - INFO - WebSocket disconnected. Total connections: 2
2025-10-29 14:07:33,009 - camera_ai_app - INFO - WebSocket disconnected. Total connections: 1
2025-10-29 14:07:33,009 - camera_ai_app - INFO - WebSocket disconnected. Total connections: 0
2025-10-29 14:07:51,195 - camera_ai_app - ERROR - Cannot open camera stream for streaming: rtsp://127.0.0.1:8554/cam2
2025-10-29 14:09:26,811 - camera_ai_app - INFO - User '68f1a5d4991d17d6c5c5ae99' has wildcard permission (*) - granting ALL permissions
2025-10-29 14:09:27,355 - camera_ai_app - INFO - User '68f1a5d4991d17d6c5c5ae99' has wildcard permission (*) - granting ALL permissions
2025-10-29 14:11:20,252 - camera_ai_app - INFO - User '68f1a5d4991d17d6c5c5ae99' has wildcard permission (*) - granting ALL permissions
2025-10-29 14:11:20,780 - camera_ai_app - INFO - User '68f1a5d4991d17d6c5c5ae99' has wildcard permission (*) - granting ALL permissions
2025-10-29 14:24:39,874 - camera_ai_app - INFO - User '68f1a5d4991d17d6c5c5ae99' has wildcard permission (*) - granting ALL permissions
2025-10-29 14:24:40,407 - camera_ai_app - INFO - User '68f1a5d4991d17d6c5c5ae99' has wildcard permission (*) - granting ALL permissions
2025-10-29 15:08:19,950 - camera_ai_app - INFO - Login success for username='hau_admin'
2025-10-29 15:08:20,111 - camera_ai_app - INFO - User '68f1a5d4991d17d6c5c5ae99' has wildcard permission (*) - granting ALL permissions
2025-10-29 15:08:22,022 - camera_ai_app - INFO - WebSocket connected. Total connections: 1
2025-10-29 15:08:23,880 - camera_ai_app - INFO - User '68f1a5d4991d17d6c5c5ae99' has wildcard permission (*) - granting ALL permissions
2025-10-29 15:08:24,418 - camera_ai_app - INFO - User '68f1a5d4991d17d6c5c5ae99' has wildcard permission (*) - granting ALL permissions
2025-10-29 15:11:11,967 - camera_ai_app - INFO - WebSocket connected. Total connections: 2
2025-10-29 15:11:14,872 - camera_ai_app - INFO - User '68f1a5d4991d17d6c5c5ae99' has wildcard permission (*) - granting ALL permissions
2025-10-29 15:11:15,225 - camera_ai_app - INFO - User 'hau_admin' granted admin access via 'admin' role
2025-10-29 15:11:15,244 - camera_ai_app - INFO - User '68f1a5d4991d17d6c5c5ae99' has wildcard permission (*) - granting ALL permissions
2025-10-29 15:11:15,312 - camera_ai_app - INFO - User 'hau_admin' granted admin access via 'admin' role
2025-10-29 15:11:16,048 - camera_ai_app - INFO - User '68f1a5d4991d17d6c5c5ae99' has wildcard permission (*) - granting ALL permissions
2025-10-29 15:11:16,389 - camera_ai_app - INFO - User 'hau_admin' granted admin access via 'admin' role
2025-10-29 15:11:16,420 - camera_ai_app - INFO - User '68f1a5d4991d17d6c5c5ae99' has wildcard permission (*) - granting ALL permissions
2025-10-29 15:11:16,480 - camera_ai_app - INFO - User 'hau_admin' granted admin access via 'admin' role
2025-10-29 15:11:19,000 - camera_ai_app - INFO - User '68f1a5d4991d17d6c5c5ae99' has wildcard permission (*) - granting ALL permissions
2025-10-29 15:11:19,372 - camera_ai_app - INFO - User '68f1a5d4991d17d6c5c5ae99' has wildcard permission (*) - granting ALL permissions
2025-10-29 15:11:21,408 - camera_ai_app - INFO - User '68f1a5d4991d17d6c5c5ae99' has wildcard permission (*) - granting ALL permissions
2025-10-29 15:11:21,781 - camera_ai_app - INFO - User '68f1a5d4991d17d6c5c5ae99' has wildcard permission (*) - granting ALL permissions
2025-10-29 15:18:26,010 - camera_ai_app - INFO - User '68f1a5d4991d17d6c5c5ae99' has wildcard permission (*) - granting ALL permissions
2025-10-29 15:18:26,397 - camera_ai_app - INFO - User '68f1a5d4991d17d6c5c5ae99' has wildcard permission (*) - granting ALL permissions
2025-10-29 15:18:27,006 - camera_ai_app - ERROR - Error broadcasting message: 
2025-10-29 15:18:27,007 - camera_ai_app - ERROR - Error broadcasting message: 
2025-10-29 15:18:27,007 - camera_ai_app - INFO - WebSocket disconnected. Total connections: 1
2025-10-29 15:18:27,008 - camera_ai_app - INFO - WebSocket disconnected. Total connections: 0
2025-10-29 15:24:36,422 - camera_ai_app - INFO - User '68f1a5d4991d17d6c5c5ae99' has wildcard permission (*) - granting ALL permissions
2025-10-29 15:24:36,805 - camera_ai_app - INFO - User '68f1a5d4991d17d6c5c5ae99' has wildcard permission (*) - granting ALL permissions
2025-10-29 15:26:54,753 - camera_ai_app - INFO - User '68f1a5d4991d17d6c5c5ae99' has wildcard permission (*) - granting ALL permissions
2025-10-29 15:26:55,138 - camera_ai_app - INFO - User '68f1a5d4991d17d6c5c5ae99' has wildcard permission (*) - granting ALL permissions
2025-10-29 15:35:18,916 - camera_ai_app - INFO - User '68f1a5d4991d17d6c5c5ae99' has wildcard permission (*) - granting ALL permissions
2025-10-29 15:35:19,304 - camera_ai_app - INFO - User '68f1a5d4991d17d6c5c5ae99' has wildcard permission (*) - granting ALL permissions
2025-10-29 15:42:45,596 - camera_ai_app - INFO - Login success for username='hau_admin'
2025-10-29 15:42:45,709 - camera_ai_app - INFO - User '68f1a5d4991d17d6c5c5ae99' has wildcard permission (*) - granting ALL permissions
2025-10-29 15:42:47,376 - camera_ai_app - INFO - WebSocket connected. Total connections: 1
2025-10-29 15:42:48,736 - camera_ai_app - INFO - User '68f1a5d4991d17d6c5c5ae99' has wildcard permission (*) - granting ALL permissions
2025-10-29 15:42:49,116 - camera_ai_app - INFO - User '68f1a5d4991d17d6c5c5ae99' has wildcard permission (*) - granting ALL permissions
2025-10-29 15:47:43,083 - camera_ai_app - INFO - User '68f1a5d4991d17d6c5c5ae99' has wildcard permission (*) - granting ALL permissions
2025-10-29 15:47:43,451 - camera_ai_app - INFO - User '68f1a5d4991d17d6c5c5ae99' has wildcard permission (*) - granting ALL permissions
2025-10-29 15:47:44,807 - camera_ai_app - INFO - User '68f1a5d4991d17d6c5c5ae99' has wildcard permission (*) - granting ALL permissions
2025-10-29 15:47:45,187 - camera_ai_app - INFO - User '68f1a5d4991d17d6c5c5ae99' has wildcard permission (*) - granting ALL permissions
2025-10-29 15:49:14,471 - camera_ai_app - INFO - User '68f1a5d4991d17d6c5c5ae99' has wildcard permission (*) - granting ALL permissions
2025-10-29 15:49:14,998 - camera_ai_app - INFO - User '68f1a5d4991d17d6c5c5ae99' has wildcard permission (*) - granting ALL permissions
2025-10-29 15:49:19,594 - camera_ai_app - INFO - User '68f1a5d4991d17d6c5c5ae99' has wildcard permission (*) - granting ALL permissions
2025-10-29 15:49:20,118 - camera_ai_app - INFO - User '68f1a5d4991d17d6c5c5ae99' has wildcard permission (*) - granting ALL permissions
2025-10-29 15:49:32,278 - camera_ai_app - INFO - User '68f1a5d4991d17d6c5c5ae99' has wildcard permission (*) - granting ALL permissions
2025-10-29 15:49:32,802 - camera_ai_app - INFO - User '68f1a5d4991d17d6c5c5ae99' has wildcard permission (*) - granting ALL permissions
2025-10-29 15:49:37,470 - camera_ai_app - INFO - User '68f1a5d4991d17d6c5c5ae99' has wildcard permission (*) - granting ALL permissions
2025-10-29 15:49:37,960 - camera_ai_app - INFO - User 'hau_admin' granted admin access via 'admin' role
2025-10-29 15:49:37,994 - camera_ai_app - INFO - User '68f1a5d4991d17d6c5c5ae99' has wildcard permission (*) - granting ALL permissions
2025-10-29 15:49:38,096 - camera_ai_app - INFO - User 'hau_admin' granted admin access via 'admin' role
2025-10-29 15:49:54,454 - camera_ai_app - INFO - User 'hau_admin' granted admin access via 'admin' role
2025-10-29 15:50:08,740 - camera_ai_app - INFO - WebSocket connected. Total connections: 2
2025-10-29 15:50:11,274 - camera_ai_app - INFO - User '68f1a5d4991d17d6c5c5ae99' has wildcard permission (*) - granting ALL permissions
2025-10-29 15:50:11,846 - camera_ai_app - INFO - User '68f1a5d4991d17d6c5c5ae99' has wildcard permission (*) - granting ALL permissions
2025-10-29 15:50:26,466 - camera_ai_app - INFO - User '68f1a5d4991d17d6c5c5ae99' has wildcard permission (*) - granting ALL permissions
2025-10-29 15:50:26,981 - camera_ai_app - INFO - User 'hau_admin' granted admin access via 'admin' role
2025-10-29 15:50:27,038 - camera_ai_app - INFO - User '68f1a5d4991d17d6c5c5ae99' has wildcard permission (*) - granting ALL permissions
2025-10-29 15:50:27,104 - camera_ai_app - INFO - User 'hau_admin' granted admin access via 'admin' role
2025-10-29 15:50:31,829 - camera_ai_app - INFO - WebSocket connected. Total connections: 3
2025-10-29 15:50:36,458 - camera_ai_app - INFO - User '68f1a5d4991d17d6c5c5ae99' has wildcard permission (*) - granting ALL permissions
2025-10-29 15:50:36,968 - camera_ai_app - INFO - User 'hau_admin' granted admin access via 'admin' role
2025-10-29 15:50:37,035 - camera_ai_app - INFO - User '68f1a5d4991d17d6c5c5ae99' has wildcard permission (*) - granting ALL permissions
2025-10-29 15:50:37,093 - camera_ai_app - INFO - User 'hau_admin' granted admin access via 'admin' role
2025-10-29 15:54:01,221 - camera_ai_app - INFO - WebSocket connected. Total connections: 4
2025-10-29 15:54:26,832 - camera_ai_app - INFO - WebSocket connected. Total connections: 5
2025-10-29 15:56:27,007 - camera_ai_app - ERROR - Error broadcasting message: 
2025-10-29 15:56:27,008 - camera_ai_app - ERROR - Error broadcasting message: 
2025-10-29 15:56:27,009 - camera_ai_app - ERROR - Error broadcasting message: 
2025-10-29 15:56:27,009 - camera_ai_app - ERROR - Error broadcasting message: 
2025-10-29 15:56:27,009 - camera_ai_app - ERROR - Error broadcasting message: 
2025-10-29 15:56:27,010 - camera_ai_app - INFO - WebSocket disconnected. Total connections: 4
2025-10-29 15:56:27,010 - camera_ai_app - INFO - WebSocket disconnected. Total connections: 3
2025-10-29 15:56:27,010 - camera_ai_app - INFO - WebSocket disconnected. Total connections: 2
2025-10-29 15:56:27,010 - camera_ai_app - INFO - WebSocket disconnected. Total connections: 1
2025-10-29 15:56:27,010 - camera_ai_app - INFO - WebSocket disconnected. Total connections: 0
2025-10-29 15:56:27,839 - camera_ai_app - INFO - User '68f1a5d4991d17d6c5c5ae99' has wildcard permission (*) - granting ALL permissions
2025-10-29 15:56:28,226 - camera_ai_app - INFO - WebSocket connected. Total connections: 1
2025-10-29 15:56:28,359 - camera_ai_app - INFO - User '68f1a5d4991d17d6c5c5ae99' has wildcard permission (*) - granting ALL permissions
2025-10-29 15:56:54,008 - camera_ai_app - ERROR - Error broadcasting message: 
2025-10-29 15:56:54,009 - camera_ai_app - INFO - WebSocket disconnected. Total connections: 0
2025-10-29 15:56:55,085 - camera_ai_app - INFO - User '68f1a5d4991d17d6c5c5ae99' has wildcard permission (*) - granting ALL permissions
2025-10-29 15:56:55,383 - camera_ai_app - INFO - WebSocket connected. Total connections: 1
2025-10-29 15:56:55,412 - camera_ai_app - INFO - User '68f1a5d4991d17d6c5c5ae99' has wildcard permission (*) - granting ALL permissions
2025-10-29 15:57:06,008 - camera_ai_app - ERROR - Error broadcasting message: 
2025-10-29 15:57:06,008 - camera_ai_app - INFO - WebSocket disconnected. Total connections: 0
2025-10-29 15:57:07,567 - camera_ai_app - INFO - WebSocket connected. Total connections: 1
2025-10-29 15:58:00,288 - camera_ai_app - ERROR - Error broadcasting message: 
2025-10-29 15:58:00,289 - camera_ai_app - INFO - WebSocket disconnected. Total connections: 0
2025-10-29 15:58:00,714 - camera_ai_app - INFO - WebSocket connected. Total connections: 1
2025-10-29 15:58:09,392 - camera_ai_app - INFO - User '68f1a5d4991d17d6c5c5ae99' has wildcard permission (*) - granting ALL permissions
2025-10-29 15:58:09,741 - camera_ai_app - INFO - User '68f1a5d4991d17d6c5c5ae99' has wildcard permission (*) - granting ALL permissions
2025-10-29 15:58:09,756 - camera_ai_app - INFO - User 'hau_admin' granted admin access via 'admin' role
2025-10-29 15:58:09,882 - camera_ai_app - INFO - User 'hau_admin' granted admin access via 'admin' role
2025-10-29 15:58:16,709 - camera_ai_app - INFO - WebSocket connected. Total connections: 2
2025-10-29 16:06:57,008 - camera_ai_app - ERROR - Error broadcasting message: 
2025-10-29 16:06:57,008 - camera_ai_app - ERROR - Error broadcasting message: 
2025-10-29 16:06:57,009 - camera_ai_app - INFO - WebSocket disconnected. Total connections: 1
2025-10-29 16:06:57,009 - camera_ai_app - INFO - WebSocket disconnected. Total connections: 0
2025-10-29 16:06:57,261 - camera_ai_app - INFO - WebSocket connected. Total connections: 1
2025-10-29 16:11:24,007 - camera_ai_app - ERROR - Error broadcasting message: 
2025-10-29 16:11:24,008 - camera_ai_app - INFO - WebSocket disconnected. Total connections: 0
2025-10-29 16:11:52,140 - camera_ai_app - INFO - WebSocket connected. Total connections: 1
2025-10-29 16:16:32,858 - camera_ai_app - INFO - WebSocket connected. Total connections: 2
2025-10-29 16:16:36,008 - camera_ai_app - ERROR - Error broadcasting message: 
2025-10-29 16:16:36,008 - camera_ai_app - INFO - WebSocket disconnected. Total connections: 1
2025-10-29 16:16:36,152 - camera_ai_app - INFO - WebSocket connected. Total connections: 2
2025-10-29 16:23:24,007 - camera_ai_app - ERROR - Error broadcasting message: 
2025-10-29 16:23:24,008 - camera_ai_app - ERROR - Error broadcasting message: 
2025-10-29 16:23:24,008 - camera_ai_app - INFO - WebSocket disconnected. Total connections: 1
2025-10-29 16:23:24,008 - camera_ai_app - INFO - WebSocket disconnected. Total connections: 0
2025-10-29 16:29:56,417 - camera_ai_app - INFO - WebSocket connected. Total connections: 1
2025-10-29 16:39:33,006 - camera_ai_app - ERROR - Error broadcasting message: 
2025-10-29 16:39:33,007 - camera_ai_app - INFO - WebSocket disconnected. Total connections: 0
2025-10-29 16:56:49,384 - camera_ai_app - INFO - WebSocket connected. Total connections: 1
