2025-09-29 09:35:35,915 - camera_ai_app - INFO - Starting CameraAI Backend...
2025-09-29 09:35:35,916 - camera_ai_app - INFO - Connecting to MongoDB: mongodb://localhost:27017
2025-09-29 09:35:36,047 - camera_ai_app - INFO - Connected to MongoDB: CamAI_Honda
2025-09-29 09:51:11,841 - camera_ai_app - INFO - Shutting down CameraAI Backend...
2025-09-29 09:51:11,842 - camera_ai_app - INFO - Disconnected from MongoDB
2025-09-29 09:51:13,618 - camera_ai_app - INFO - Starting CameraAI Backend...
2025-09-29 09:51:13,618 - camera_ai_app - INFO - Connecting to MongoDB: mongodb://localhost:27017
2025-09-29 09:51:13,652 - camera_ai_app - INFO - Connected to MongoDB: CamAI_Honda
2025-09-29 11:38:38,317 - camera_ai_app - INFO - Starting CameraAI Backend...
2025-09-29 11:38:38,317 - camera_ai_app - INFO - Connecting to MongoDB: mongodb+srv://CamAI_DB:Xinhzai1102%40%40@cluster0.1xazymq.mongodb.net/?retryWrites=true&w=majority&appName=Cluster0
2025-09-29 11:38:39,340 - camera_ai_app - INFO - Connected to MongoDB: CamAI_Honda
2025-09-29 11:38:41,213 - camera_ai_app - INFO - Starting CameraAI Backend...
2025-09-29 11:38:41,213 - camera_ai_app - INFO - Connecting to MongoDB: mongodb+srv://CamAI_DB:Xinhzai1102%40%40@cluster0.1xazymq.mongodb.net/?retryWrites=true&w=majority&appName=Cluster0
2025-09-29 11:38:41,804 - camera_ai_app - INFO - Connected to MongoDB: CamAI_Honda
2025-09-29 11:38:56,210 - camera_ai_app - INFO - Shutting down CameraAI Backend...
2025-09-29 11:38:56,234 - camera_ai_app - INFO - Disconnected from MongoDB
2025-09-29 11:39:04,335 - camera_ai_app - INFO - Starting CameraAI Backend...
2025-09-29 11:39:04,335 - camera_ai_app - INFO - Connecting to MongoDB: mongodb+srv://CamAI_DB:Xinhzai1102%40%40@cluster0.1xazymq.mongodb.net/?retryWrites=true&w=majority&appName=Cluster0
2025-09-29 11:39:04,962 - camera_ai_app - INFO - Connected to MongoDB: CamAI_Honda
2025-09-29 11:55:27,611 - camera_ai_app - INFO - Starting CameraAI Backend...
2025-09-29 11:55:27,611 - camera_ai_app - INFO - Connecting to MongoDB: mongodb+srv://CamAI_DB:Xinhzai1102%40%40@cluster0.1xazymq.mongodb.net/?retryWrites=true&w=majority&appName=Cluster0
2025-09-29 11:55:28,582 - camera_ai_app - INFO - Connected to MongoDB: CamAI_Honda
2025-09-29 13:50:22,752 - camera_ai_app - INFO - Shutting down CameraAI Backend...
2025-09-29 13:50:22,789 - camera_ai_app - INFO - Disconnected from MongoDB
2025-09-29 13:50:25,191 - camera_ai_app - INFO - Starting CameraAI Backend...
2025-09-29 13:50:25,192 - camera_ai_app - INFO - Connecting to MongoDB: mongodb+srv://CamAI_DB:Xinhzai1102%40%40@cluster0.1xazymq.mongodb.net/?retryWrites=true&w=majority&appName=Cluster0
2025-09-29 13:50:26,139 - camera_ai_app - INFO - Connected to MongoDB: CamAI_Honda
2025-09-29 13:50:37,665 - camera_ai_app - INFO - Shutting down CameraAI Backend...
2025-09-29 13:50:37,706 - camera_ai_app - INFO - Disconnected from MongoDB
2025-09-29 13:50:39,553 - camera_ai_app - INFO - Starting CameraAI Backend...
2025-09-29 13:50:39,553 - camera_ai_app - INFO - Connecting to MongoDB: mongodb+srv://CamAI_DB:Xinhzai1102%40%40@cluster0.1xazymq.mongodb.net/?retryWrites=true&w=majority&appName=Cluster0
2025-09-29 13:50:40,114 - camera_ai_app - INFO - Connected to MongoDB: CamAI_Honda
2025-09-29 13:50:57,637 - camera_ai_app - INFO - Shutting down CameraAI Backend...
2025-09-29 13:50:57,675 - camera_ai_app - INFO - Disconnected from MongoDB
2025-09-29 13:50:59,567 - camera_ai_app - INFO - Starting CameraAI Backend...
2025-09-29 13:50:59,568 - camera_ai_app - INFO - Connecting to MongoDB: mongodb+srv://CamAI_DB:Xinhzai1102%40%40@cluster0.1xazymq.mongodb.net/?retryWrites=true&w=majority&appName=Cluster0
2025-09-29 13:51:00,271 - camera_ai_app - INFO - Connected to MongoDB: CamAI_Honda
2025-09-29 13:51:02,569 - camera_ai_app - INFO - Shutting down CameraAI Backend...
2025-09-29 13:51:02,610 - camera_ai_app - INFO - Disconnected from MongoDB
2025-09-29 13:51:04,415 - camera_ai_app - INFO - Starting CameraAI Backend...
2025-09-29 13:51:04,416 - camera_ai_app - INFO - Connecting to MongoDB: mongodb+srv://CamAI_DB:Xinhzai1102%40%40@cluster0.1xazymq.mongodb.net/?retryWrites=true&w=majority&appName=Cluster0
2025-09-29 13:51:05,081 - camera_ai_app - INFO - Connected to MongoDB: CamAI_Honda
2025-09-29 13:51:29,716 - camera_ai_app - INFO - Shutting down CameraAI Backend...
2025-09-29 13:51:29,752 - camera_ai_app - INFO - Disconnected from MongoDB
2025-09-29 13:51:31,559 - camera_ai_app - INFO - Starting CameraAI Backend...
2025-09-29 13:51:31,559 - camera_ai_app - INFO - Connecting to MongoDB: mongodb+srv://CamAI_DB:Xinhzai1102%40%40@cluster0.1xazymq.mongodb.net/?retryWrites=true&w=majority&appName=Cluster0
2025-09-29 13:51:32,240 - camera_ai_app - INFO - Connected to MongoDB: CamAI_Honda
2025-09-29 13:52:04,053 - camera_ai_app - INFO - Shutting down CameraAI Backend...
2025-09-29 13:52:04,081 - camera_ai_app - INFO - Disconnected from MongoDB
2025-09-29 13:52:05,988 - camera_ai_app - INFO - Starting CameraAI Backend...
2025-09-29 13:52:05,988 - camera_ai_app - INFO - Connecting to MongoDB: mongodb+srv://CamAI_DB:Xinhzai1102%40%40@cluster0.1xazymq.mongodb.net/?retryWrites=true&w=majority&appName=Cluster0
2025-09-29 13:52:06,700 - camera_ai_app - INFO - Connected to MongoDB: CamAI_Honda
2025-09-29 13:57:14,083 - camera_ai_app - INFO - Shutting down CameraAI Backend...
2025-09-29 13:57:14,125 - camera_ai_app - INFO - Disconnected from MongoDB
2025-09-29 13:57:16,303 - camera_ai_app - INFO - Starting CameraAI Backend...
2025-09-29 13:57:16,304 - camera_ai_app - INFO - Connecting to MongoDB: mongodb+srv://CamAI_DB:Xinhzai1102%40%40@cluster0.1xazymq.mongodb.net/?retryWrites=true&w=majority&appName=Cluster0
2025-09-29 13:57:17,199 - camera_ai_app - INFO - Connected to MongoDB: CamAI_Honda
2025-09-29 14:00:06,196 - camera_ai_app - INFO - Shutting down CameraAI Backend...
2025-09-29 14:00:06,240 - camera_ai_app - INFO - Disconnected from MongoDB
2025-09-29 14:00:08,129 - camera_ai_app - INFO - Starting CameraAI Backend...
2025-09-29 14:00:08,130 - camera_ai_app - INFO - Connecting to MongoDB: mongodb+srv://CamAI_DB:Xinhzai1102%40%40@cluster0.1xazymq.mongodb.net/?retryWrites=true&w=majority&appName=Cluster0
2025-09-29 14:00:08,969 - camera_ai_app - INFO - Connected to MongoDB: CamAI_Honda
2025-09-29 14:00:19,745 - camera_ai_app - INFO - Shutting down CameraAI Backend...
2025-09-29 14:00:19,782 - camera_ai_app - INFO - Disconnected from MongoDB
2025-09-29 14:00:21,659 - camera_ai_app - INFO - Starting CameraAI Backend...
2025-09-29 14:00:21,660 - camera_ai_app - INFO - Connecting to MongoDB: mongodb+srv://CamAI_DB:Xinhzai1102%40%40@cluster0.1xazymq.mongodb.net/?retryWrites=true&w=majority&appName=Cluster0
2025-09-29 14:00:22,277 - camera_ai_app - INFO - Connected to MongoDB: CamAI_Honda
2025-09-29 14:00:44,058 - camera_ai_app - INFO - Shutting down CameraAI Backend...
2025-09-29 14:00:44,097 - camera_ai_app - INFO - Disconnected from MongoDB
2025-09-29 14:00:46,036 - camera_ai_app - INFO - Starting CameraAI Backend...
2025-09-29 14:00:46,036 - camera_ai_app - INFO - Connecting to MongoDB: mongodb+srv://CamAI_DB:Xinhzai1102%40%40@cluster0.1xazymq.mongodb.net/?retryWrites=true&w=majority&appName=Cluster0
2025-09-29 14:00:46,665 - camera_ai_app - INFO - Connected to MongoDB: CamAI_Honda
2025-09-29 14:00:52,438 - camera_ai_app - INFO - Shutting down CameraAI Backend...
2025-09-29 14:00:52,470 - camera_ai_app - INFO - Disconnected from MongoDB
2025-09-29 14:00:54,195 - camera_ai_app - INFO - Starting CameraAI Backend...
2025-09-29 14:00:54,195 - camera_ai_app - INFO - Connecting to MongoDB: mongodb+srv://CamAI_DB:Xinhzai1102%40%40@cluster0.1xazymq.mongodb.net/?retryWrites=true&w=majority&appName=Cluster0
2025-09-29 14:00:54,737 - camera_ai_app - INFO - Connected to MongoDB: CamAI_Honda
2025-09-29 14:01:06,946 - camera_ai_app - INFO - Shutting down CameraAI Backend...
2025-09-29 14:01:06,975 - camera_ai_app - INFO - Disconnected from MongoDB
2025-09-29 14:01:08,857 - camera_ai_app - INFO - Starting CameraAI Backend...
2025-09-29 14:01:08,857 - camera_ai_app - INFO - Connecting to MongoDB: mongodb+srv://CamAI_DB:Xinhzai1102%40%40@cluster0.1xazymq.mongodb.net/?retryWrites=true&w=majority&appName=Cluster0
2025-09-29 14:01:09,434 - camera_ai_app - INFO - Connected to MongoDB: CamAI_Honda
2025-09-29 14:01:09,651 - camera_ai_app - INFO - Shutting down CameraAI Backend...
2025-09-29 14:01:09,683 - camera_ai_app - INFO - Disconnected from MongoDB
2025-09-29 14:01:15,515 - camera_ai_app - INFO - Starting CameraAI Backend...
2025-09-29 14:01:15,516 - camera_ai_app - INFO - Connecting to MongoDB: mongodb+srv://CamAI_DB:Xinhzai1102%40%40@cluster0.1xazymq.mongodb.net/?retryWrites=true&w=majority&appName=Cluster0
2025-09-29 14:01:16,140 - camera_ai_app - INFO - Connected to MongoDB: CamAI_Honda
2025-09-29 14:03:06,399 - camera_ai_app - INFO - Shutting down CameraAI Backend...
2025-09-29 14:03:06,435 - camera_ai_app - INFO - Disconnected from MongoDB
2025-09-29 14:03:08,174 - camera_ai_app - INFO - Starting CameraAI Backend...
2025-09-29 14:03:08,174 - camera_ai_app - INFO - Connecting to MongoDB: mongodb+srv://CamAI_DB:Xinhzai1102%40%40@cluster0.1xazymq.mongodb.net/?retryWrites=true&w=majority&appName=Cluster0
2025-09-29 14:03:08,814 - camera_ai_app - INFO - Connected to MongoDB: CamAI_Honda
2025-09-29 14:03:11,100 - camera_ai_app - INFO - Shutting down CameraAI Backend...
2025-09-29 14:03:11,123 - camera_ai_app - INFO - Disconnected from MongoDB
2025-09-29 14:04:23,296 - camera_ai_app - INFO - Starting CameraAI Backend...
2025-09-29 14:04:23,297 - camera_ai_app - INFO - Connecting to MongoDB: mongodb+srv://CamAI_DB:Xinhzai1102%40%40@cluster0.1xazymq.mongodb.net/?retryWrites=true&w=majority&appName=Cluster0
2025-09-29 14:04:24,058 - camera_ai_app - INFO - Connected to MongoDB: CamAI_Honda
2025-09-29 14:05:02,711 - camera_ai_app - INFO - Shutting down CameraAI Backend...
2025-09-29 14:05:02,748 - camera_ai_app - INFO - Disconnected from MongoDB
2025-09-29 14:05:04,502 - camera_ai_app - INFO - Starting CameraAI Backend...
2025-09-29 14:05:04,502 - camera_ai_app - INFO - Connecting to MongoDB: mongodb+srv://CamAI_DB:Xinhzai1102%40%40@cluster0.1xazymq.mongodb.net/?retryWrites=true&w=majority&appName=Cluster0
2025-09-29 14:05:05,188 - camera_ai_app - INFO - Connected to MongoDB: CamAI_Honda
2025-09-29 14:07:29,909 - camera_ai_app - INFO - /auth/login payload: {"username":"hau123","password":"***123456"}
2025-09-29 14:07:30,315 - camera_ai_app - INFO - Login success for username='hau123'
2025-09-29 14:20:45,518 - camera_ai_app - INFO - /auth/login payload: {"username":"hau123","password":"***123456"}
2025-09-29 14:20:45,890 - camera_ai_app - INFO - Login success for username='hau123'
2025-09-29 14:38:28,137 - camera_ai_app - INFO - /auth/login payload: {"username":"hau123","password":"***123456"}
2025-09-29 14:38:28,509 - camera_ai_app - INFO - Login success for username='hau123'
2025-09-29 14:42:15,378 - camera_ai_app - INFO - /auth/login payload: {"username":"hau123","password":"***123456"}
2025-09-29 14:42:15,748 - camera_ai_app - INFO - Login success for username='hau123'
2025-09-29 15:15:12,429 - camera_ai_app - INFO - Shutting down CameraAI Backend...
2025-09-29 15:15:12,466 - camera_ai_app - INFO - Disconnected from MongoDB
2025-09-29 15:15:36,337 - camera_ai_app - INFO - Starting CameraAI Backend...
2025-09-29 15:15:36,337 - camera_ai_app - INFO - Connecting to MongoDB: mongodb+srv://CamAI_DB:Xinhzai1102%40%40@cluster0.1xazymq.mongodb.net/?retryWrites=true&w=majority&appName=Cluster0
2025-09-29 15:15:37,177 - camera_ai_app - INFO - Connected to MongoDB: CamAI_Honda
2025-09-29 15:47:42,110 - camera_ai_app - INFO - /auth/login payload: {"username":"hau123","password":"***123456"}
2025-09-29 15:47:42,516 - camera_ai_app - INFO - Login success for username='hau123'
2025-09-29 15:52:05,428 - camera_ai_app - INFO - Shutting down CameraAI Backend...
2025-09-29 15:52:05,465 - camera_ai_app - INFO - Disconnected from MongoDB
2025-09-29 15:52:07,457 - camera_ai_app - INFO - Starting CameraAI Backend...
2025-09-29 15:52:07,457 - camera_ai_app - INFO - Connecting to MongoDB: mongodb+srv://CamAI_DB:Xinhzai1102%40%40@cluster0.1xazymq.mongodb.net/?retryWrites=true&w=majority&appName=Cluster0
2025-09-29 15:52:08,183 - camera_ai_app - INFO - Connected to MongoDB: CamAI_Honda
2025-09-29 15:52:14,588 - camera_ai_app - INFO - Shutting down CameraAI Backend...
2025-09-29 15:52:14,619 - camera_ai_app - INFO - Disconnected from MongoDB
2025-09-29 15:52:16,482 - camera_ai_app - INFO - Starting CameraAI Backend...
2025-09-29 15:52:16,482 - camera_ai_app - INFO - Connecting to MongoDB: mongodb+srv://CamAI_DB:Xinhzai1102%40%40@cluster0.1xazymq.mongodb.net/?retryWrites=true&w=majority&appName=Cluster0
2025-09-29 15:52:17,026 - camera_ai_app - INFO - Connected to MongoDB: CamAI_Honda
2025-09-29 15:57:01,849 - camera_ai_app - INFO - Shutting down CameraAI Backend...
2025-09-29 15:57:01,881 - camera_ai_app - INFO - Disconnected from MongoDB
2025-09-29 15:57:03,858 - camera_ai_app - INFO - Starting CameraAI Backend...
2025-09-29 15:57:03,859 - camera_ai_app - INFO - Connecting to MongoDB: mongodb+srv://CamAI_DB:Xinhzai1102%40%40@cluster0.1xazymq.mongodb.net/?retryWrites=true&w=majority&appName=Cluster0
2025-09-29 15:57:04,637 - camera_ai_app - INFO - Connected to MongoDB: CamAI_Honda
2025-09-29 15:58:00,264 - camera_ai_app - INFO - Shutting down CameraAI Backend...
2025-09-29 15:58:00,306 - camera_ai_app - INFO - Disconnected from MongoDB
2025-09-29 15:58:02,288 - camera_ai_app - INFO - Starting CameraAI Backend...
2025-09-29 15:58:02,289 - camera_ai_app - INFO - Connecting to MongoDB: mongodb+srv://CamAI_DB:Xinhzai1102%40%40@cluster0.1xazymq.mongodb.net/?retryWrites=true&w=majority&appName=Cluster0
2025-09-29 15:58:02,997 - camera_ai_app - INFO - Connected to MongoDB: CamAI_Honda
2025-09-29 15:58:04,060 - camera_ai_app - INFO - Shutting down CameraAI Backend...
2025-09-29 15:58:04,098 - camera_ai_app - INFO - Disconnected from MongoDB
2025-09-29 15:59:10,529 - camera_ai_app - INFO - Starting CameraAI Backend...
2025-09-29 15:59:10,530 - camera_ai_app - INFO - Connecting to MongoDB: mongodb+srv://CamAI_DB:Xinhzai1102%40%40@cluster0.1xazymq.mongodb.net/?retryWrites=true&w=majority&appName=Cluster0
2025-09-29 15:59:11,195 - camera_ai_app - INFO - Connected to MongoDB: CamAI_Honda
2025-09-29 16:25:56,750 - camera_ai_app - INFO - Starting CameraAI Backend...
2025-09-29 16:25:56,751 - camera_ai_app - INFO - Connecting to MongoDB: mongodb+srv://CamAI_DB:Xinhzai1102%40%40@cluster0.1xazymq.mongodb.net/?retryWrites=true&w=majority&appName=Cluster0
2025-09-29 16:25:57,585 - camera_ai_app - INFO - Connected to MongoDB: CamAI_Honda
2025-09-29 16:27:00,847 - camera_ai_app - INFO - Shutting down CameraAI Backend...
2025-09-29 16:27:00,876 - camera_ai_app - INFO - Disconnected from MongoDB
2025-09-29 16:27:02,687 - camera_ai_app - INFO - Starting CameraAI Backend...
2025-09-29 16:27:02,687 - camera_ai_app - INFO - Connecting to MongoDB: mongodb+srv://CamAI_DB:Xinhzai1102%40%40@cluster0.1xazymq.mongodb.net/?retryWrites=true&w=majority&appName=Cluster0
2025-09-29 16:27:03,545 - camera_ai_app - INFO - Connected to MongoDB: CamAI_Honda
2025-09-29 16:27:03,553 - camera_ai_app - INFO - /auth/login payload: {"username":"hau123","password":"***123456"}
2025-09-29 16:27:03,976 - camera_ai_app - INFO - Login success for username='hau123'
2025-09-29 16:37:27,759 - camera_ai_app - INFO - Shutting down CameraAI Backend...
2025-09-29 16:37:27,800 - camera_ai_app - INFO - Disconnected from MongoDB
2025-09-29 16:37:29,795 - camera_ai_app - INFO - Starting CameraAI Backend...
2025-09-29 16:37:29,796 - camera_ai_app - INFO - Connecting to MongoDB: mongodb+srv://CamAI_DB:Xinhzai1102%40%40@cluster0.1xazymq.mongodb.net/?retryWrites=true&w=majority&appName=Cluster0
2025-09-29 16:37:30,523 - camera_ai_app - INFO - Connected to MongoDB: CamAI_Honda
2025-09-29 16:37:36,222 - camera_ai_app - INFO - /auth/login payload: {"username":"hau123","password":"***123456"}
2025-09-29 16:37:36,658 - camera_ai_app - INFO - Login success for username='hau123'
2025-09-29 16:37:36,662 - camera_ai_app - INFO - Token created for username='hau123'
2025-09-29 16:38:12,536 - camera_ai_app - INFO - Shutting down CameraAI Backend...
2025-09-29 16:38:12,573 - camera_ai_app - INFO - Disconnected from MongoDB
2025-09-29 16:38:14,501 - camera_ai_app - INFO - Starting CameraAI Backend...
2025-09-29 16:38:14,501 - camera_ai_app - INFO - Connecting to MongoDB: mongodb+srv://CamAI_DB:Xinhzai1102%40%40@cluster0.1xazymq.mongodb.net/?retryWrites=true&w=majority&appName=Cluster0
2025-09-29 16:38:15,192 - camera_ai_app - INFO - Connected to MongoDB: CamAI_Honda
2025-09-29 16:38:19,739 - camera_ai_app - INFO - /auth/login payload: {"username":"hau123","password":"***123456"}
2025-09-29 16:38:20,143 - camera_ai_app - INFO - Login success for username='hau123'
2025-09-29 16:38:33,927 - camera_ai_app - INFO - Shutting down CameraAI Backend...
2025-09-29 16:38:33,966 - camera_ai_app - INFO - Disconnected from MongoDB
2025-09-29 16:38:35,731 - camera_ai_app - INFO - Starting CameraAI Backend...
2025-09-29 16:38:35,731 - camera_ai_app - INFO - Connecting to MongoDB: mongodb+srv://CamAI_DB:Xinhzai1102%40%40@cluster0.1xazymq.mongodb.net/?retryWrites=true&w=majority&appName=Cluster0
2025-09-29 16:38:36,313 - camera_ai_app - INFO - Connected to MongoDB: CamAI_Honda
2025-09-29 16:38:37,212 - camera_ai_app - INFO - /auth/login payload: {"username":"hau123","password":"***123456"}
2025-09-29 16:38:37,620 - camera_ai_app - INFO - Login success for username='hau123'
2025-09-29 16:38:37,624 - camera_ai_app - INFO - Token created for username='eyJhbGciOiJIUzI1NiIsInR5cCI6IkpXVCJ9.eyJzdWIiOiJoYXUxMjMiLCJ1c2VyX2lkIjoiNjhkOGI4OTg0MmNiZjAxODUwMDk2NmI5Iiwicm9sZXMiOlsiYWRtaW4iXSwicGVybWlzc2lvbnMiOltdLCJleHAiOjE3NTkxNDA1MTd9.0Chz6JrWJAMCEtuvJ9sVcgS07vG42dFpEVbI8WsydFQ'
2025-09-29 16:44:03,233 - camera_ai_app - INFO - /auth/login payload: {"username":"hau123","password":"***123456"}
2025-09-29 16:44:03,613 - camera_ai_app - INFO - Login success for username='hau123'
2025-09-29 16:44:03,614 - camera_ai_app - INFO - Token created for username='eyJhbGciOiJIUzI1NiIsInR5cCI6IkpXVCJ9.eyJzdWIiOiJoYXUxMjMiLCJ1c2VyX2lkIjoiNjhkOGI4OTg0MmNiZjAxODUwMDk2NmI5Iiwicm9sZXMiOlsiYWRtaW4iXSwicGVybWlzc2lvbnMiOltdLCJleHAiOjE3NTkxNDA4NDN9.HziaXCKpDj2ajp5rj3Lff29E8t3gMCnG8W-CgFOWZfQ'
2025-09-29 16:54:55,077 - camera_ai_app - INFO - User 68da3ffa87391c613d5ea9bf deleted by hau123
2025-09-29 16:57:42,950 - camera_ai_app - INFO - Shutting down CameraAI Backend...
2025-09-29 16:57:42,976 - camera_ai_app - INFO - Disconnected from MongoDB
