2025-10-28 08:00:20,186 - camera_ai_app - INFO - Starting CameraAI Backend...
2025-10-28 08:00:20,186 - camera_ai_app - INFO - Connecting to MongoDB: mongodb+srv://CamAI_DB:Xinhzai1102%40%40@cluster0.1xazymq.mongodb.net/
2025-10-28 08:00:26,679 - camera_ai_app - INFO - Connected to MongoDB: CamAI_Honda
2025-10-28 08:00:26,694 - camera_ai_app - INFO - AGV Scheduler started successfully. Job scheduled at 23:00 daily.
2025-10-28 08:00:26,694 - camera_ai_app - INFO - Scheduled job: Reverse Dashboard Data Daily at 11 PM - Next run: 2025-10-28 23:00:00+07:00
2025-10-28 08:00:26,695 - camera_ai_app - INFO - AGV Scheduler started
2025-10-28 08:02:36,980 - camera_ai_app - INFO - WebSocket connected. Total connections: 1
2025-10-28 08:03:05,546 - camera_ai_app - INFO - Login success for username='hau_admin'
2025-10-28 08:03:05,668 - camera_ai_app - INFO - User '68f1a5d4991d17d6c5c5ae99' has wildcard permission (*) - granting ALL permissions
2025-10-28 08:03:07,181 - camera_ai_app - INFO - WebSocket connected. Total connections: 2
2025-10-28 08:03:08,769 - camera_ai_app - INFO - User '68f1a5d4991d17d6c5c5ae99' has wildcard permission (*) - granting ALL permissions
2025-10-28 08:03:09,152 - camera_ai_app - INFO - User 'hau_admin' granted admin access via 'admin' role
2025-10-28 08:03:09,166 - camera_ai_app - INFO - User '68f1a5d4991d17d6c5c5ae99' has wildcard permission (*) - granting ALL permissions
2025-10-28 08:03:09,243 - camera_ai_app - INFO - User 'hau_admin' granted admin access via 'admin' role
2025-10-28 08:03:17,187 - camera_ai_app - INFO - User '68f1a5d4991d17d6c5c5ae99' has wildcard permission (*) - granting ALL permissions
2025-10-28 08:03:17,576 - camera_ai_app - INFO - User '68f1a5d4991d17d6c5c5ae99' has wildcard permission (*) - granting ALL permissions
2025-10-28 08:11:22,222 - camera_ai_app - INFO - Starting CameraAI Backend...
2025-10-28 08:11:22,222 - camera_ai_app - INFO - Connecting to MongoDB: mongodb+srv://CamAI_DB:Xinhzai1102%40%40@cluster0.1xazymq.mongodb.net/
2025-10-28 08:11:26,843 - camera_ai_app - INFO - Connected to MongoDB: CamAI_Honda
2025-10-28 08:11:26,846 - camera_ai_app - INFO - AGV Scheduler started successfully. Job scheduled at 23:00 daily.
2025-10-28 08:11:26,847 - camera_ai_app - INFO - Scheduled job: Reverse Dashboard Data Daily at 11 PM - Next run: 2025-10-28 23:00:00+07:00
2025-10-28 08:11:26,847 - camera_ai_app - INFO - AGV Scheduler started
2025-10-28 08:11:26,909 - camera_ai_app - INFO - WebSocket connected. Total connections: 1
2025-10-28 08:11:28,880 - camera_ai_app - INFO - WebSocket connected. Total connections: 2
2025-10-28 08:11:57,031 - camera_ai_app - ERROR - Error broadcasting message: 
2025-10-28 08:11:57,032 - camera_ai_app - ERROR - Error broadcasting message: 
2025-10-28 08:11:57,032 - camera_ai_app - INFO - WebSocket disconnected. Total connections: 1
2025-10-28 08:11:57,032 - camera_ai_app - INFO - WebSocket disconnected. Total connections: 0
2025-10-28 08:12:36,634 - camera_ai_app - INFO - User '68f1a5d4991d17d6c5c5ae99' has wildcard permission (*) - granting ALL permissions
2025-10-28 08:12:36,962 - camera_ai_app - INFO - User '68f1a5d4991d17d6c5c5ae99' has wildcard permission (*) - granting ALL permissions
2025-10-28 08:13:50,254 - camera_ai_app - INFO - User '68f1a5d4991d17d6c5c5ae99' has wildcard permission (*) - granting ALL permissions
2025-10-28 08:13:50,569 - camera_ai_app - INFO - User '68f1a5d4991d17d6c5c5ae99' has wildcard permission (*) - granting ALL permissions
2025-10-28 08:21:48,866 - camera_ai_app - INFO - User '68f1a5d4991d17d6c5c5ae99' has wildcard permission (*) - granting ALL permissions
2025-10-28 08:21:49,374 - camera_ai_app - INFO - User '68f1a5d4991d17d6c5c5ae99' has wildcard permission (*) - granting ALL permissions
2025-10-28 08:25:46,077 - camera_ai_app - INFO - User '68f1a5d4991d17d6c5c5ae99' has wildcard permission (*) - granting ALL permissions
2025-10-28 08:25:46,576 - camera_ai_app - INFO - User '68f1a5d4991d17d6c5c5ae99' has wildcard permission (*) - granting ALL permissions
2025-10-28 08:58:13,916 - camera_ai_app - ERROR - Cannot open camera stream for streaming: rtsp://127.0.0.1:8554/cam3
2025-10-28 08:59:07,826 - camera_ai_app - ERROR - Cannot open camera stream for streaming: rtsp://127.0.0.1:8554/cam2
2025-10-28 09:04:41,337 - camera_ai_app - INFO - WebSocket connected. Total connections: 1
2025-10-28 09:05:26,495 - camera_ai_app - INFO - WebSocket connected. Total connections: 2
2025-10-28 09:05:52,834 - camera_ai_app - ERROR - Cannot open camera stream for streaming: rtsp://127.0.0.1:8554/cam4
2025-10-28 09:07:19,342 - camera_ai_app - WARNING - Cannot read frame, reconnecting...
2025-10-28 09:07:19,384 - camera_ai_app - INFO - Camera stream closed: rtsp://127.0.0.1:8554/cam1
2025-10-28 09:08:00,012 - camera_ai_app - ERROR - Error broadcasting message: 
2025-10-28 09:08:00,012 - camera_ai_app - ERROR - Error broadcasting message: 
2025-10-28 09:08:00,012 - camera_ai_app - INFO - WebSocket disconnected. Total connections: 1
2025-10-28 09:08:00,013 - camera_ai_app - INFO - WebSocket disconnected. Total connections: 0
2025-10-28 09:08:00,282 - camera_ai_app - INFO - WebSocket connected. Total connections: 1
2025-10-28 09:08:33,006 - camera_ai_app - ERROR - Error broadcasting message: 
2025-10-28 09:08:33,007 - camera_ai_app - INFO - WebSocket disconnected. Total connections: 0
2025-10-28 09:08:35,274 - camera_ai_app - INFO - Camera stream closed: rtsp://127.0.0.1:8554/cam2
2025-10-28 09:08:35,284 - camera_ai_app - INFO - Camera stream closed: rtsp://127.0.0.1:8554/cam1
2025-10-28 09:08:35,299 - camera_ai_app - INFO - Camera stream closed: rtsp://127.0.0.1:8554/cam3
2025-10-28 09:08:36,302 - camera_ai_app - INFO - WebSocket connected. Total connections: 1
2025-10-28 09:35:39,006 - camera_ai_app - ERROR - Error broadcasting message: 
2025-10-28 09:35:39,007 - camera_ai_app - INFO - WebSocket disconnected. Total connections: 0
2025-10-28 09:40:47,662 - camera_ai_app - INFO - Camera stream closed: rtsp://127.0.0.1:8554/cam1
2025-10-28 09:40:47,673 - camera_ai_app - INFO - Camera stream closed: rtsp://127.0.0.1:8554/cam2
2025-10-28 09:40:47,683 - camera_ai_app - INFO - Camera stream closed: rtsp://127.0.0.1:8554/cam3
2025-10-28 09:40:47,694 - camera_ai_app - INFO - Camera stream closed: rtsp://127.0.0.1:8554/cam1
2025-10-28 09:42:02,798 - camera_ai_app - INFO - Camera stream closed: rtsp://127.0.0.1:8554/cam3
2025-10-28 09:42:02,808 - camera_ai_app - INFO - Camera stream closed: rtsp://127.0.0.1:8554/cam2
2025-10-28 09:42:02,817 - camera_ai_app - INFO - Camera stream closed: rtsp://127.0.0.1:8554/cam2
2025-10-28 09:42:02,828 - camera_ai_app - INFO - Camera stream closed: rtsp://127.0.0.1:8554/cam1
2025-10-28 09:45:15,015 - camera_ai_app - INFO - Camera stream closed: rtsp://127.0.0.1:8554/cam2
2025-10-28 09:45:15,023 - camera_ai_app - INFO - Camera stream closed: rtsp://127.0.0.1:8554/cam1
2025-10-28 09:45:15,035 - camera_ai_app - INFO - Camera stream closed: rtsp://127.0.0.1:8554/cam1
2025-10-28 09:49:04,339 - camera_ai_app - INFO - Camera 'camera_1' deleted successfully
2025-10-28 09:49:53,995 - camera_ai_app - INFO - Login success for username='khang_admin'
2025-10-28 09:49:54,030 - camera_ai_app - INFO - Camera stream closed: rtsp://127.0.0.1:8554/cam3
2025-10-28 09:49:54,041 - camera_ai_app - INFO - Camera stream closed: rtsp://127.0.0.1:8554/cam2
2025-10-28 09:49:54,054 - camera_ai_app - INFO - Camera stream closed: rtsp://127.0.0.1:8554/cam1
2025-10-28 09:49:54,129 - camera_ai_app - INFO - User '68f214016f9a2421e62e37ad' has wildcard permission (*) - granting ALL permissions
2025-10-28 09:49:55,824 - camera_ai_app - INFO - WebSocket connected. Total connections: 1
2025-10-28 09:50:11,796 - camera_ai_app - INFO - Camera stream closed: rtsp://127.0.0.1:8554/cam2
2025-10-28 09:57:12,638 - camera_ai_app - ERROR - Cannot open camera stream for streaming: rtsp://127.0.0.1:8554/cam4
2025-10-28 10:01:21,006 - camera_ai_app - ERROR - Error broadcasting message: 
2025-10-28 10:01:21,007 - camera_ai_app - INFO - WebSocket disconnected. Total connections: 0
2025-10-28 11:06:06,153 - camera_ai_app - INFO - Camera stream closed: rtsp://127.0.0.1:8554/cam2
2025-10-28 11:06:06,167 - camera_ai_app - INFO - Camera stream closed: rtsp://127.0.0.1:8554/cam3
2025-10-28 11:09:59,729 - camera_ai_app - INFO - Camera stream closed: rtsp://127.0.0.1:8554/cam3
2025-10-28 11:10:02,783 - camera_ai_app - ERROR - Cannot open camera stream for streaming: rtsp://127.0.0.1:8554/cam4
2025-10-28 11:14:01,810 - camera_ai_app - INFO - WebSocket connected. Total connections: 1
2025-10-28 11:26:06,999 - camera_ai_app - INFO - Camera stream closed: rtsp://127.0.0.1:8554/cam3
2025-10-28 11:26:07,980 - camera_ai_app - INFO - WebSocket connected. Total connections: 2
2025-10-28 11:26:09,008 - camera_ai_app - ERROR - Error broadcasting message: 
2025-10-28 11:26:09,008 - camera_ai_app - INFO - WebSocket disconnected. Total connections: 1
2025-10-28 11:27:36,010 - camera_ai_app - ERROR - Error broadcasting message: 
2025-10-28 11:27:36,011 - camera_ai_app - INFO - WebSocket disconnected. Total connections: 0
2025-10-28 11:27:38,276 - camera_ai_app - INFO - WebSocket connected. Total connections: 1
2025-10-28 11:32:32,369 - camera_ai_app - INFO - WebSocket connected. Total connections: 2
2025-10-28 11:32:33,008 - camera_ai_app - ERROR - Error broadcasting message: 
2025-10-28 11:32:33,009 - camera_ai_app - INFO - WebSocket disconnected. Total connections: 1
2025-10-28 11:32:51,402 - camera_ai_app - ERROR - Error broadcasting message: 
2025-10-28 11:32:51,403 - camera_ai_app - INFO - WebSocket disconnected. Total connections: 0
2025-10-28 11:32:51,404 - camera_ai_app - INFO - WebSocket connected. Total connections: 1
2025-10-28 11:33:00,006 - camera_ai_app - ERROR - Error broadcasting message: 
2025-10-28 11:33:00,007 - camera_ai_app - INFO - WebSocket disconnected. Total connections: 0
2025-10-28 11:33:01,673 - camera_ai_app - INFO - WebSocket connected. Total connections: 1
2025-10-28 11:36:36,286 - camera_ai_app - ERROR - Error broadcasting message: 
2025-10-28 11:36:36,287 - camera_ai_app - INFO - WebSocket disconnected. Total connections: 0
2025-10-28 11:36:36,289 - camera_ai_app - INFO - WebSocket connected. Total connections: 1
2025-10-28 11:37:11,075 - camera_ai_app - INFO - WebSocket connected. Total connections: 2
2025-10-28 11:37:12,011 - camera_ai_app - ERROR - Error broadcasting message: 
2025-10-28 11:37:12,011 - camera_ai_app - INFO - WebSocket disconnected. Total connections: 1
2025-10-28 11:37:28,990 - camera_ai_app - INFO - WebSocket connected. Total connections: 2
2025-10-28 11:37:33,007 - camera_ai_app - ERROR - Error broadcasting message: 
2025-10-28 11:37:33,007 - camera_ai_app - INFO - WebSocket disconnected. Total connections: 1
2025-10-28 11:39:03,007 - camera_ai_app - ERROR - Error broadcasting message: 
2025-10-28 11:39:03,008 - camera_ai_app - INFO - WebSocket disconnected. Total connections: 0
2025-10-28 11:39:04,215 - camera_ai_app - INFO - WebSocket connected. Total connections: 1
2025-10-28 11:39:52,208 - camera_ai_app - INFO - WebSocket connected. Total connections: 2
2025-10-28 11:40:15,824 - camera_ai_app - INFO - WebSocket connected. Total connections: 3
2025-10-28 11:43:04,558 - camera_ai_app - INFO - Login success for username='hau_admin'
2025-10-28 11:43:04,719 - camera_ai_app - INFO - User '68f1a5d4991d17d6c5c5ae99' has wildcard permission (*) - granting ALL permissions
2025-10-28 11:43:06,664 - camera_ai_app - INFO - WebSocket connected. Total connections: 4
2025-10-28 11:49:34,189 - camera_ai_app - INFO - WebSocket connected. Total connections: 5
2025-10-28 13:48:55,470 - camera_ai_app - INFO - WebSocket connected. Total connections: 6
2025-10-28 13:49:28,164 - camera_ai_app - INFO - WebSocket connected. Total connections: 7
2025-10-28 13:49:31,755 - camera_ai_app - ERROR - Cannot open camera stream for streaming: rtsp://127.0.0.1:8554/cam4
2025-10-28 14:00:54,051 - camera_ai_app - INFO - WebSocket connected. Total connections: 8
2025-10-28 14:08:55,533 - camera_ai_app - INFO - WebSocket connected. Total connections: 9
2025-10-28 14:12:02,251 - camera_ai_app - INFO - Camera stream closed: rtsp://127.0.0.1:8554/cam2
2025-10-28 14:12:02,712 - camera_ai_app - INFO - WebSocket connected. Total connections: 10
2025-10-28 14:12:03,009 - camera_ai_app - ERROR - Error broadcasting message: 
2025-10-28 14:12:03,009 - camera_ai_app - ERROR - Error broadcasting message: 
2025-10-28 14:12:03,009 - camera_ai_app - ERROR - Error broadcasting message: 
2025-10-28 14:12:03,009 - camera_ai_app - ERROR - Error broadcasting message: 
2025-10-28 14:12:03,010 - camera_ai_app - ERROR - Error broadcasting message: 
2025-10-28 14:12:03,010 - camera_ai_app - ERROR - Error broadcasting message: 
2025-10-28 14:12:03,011 - camera_ai_app - ERROR - Error broadcasting message: 
2025-10-28 14:12:03,011 - camera_ai_app - ERROR - Error broadcasting message: 
2025-10-28 14:12:03,011 - camera_ai_app - ERROR - Error broadcasting message: 
2025-10-28 14:12:03,011 - camera_ai_app - INFO - WebSocket disconnected. Total connections: 9
2025-10-28 14:12:03,012 - camera_ai_app - INFO - WebSocket disconnected. Total connections: 8
2025-10-28 14:12:03,012 - camera_ai_app - INFO - WebSocket disconnected. Total connections: 7
2025-10-28 14:12:03,012 - camera_ai_app - INFO - WebSocket disconnected. Total connections: 6
2025-10-28 14:12:03,012 - camera_ai_app - INFO - WebSocket disconnected. Total connections: 5
2025-10-28 14:12:03,012 - camera_ai_app - INFO - WebSocket disconnected. Total connections: 4
2025-10-28 14:12:03,013 - camera_ai_app - INFO - WebSocket disconnected. Total connections: 3
2025-10-28 14:12:03,013 - camera_ai_app - INFO - WebSocket disconnected. Total connections: 2
2025-10-28 14:12:03,013 - camera_ai_app - INFO - WebSocket disconnected. Total connections: 1
2025-10-28 14:15:15,007 - camera_ai_app - ERROR - Error broadcasting message: 
2025-10-28 14:15:15,008 - camera_ai_app - INFO - WebSocket disconnected. Total connections: 0
2025-10-28 14:15:17,394 - camera_ai_app - INFO - WebSocket connected. Total connections: 1
2025-10-28 14:15:30,809 - camera_ai_app - INFO - WebSocket connected. Total connections: 2
2025-10-28 14:17:35,314 - camera_ai_app - INFO - WebSocket connected. Total connections: 3
2025-10-28 14:17:36,012 - camera_ai_app - ERROR - Error broadcasting message: 
2025-10-28 14:17:36,012 - camera_ai_app - ERROR - Error broadcasting message: 
2025-10-28 14:17:36,012 - camera_ai_app - INFO - WebSocket disconnected. Total connections: 2
2025-10-28 14:17:36,012 - camera_ai_app - INFO - WebSocket disconnected. Total connections: 1
2025-10-28 14:18:36,007 - camera_ai_app - ERROR - Error broadcasting message: 
2025-10-28 14:18:36,008 - camera_ai_app - INFO - WebSocket disconnected. Total connections: 0
2025-10-28 14:18:36,923 - camera_ai_app - INFO - WebSocket connected. Total connections: 1
2025-10-28 14:18:50,572 - camera_ai_app - INFO - WebSocket connected. Total connections: 2
2025-10-28 14:18:51,011 - camera_ai_app - ERROR - Error broadcasting message: 
2025-10-28 14:18:51,012 - camera_ai_app - INFO - WebSocket disconnected. Total connections: 1
2025-10-28 14:23:57,007 - camera_ai_app - ERROR - Error broadcasting message: 
2025-10-28 14:23:57,007 - camera_ai_app - INFO - WebSocket disconnected. Total connections: 0
2025-10-28 14:23:57,096 - camera_ai_app - INFO - WebSocket connected. Total connections: 1
2025-10-28 14:57:57,009 - camera_ai_app - ERROR - Error broadcasting message: 
2025-10-28 14:57:57,009 - camera_ai_app - INFO - WebSocket disconnected. Total connections: 0
2025-10-28 14:59:12,184 - camera_ai_app - INFO - WebSocket connected. Total connections: 1
2025-10-28 15:11:22,870 - camera_ai_app - INFO - WebSocket connected. Total connections: 2
2025-10-28 15:15:27,006 - camera_ai_app - ERROR - Error broadcasting message: 
2025-10-28 15:15:27,007 - camera_ai_app - ERROR - Error broadcasting message: 
2025-10-28 15:15:27,007 - camera_ai_app - INFO - WebSocket disconnected. Total connections: 1
2025-10-28 15:15:27,007 - camera_ai_app - INFO - WebSocket disconnected. Total connections: 0
2025-10-28 15:15:29,735 - camera_ai_app - INFO - WebSocket connected. Total connections: 1
2025-10-28 15:18:27,007 - camera_ai_app - ERROR - Error broadcasting message: 
2025-10-28 15:18:27,007 - camera_ai_app - INFO - WebSocket disconnected. Total connections: 0
2025-10-28 15:18:27,939 - camera_ai_app - INFO - WebSocket connected. Total connections: 1
2025-10-28 15:21:38,155 - camera_ai_app - INFO - WebSocket connected. Total connections: 2
2025-10-28 15:21:39,006 - camera_ai_app - ERROR - Error broadcasting message: 
2025-10-28 15:21:39,006 - camera_ai_app - INFO - WebSocket disconnected. Total connections: 1
2025-10-28 15:25:45,006 - camera_ai_app - ERROR - Error broadcasting message: 
2025-10-28 15:25:45,007 - camera_ai_app - INFO - WebSocket disconnected. Total connections: 0
2025-10-28 15:27:02,718 - camera_ai_app - INFO - WebSocket connected. Total connections: 1
2025-10-28 15:33:05,832 - camera_ai_app - INFO - WebSocket connected. Total connections: 2
2025-10-28 15:35:39,078 - camera_ai_app - ERROR - Error broadcasting message: 
2025-10-28 15:35:39,079 - camera_ai_app - INFO - WebSocket disconnected. Total connections: 1
2025-10-28 15:35:39,823 - camera_ai_app - INFO - WebSocket connected. Total connections: 2
2025-10-28 15:35:57,008 - camera_ai_app - ERROR - Error broadcasting message: 
2025-10-28 15:35:57,008 - camera_ai_app - INFO - WebSocket disconnected. Total connections: 1
2025-10-28 15:35:57,014 - camera_ai_app - INFO - WebSocket connected. Total connections: 2
2025-10-28 15:37:57,006 - camera_ai_app - ERROR - Error broadcasting message: 
2025-10-28 15:37:57,006 - camera_ai_app - INFO - WebSocket disconnected. Total connections: 1
2025-10-28 15:37:57,345 - camera_ai_app - INFO - WebSocket connected. Total connections: 2
2025-10-28 15:38:35,183 - camera_ai_app - INFO - WebSocket connected. Total connections: 3
2025-10-28 15:38:36,009 - camera_ai_app - ERROR - Error broadcasting message: 
2025-10-28 15:38:36,010 - camera_ai_app - INFO - WebSocket disconnected. Total connections: 2
2025-10-28 15:38:45,006 - camera_ai_app - ERROR - Error broadcasting message: 
2025-10-28 15:38:45,006 - camera_ai_app - INFO - WebSocket disconnected. Total connections: 1
2025-10-28 15:38:46,309 - camera_ai_app - INFO - WebSocket connected. Total connections: 2
2025-10-28 15:40:12,011 - camera_ai_app - ERROR - Error broadcasting message: 
2025-10-28 15:40:12,011 - camera_ai_app - INFO - WebSocket disconnected. Total connections: 1
2025-10-28 15:40:12,747 - camera_ai_app - INFO - WebSocket connected. Total connections: 2
2025-10-28 15:40:51,298 - camera_ai_app - ERROR - Error broadcasting message: 
2025-10-28 15:40:51,299 - camera_ai_app - INFO - WebSocket disconnected. Total connections: 1
2025-10-28 15:40:51,687 - camera_ai_app - INFO - WebSocket connected. Total connections: 2
2025-10-28 15:47:58,641 - camera_ai_app - INFO - WebSocket connected. Total connections: 3
2025-10-28 15:48:39,008 - camera_ai_app - ERROR - Error broadcasting message: 
2025-10-28 15:48:39,009 - camera_ai_app - ERROR - Error broadcasting message: 
2025-10-28 15:48:39,009 - camera_ai_app - INFO - WebSocket disconnected. Total connections: 2
2025-10-28 15:48:39,009 - camera_ai_app - INFO - WebSocket disconnected. Total connections: 1
2025-10-28 15:49:27,881 - camera_ai_app - INFO - WebSocket connected. Total connections: 2
2025-10-28 15:53:30,054 - camera_ai_app - INFO - Login success for username='khang_admin'
2025-10-28 15:53:30,217 - camera_ai_app - INFO - User '68f214016f9a2421e62e37ad' has wildcard permission (*) - granting ALL permissions
2025-10-28 15:53:31,702 - camera_ai_app - INFO - WebSocket connected. Total connections: 3
2025-10-28 15:58:26,309 - camera_ai_app - INFO - WebSocket connected. Total connections: 4
2025-10-28 16:00:15,006 - camera_ai_app - ERROR - Error broadcasting message: 
2025-10-28 16:00:15,007 - camera_ai_app - INFO - WebSocket disconnected. Total connections: 3
2025-10-28 16:01:49,881 - camera_ai_app - INFO - WebSocket connected. Total connections: 4
2025-10-28 16:44:26,805 - camera_ai_app - INFO - Camera updated successfully: 68f3373e91748746645c549b
2025-10-28 16:44:26,985 - camera_ai_app - INFO - Camera updated successfully: 68f5f145c2662ce424ee0de0
2025-10-28 16:44:27,174 - camera_ai_app - INFO - Camera updated successfully: 68f6f966c2662ce424ee0de3
2025-10-28 17:00:59,060 - camera_ai_app - INFO - WebSocket connected. Total connections: 5
2025-10-28 17:01:06,656 - camera_ai_app - INFO - WebSocket connected. Total connections: 6
2025-10-28 17:06:07,112 - camera_ai_app - INFO - WebSocket connected. Total connections: 7
2025-10-28 17:11:45,006 - camera_ai_app - ERROR - Error broadcasting message: 
2025-10-28 17:11:45,007 - camera_ai_app - INFO - WebSocket disconnected. Total connections: 6
2025-10-28 17:11:51,008 - camera_ai_app - ERROR - Error broadcasting message: 
2025-10-28 17:11:51,008 - camera_ai_app - ERROR - Error broadcasting message: 
2025-10-28 17:11:51,009 - camera_ai_app - ERROR - Error broadcasting message: 
2025-10-28 17:11:51,009 - camera_ai_app - ERROR - Error broadcasting message: 
2025-10-28 17:11:51,010 - camera_ai_app - ERROR - Error broadcasting message: 
2025-10-28 17:11:51,010 - camera_ai_app - ERROR - Error broadcasting message: 
2025-10-28 17:11:51,010 - camera_ai_app - INFO - WebSocket disconnected. Total connections: 5
2025-10-28 17:11:51,011 - camera_ai_app - INFO - WebSocket disconnected. Total connections: 4
2025-10-28 17:11:51,011 - camera_ai_app - INFO - WebSocket disconnected. Total connections: 3
2025-10-28 17:11:51,011 - camera_ai_app - INFO - WebSocket disconnected. Total connections: 2
2025-10-28 17:11:51,011 - camera_ai_app - INFO - WebSocket disconnected. Total connections: 1
2025-10-28 17:11:51,012 - camera_ai_app - INFO - WebSocket disconnected. Total connections: 0
2025-10-28 17:13:49,662 - camera_ai_app - INFO - Login success for username='hau_admin'
2025-10-28 17:13:49,759 - camera_ai_app - INFO - User '68f1a5d4991d17d6c5c5ae99' has wildcard permission (*) - granting ALL permissions
2025-10-28 17:13:51,382 - camera_ai_app - INFO - WebSocket connected. Total connections: 1
2025-10-28 17:14:36,005 - camera_ai_app - ERROR - Error broadcasting message: 
2025-10-28 17:14:36,006 - camera_ai_app - INFO - WebSocket disconnected. Total connections: 0
