2025-10-27 10:05:44,211 - camera_ai_app - INFO - Starting CameraAI Backend...
2025-10-27 10:05:44,211 - camera_ai_app - INFO - Connecting to MongoDB: mongodb+srv://CamAI_DB:Xinhzai1102%40%40@cluster0.1xazymq.mongodb.net/
2025-10-27 10:05:50,172 - camera_ai_app - INFO - Connected to MongoDB: CamAI_Honda
2025-10-27 10:05:50,192 - camera_ai_app - INFO - AGV Scheduler started successfully. Job scheduled at 23:00 daily.
2025-10-27 10:05:50,193 - camera_ai_app - INFO - Scheduled job: Reverse Dashboard Data Daily at 11 PM - Next run: 2025-10-27 23:00:00+07:00
2025-10-27 10:05:50,193 - camera_ai_app - INFO - AGV Scheduler started
2025-10-27 10:05:50,405 - camera_ai_app - INFO - WebSocket connected. Total connections: 1
2025-10-27 10:05:50,487 - camera_ai_app - INFO - WebSocket connected. Total connections: 2
2025-10-27 10:05:51,390 - camera_ai_app - INFO - WebSocket connected. Total connections: 3
2025-10-27 10:05:51,538 - camera_ai_app - INFO - WebSocket connected. Total connections: 4
2025-10-27 10:05:51,557 - camera_ai_app - INFO - WebSocket connected. Total connections: 5
2025-10-27 10:05:52,517 - camera_ai_app - INFO - WebSocket connected. Total connections: 6
2025-10-27 10:05:52,581 - camera_ai_app - INFO - WebSocket connected. Total connections: 7
2025-10-27 10:05:53,827 - camera_ai_app - INFO - WebSocket connected. Total connections: 8
2025-10-27 10:05:53,932 - camera_ai_app - INFO - WebSocket connected. Total connections: 9
2025-10-27 10:05:54,650 - camera_ai_app - INFO - WebSocket connected. Total connections: 10
2025-10-27 10:05:56,794 - camera_ai_app - INFO - WebSocket connected. Total connections: 11
2025-10-27 10:06:24,343 - camera_ai_app - INFO - Login success for username='hau_admin'
2025-10-27 10:06:24,457 - camera_ai_app - INFO - User '68f1a5d4991d17d6c5c5ae99' has wildcard permission (*) - granting ALL permissions
2025-10-27 10:06:25,952 - camera_ai_app - INFO - WebSocket connected. Total connections: 12
2025-10-27 10:06:41,470 - camera_ai_app - INFO - WebSocket connected. Total connections: 13
2025-10-27 10:07:02,375 - camera_ai_app - INFO - User '68f1a5d4991d17d6c5c5ae99' has wildcard permission (*) - granting ALL permissions
2025-10-27 10:07:02,691 - camera_ai_app - INFO - User '68f1a5d4991d17d6c5c5ae99' has wildcard permission (*) - granting ALL permissions
2025-10-27 10:07:45,774 - camera_ai_app - INFO - WebSocket connected. Total connections: 14
2025-10-27 10:07:58,978 - camera_ai_app - INFO - WebSocket connected. Total connections: 15
2025-10-27 10:09:12,922 - camera_ai_app - INFO - WebSocket connected. Total connections: 16
2025-10-27 10:10:22,706 - camera_ai_app - INFO - WebSocket connected. Total connections: 17
2025-10-27 10:11:10,212 - camera_ai_app - INFO - WebSocket connected. Total connections: 18
2025-10-27 10:11:21,981 - camera_ai_app - INFO - WebSocket connected. Total connections: 19
2025-10-27 10:12:18,922 - camera_ai_app - INFO - WebSocket connected. Total connections: 20
2025-10-27 10:12:50,196 - camera_ai_app - INFO - WebSocket connected. Total connections: 21
2025-10-27 10:12:54,073 - camera_ai_app - INFO - WebSocket connected. Total connections: 22
2025-10-27 10:14:43,460 - camera_ai_app - INFO - WebSocket connected. Total connections: 23
2025-10-27 10:26:12,141 - camera_ai_app - INFO - WebSocket connected. Total connections: 24
2025-10-27 10:35:54,041 - camera_ai_app - INFO - WebSocket connected. Total connections: 25
2025-10-27 10:44:55,117 - camera_ai_app - INFO - WebSocket connected. Total connections: 26
2025-10-27 10:53:33,941 - camera_ai_app - INFO - Starting CameraAI Backend...
2025-10-27 10:53:33,942 - camera_ai_app - INFO - Connecting to MongoDB: mongodb+srv://CamAI_DB:Xinhzai1102%40%40@cluster0.1xazymq.mongodb.net/
2025-10-27 10:53:38,719 - camera_ai_app - INFO - Connected to MongoDB: CamAI_Honda
2025-10-27 10:53:38,723 - camera_ai_app - INFO - AGV Scheduler started successfully. Job scheduled at 23:00 daily.
2025-10-27 10:53:38,723 - camera_ai_app - INFO - Scheduled job: Reverse Dashboard Data Daily at 11 PM - Next run: 2025-10-27 23:00:00+07:00
2025-10-27 10:53:38,723 - camera_ai_app - INFO - AGV Scheduler started
2025-10-27 10:53:39,125 - camera_ai_app - INFO - WebSocket connected. Total connections: 1
2025-10-27 10:53:39,524 - camera_ai_app - INFO - WebSocket connected. Total connections: 2
2025-10-27 10:53:39,986 - camera_ai_app - INFO - WebSocket connected. Total connections: 3
2025-10-27 10:53:40,243 - camera_ai_app - INFO - WebSocket connected. Total connections: 4
2025-10-27 10:53:40,506 - camera_ai_app - INFO - WebSocket connected. Total connections: 5
2025-10-27 10:53:40,941 - camera_ai_app - INFO - WebSocket connected. Total connections: 6
2025-10-27 10:53:40,967 - camera_ai_app - INFO - WebSocket connected. Total connections: 7
2025-10-27 10:53:42,239 - camera_ai_app - INFO - WebSocket connected. Total connections: 8
2025-10-27 10:53:43,027 - camera_ai_app - INFO - WebSocket connected. Total connections: 9
2025-10-27 10:53:44,617 - camera_ai_app - INFO - WebSocket connected. Total connections: 10
2025-10-27 10:53:45,459 - camera_ai_app - INFO - WebSocket connected. Total connections: 11
2025-10-27 10:53:45,696 - camera_ai_app - INFO - WebSocket connected. Total connections: 12
2025-10-27 10:57:36,089 - camera_ai_app - INFO - WebSocket connected. Total connections: 13
2025-10-27 10:57:41,095 - camera_ai_app - INFO - WebSocket connected. Total connections: 14
2025-10-27 10:58:20,094 - camera_ai_app - INFO - WebSocket connected. Total connections: 15
2025-10-27 11:00:10,000 - camera_ai_app - INFO - WebSocket connected. Total connections: 16
2025-10-27 11:02:31,375 - camera_ai_app - INFO - WebSocket connected. Total connections: 17
2025-10-27 11:02:42,894 - camera_ai_app - INFO - WebSocket connected. Total connections: 18
2025-10-27 11:03:53,685 - camera_ai_app - INFO - WebSocket connected. Total connections: 19
2025-10-27 11:04:31,362 - camera_ai_app - INFO - WebSocket connected. Total connections: 20
2025-10-27 11:14:51,099 - camera_ai_app - INFO - WebSocket connected. Total connections: 21
2025-10-27 11:14:59,526 - camera_ai_app - INFO - WebSocket connected. Total connections: 22
2025-10-27 11:16:43,527 - camera_ai_app - INFO - WebSocket connected. Total connections: 23
2025-10-27 11:20:18,133 - camera_ai_app - INFO - WebSocket connected. Total connections: 24
2025-10-27 11:20:18,154 - camera_ai_app - INFO - WebSocket connected. Total connections: 25
2025-10-27 11:21:54,670 - camera_ai_app - INFO - WebSocket connected. Total connections: 26
2025-10-27 11:22:09,783 - camera_ai_app - INFO - WebSocket connected. Total connections: 27
2025-10-27 11:22:15,656 - camera_ai_app - INFO - WebSocket connected. Total connections: 28
2025-10-27 11:22:22,243 - camera_ai_app - INFO - WebSocket connected. Total connections: 29
2025-10-27 11:23:47,338 - camera_ai_app - INFO - WebSocket connected. Total connections: 30
2025-10-27 11:31:36,276 - camera_ai_app - INFO - WebSocket connected. Total connections: 31
2025-10-27 11:34:43,506 - camera_ai_app - INFO - WebSocket connected. Total connections: 32
2025-10-27 11:34:47,448 - camera_ai_app - INFO - WebSocket connected. Total connections: 33
2025-10-27 11:36:32,270 - camera_ai_app - INFO - WebSocket connected. Total connections: 34
2025-10-27 11:36:58,618 - camera_ai_app - INFO - WebSocket connected. Total connections: 35
2025-10-27 11:42:57,339 - camera_ai_app - INFO - WebSocket connected. Total connections: 36
2025-10-27 11:43:01,489 - camera_ai_app - INFO - WebSocket connected. Total connections: 37
2025-10-27 11:44:56,726 - camera_ai_app - INFO - WebSocket connected. Total connections: 38
2025-10-27 11:45:00,133 - camera_ai_app - INFO - WebSocket connected. Total connections: 39
2025-10-27 11:46:39,782 - camera_ai_app - INFO - WebSocket connected. Total connections: 40
2025-10-27 11:50:27,846 - camera_ai_app - INFO - WebSocket connected. Total connections: 41
2025-10-27 13:32:10,372 - camera_ai_app - INFO - WebSocket connected. Total connections: 42
2025-10-27 13:32:17,160 - camera_ai_app - INFO - WebSocket connected. Total connections: 43
2025-10-27 13:48:44,119 - camera_ai_app - INFO - WebSocket connected. Total connections: 44
2025-10-27 13:52:27,071 - camera_ai_app - INFO - WebSocket connected. Total connections: 45
2025-10-27 14:01:07,384 - camera_ai_app - INFO - WebSocket connected. Total connections: 46
2025-10-27 14:12:15,835 - camera_ai_app - INFO - WebSocket connected. Total connections: 47
2025-10-27 14:12:40,836 - camera_ai_app - INFO - WebSocket connected. Total connections: 48
2025-10-27 14:32:45,007 - camera_ai_app - ERROR - Error broadcasting message: 
2025-10-27 14:32:45,008 - camera_ai_app - ERROR - Error broadcasting message: 
2025-10-27 14:32:45,008 - camera_ai_app - ERROR - Error broadcasting message: 
2025-10-27 14:32:45,009 - camera_ai_app - ERROR - Error broadcasting message: 
2025-10-27 14:32:45,009 - camera_ai_app - ERROR - Error broadcasting message: 
2025-10-27 14:32:45,009 - camera_ai_app - ERROR - Error broadcasting message: 
2025-10-27 14:32:45,009 - camera_ai_app - ERROR - Error broadcasting message: 
2025-10-27 14:32:45,009 - camera_ai_app - ERROR - Error broadcasting message: 
2025-10-27 14:32:45,009 - camera_ai_app - ERROR - Error broadcasting message: 
2025-10-27 14:32:45,010 - camera_ai_app - ERROR - Error broadcasting message: 
2025-10-27 14:32:45,010 - camera_ai_app - ERROR - Error broadcasting message: 
2025-10-27 14:32:45,010 - camera_ai_app - ERROR - Error broadcasting message: 
2025-10-27 14:32:45,011 - camera_ai_app - ERROR - Error broadcasting message: 
2025-10-27 14:32:45,011 - camera_ai_app - ERROR - Error broadcasting message: 
2025-10-27 14:32:45,011 - camera_ai_app - ERROR - Error broadcasting message: 
2025-10-27 14:32:45,011 - camera_ai_app - ERROR - Error broadcasting message: 
2025-10-27 14:32:45,011 - camera_ai_app - ERROR - Error broadcasting message: 
2025-10-27 14:32:45,012 - camera_ai_app - ERROR - Error broadcasting message: 
2025-10-27 14:32:45,012 - camera_ai_app - ERROR - Error broadcasting message: 
2025-10-27 14:32:45,012 - camera_ai_app - ERROR - Error broadcasting message: 
2025-10-27 14:32:45,013 - camera_ai_app - ERROR - Error broadcasting message: 
2025-10-27 14:32:45,013 - camera_ai_app - ERROR - Error broadcasting message: 
2025-10-27 14:32:45,013 - camera_ai_app - ERROR - Error broadcasting message: 
2025-10-27 14:32:45,014 - camera_ai_app - ERROR - Error broadcasting message: 
2025-10-27 14:32:45,014 - camera_ai_app - ERROR - Error broadcasting message: 
2025-10-27 14:32:45,014 - camera_ai_app - ERROR - Error broadcasting message: 
2025-10-27 14:32:45,014 - camera_ai_app - ERROR - Error broadcasting message: 
2025-10-27 14:32:45,014 - camera_ai_app - ERROR - Error broadcasting message: 
2025-10-27 14:32:45,015 - camera_ai_app - ERROR - Error broadcasting message: 
2025-10-27 14:32:45,015 - camera_ai_app - ERROR - Error broadcasting message: 
2025-10-27 14:32:45,015 - camera_ai_app - ERROR - Error broadcasting message: 
2025-10-27 14:32:45,016 - camera_ai_app - ERROR - Error broadcasting message: 
2025-10-27 14:32:45,016 - camera_ai_app - ERROR - Error broadcasting message: 
2025-10-27 14:32:45,016 - camera_ai_app - ERROR - Error broadcasting message: 
2025-10-27 14:32:45,017 - camera_ai_app - ERROR - Error broadcasting message: 
2025-10-27 14:32:45,017 - camera_ai_app - ERROR - Error broadcasting message: 
2025-10-27 14:32:45,018 - camera_ai_app - ERROR - Error broadcasting message: 
2025-10-27 14:32:45,018 - camera_ai_app - ERROR - Error broadcasting message: 
2025-10-27 14:32:45,019 - camera_ai_app - ERROR - Error broadcasting message: 
2025-10-27 14:32:45,019 - camera_ai_app - ERROR - Error broadcasting message: 
2025-10-27 14:32:45,019 - camera_ai_app - ERROR - Error broadcasting message: 
2025-10-27 14:32:45,019 - camera_ai_app - ERROR - Error broadcasting message: 
2025-10-27 14:32:45,019 - camera_ai_app - ERROR - Error broadcasting message: 
2025-10-27 14:32:45,019 - camera_ai_app - ERROR - Error broadcasting message: 
2025-10-27 14:32:45,020 - camera_ai_app - ERROR - Error broadcasting message: 
2025-10-27 14:32:45,020 - camera_ai_app - INFO - WebSocket disconnected. Total connections: 47
2025-10-27 14:32:45,021 - camera_ai_app - INFO - WebSocket disconnected. Total connections: 46
2025-10-27 14:32:45,021 - camera_ai_app - INFO - WebSocket disconnected. Total connections: 45
2025-10-27 14:32:45,021 - camera_ai_app - INFO - WebSocket disconnected. Total connections: 44
2025-10-27 14:32:45,021 - camera_ai_app - INFO - WebSocket disconnected. Total connections: 43
2025-10-27 14:32:45,021 - camera_ai_app - INFO - WebSocket disconnected. Total connections: 42
2025-10-27 14:32:45,021 - camera_ai_app - INFO - WebSocket disconnected. Total connections: 41
2025-10-27 14:32:45,021 - camera_ai_app - INFO - WebSocket disconnected. Total connections: 40
2025-10-27 14:32:45,022 - camera_ai_app - INFO - WebSocket disconnected. Total connections: 39
2025-10-27 14:32:45,022 - camera_ai_app - INFO - WebSocket disconnected. Total connections: 38
2025-10-27 14:32:45,022 - camera_ai_app - INFO - WebSocket disconnected. Total connections: 37
2025-10-27 14:32:45,023 - camera_ai_app - INFO - WebSocket disconnected. Total connections: 36
2025-10-27 14:32:45,023 - camera_ai_app - INFO - WebSocket disconnected. Total connections: 35
2025-10-27 14:32:45,023 - camera_ai_app - INFO - WebSocket disconnected. Total connections: 34
2025-10-27 14:32:45,023 - camera_ai_app - INFO - WebSocket disconnected. Total connections: 33
2025-10-27 14:32:45,024 - camera_ai_app - INFO - WebSocket disconnected. Total connections: 32
2025-10-27 14:32:45,024 - camera_ai_app - INFO - WebSocket disconnected. Total connections: 31
2025-10-27 14:32:45,024 - camera_ai_app - INFO - WebSocket disconnected. Total connections: 30
2025-10-27 14:32:45,024 - camera_ai_app - INFO - WebSocket disconnected. Total connections: 29
2025-10-27 14:32:45,024 - camera_ai_app - INFO - WebSocket disconnected. Total connections: 28
2025-10-27 14:32:45,024 - camera_ai_app - INFO - WebSocket disconnected. Total connections: 27
2025-10-27 14:32:45,025 - camera_ai_app - INFO - WebSocket disconnected. Total connections: 26
2025-10-27 14:32:45,025 - camera_ai_app - INFO - WebSocket disconnected. Total connections: 25
2025-10-27 14:32:45,025 - camera_ai_app - INFO - WebSocket disconnected. Total connections: 24
2025-10-27 14:32:45,026 - camera_ai_app - INFO - WebSocket disconnected. Total connections: 23
2025-10-27 14:32:45,026 - camera_ai_app - INFO - WebSocket disconnected. Total connections: 22
2025-10-27 14:32:45,026 - camera_ai_app - INFO - WebSocket disconnected. Total connections: 21
2025-10-27 14:32:45,026 - camera_ai_app - INFO - WebSocket disconnected. Total connections: 20
2025-10-27 14:32:45,026 - camera_ai_app - INFO - WebSocket disconnected. Total connections: 19
2025-10-27 14:32:45,026 - camera_ai_app - INFO - WebSocket disconnected. Total connections: 18
2025-10-27 14:32:45,026 - camera_ai_app - INFO - WebSocket disconnected. Total connections: 17
2025-10-27 14:32:45,027 - camera_ai_app - INFO - WebSocket disconnected. Total connections: 16
2025-10-27 14:32:45,027 - camera_ai_app - INFO - WebSocket disconnected. Total connections: 15
2025-10-27 14:32:45,027 - camera_ai_app - INFO - WebSocket disconnected. Total connections: 14
2025-10-27 14:32:45,028 - camera_ai_app - INFO - WebSocket disconnected. Total connections: 13
2025-10-27 14:32:45,028 - camera_ai_app - INFO - WebSocket disconnected. Total connections: 12
2025-10-27 14:32:45,029 - camera_ai_app - INFO - WebSocket disconnected. Total connections: 11
2025-10-27 14:32:45,029 - camera_ai_app - INFO - WebSocket disconnected. Total connections: 10
2025-10-27 14:32:45,029 - camera_ai_app - INFO - WebSocket disconnected. Total connections: 9
2025-10-27 14:32:45,029 - camera_ai_app - INFO - WebSocket disconnected. Total connections: 8
2025-10-27 14:32:45,029 - camera_ai_app - INFO - WebSocket disconnected. Total connections: 7
2025-10-27 14:32:45,029 - camera_ai_app - INFO - WebSocket disconnected. Total connections: 6
2025-10-27 14:32:45,029 - camera_ai_app - INFO - WebSocket disconnected. Total connections: 5
2025-10-27 14:32:45,030 - camera_ai_app - INFO - WebSocket disconnected. Total connections: 4
2025-10-27 14:32:45,030 - camera_ai_app - INFO - WebSocket disconnected. Total connections: 3
2025-10-27 14:33:05,659 - camera_ai_app - INFO - WebSocket connected. Total connections: 4
2025-10-27 14:33:09,006 - camera_ai_app - ERROR - Error broadcasting message: 
2025-10-27 14:33:09,006 - camera_ai_app - INFO - WebSocket disconnected. Total connections: 3
2025-10-27 14:44:09,006 - camera_ai_app - ERROR - Error broadcasting message: 
2025-10-27 14:44:09,007 - camera_ai_app - INFO - WebSocket disconnected. Total connections: 2
2025-10-27 14:44:10,694 - camera_ai_app - INFO - WebSocket connected. Total connections: 3
2025-10-27 14:44:15,007 - camera_ai_app - ERROR - Error broadcasting message: 
2025-10-27 14:44:15,007 - camera_ai_app - INFO - WebSocket disconnected. Total connections: 2
2025-10-27 14:44:15,331 - camera_ai_app - INFO - WebSocket connected. Total connections: 3
2025-10-27 14:52:27,007 - camera_ai_app - ERROR - Error broadcasting message: 
2025-10-27 14:52:27,008 - camera_ai_app - INFO - WebSocket disconnected. Total connections: 2
2025-10-27 14:52:27,108 - camera_ai_app - INFO - WebSocket connected. Total connections: 3
2025-10-27 14:53:01,058 - camera_ai_app - INFO - WebSocket connected. Total connections: 4
2025-10-27 14:58:15,007 - camera_ai_app - ERROR - Error broadcasting message: 
2025-10-27 14:58:15,007 - camera_ai_app - ERROR - Error broadcasting message: 
2025-10-27 14:58:15,008 - camera_ai_app - INFO - WebSocket disconnected. Total connections: 3
2025-10-27 14:58:15,008 - camera_ai_app - INFO - WebSocket disconnected. Total connections: 2
2025-10-27 14:58:15,916 - camera_ai_app - INFO - WebSocket connected. Total connections: 3
2025-10-27 14:58:48,006 - camera_ai_app - ERROR - Error broadcasting message: 
2025-10-27 14:58:48,007 - camera_ai_app - INFO - WebSocket disconnected. Total connections: 2
2025-10-27 14:58:49,791 - camera_ai_app - INFO - WebSocket connected. Total connections: 3
2025-10-27 15:03:42,269 - camera_ai_app - INFO - WebSocket connected. Total connections: 4
2025-10-27 15:03:45,009 - camera_ai_app - ERROR - Error broadcasting message: 
2025-10-27 15:03:45,009 - camera_ai_app - INFO - WebSocket disconnected. Total connections: 3
2025-10-27 15:05:17,160 - camera_ai_app - INFO - WebSocket connected. Total connections: 4
2025-10-27 16:03:51,608 - camera_ai_app - INFO - WebSocket connected. Total connections: 5
2025-10-27 16:05:33,899 - camera_ai_app - INFO - Login success for username='hau_admin'
2025-10-27 16:05:34,048 - camera_ai_app - INFO - User '68f1a5d4991d17d6c5c5ae99' has wildcard permission (*) - granting ALL permissions
2025-10-27 16:05:35,472 - camera_ai_app - INFO - WebSocket connected. Total connections: 6
2025-10-27 16:17:15,706 - camera_ai_app - INFO - User '68f1a5d4991d17d6c5c5ae99' has wildcard permission (*) - granting ALL permissions
2025-10-27 16:17:16,022 - camera_ai_app - INFO - User '68f1a5d4991d17d6c5c5ae99' has wildcard permission (*) - granting ALL permissions
2025-10-27 16:35:02,228 - camera_ai_app - INFO - WebSocket connected. Total connections: 7
2025-10-27 16:51:51,013 - camera_ai_app - ERROR - Error broadcasting message: 
2025-10-27 16:51:51,014 - camera_ai_app - ERROR - Error broadcasting message: 
2025-10-27 16:51:51,014 - camera_ai_app - ERROR - Error broadcasting message: 
2025-10-27 16:51:51,014 - camera_ai_app - ERROR - Error broadcasting message: 
2025-10-27 16:51:51,015 - camera_ai_app - ERROR - Error broadcasting message: 
2025-10-27 16:51:51,015 - camera_ai_app - INFO - WebSocket disconnected. Total connections: 6
2025-10-27 16:51:51,015 - camera_ai_app - INFO - WebSocket disconnected. Total connections: 5
2025-10-27 16:51:51,015 - camera_ai_app - INFO - WebSocket disconnected. Total connections: 4
2025-10-27 16:51:51,016 - camera_ai_app - INFO - WebSocket disconnected. Total connections: 3
2025-10-27 16:51:51,016 - camera_ai_app - INFO - WebSocket disconnected. Total connections: 2
2025-10-27 17:17:51,010 - camera_ai_app - ERROR - Error broadcasting message: 
2025-10-27 17:17:51,011 - camera_ai_app - ERROR - Error broadcasting message: 
2025-10-27 17:17:51,011 - camera_ai_app - INFO - WebSocket disconnected. Total connections: 1
2025-10-27 17:17:51,011 - camera_ai_app - INFO - WebSocket disconnected. Total connections: 0
2025-10-27 17:25:10,431 - camera_ai_app - INFO - WebSocket connected. Total connections: 1
