2025-11-12 10:57:16,482 - camera_ai_app - INFO - User '68f214016f9a2421e62e37ad' has wildcard permission (*) - granting ALL permissions
2025-11-12 10:57:16,834 - camera_ai_app - INFO - User '68f214016f9a2421e62e37ad' has wildcard permission (*) - granting ALL permissions
2025-11-12 10:57:43,517 - camera_ai_app - INFO - WebSocket connected. Total connections: 76
2025-11-12 10:57:52,287 - camera_ai_app - INFO - User '68f214016f9a2421e62e37ad' has wildcard permission (*) - granting ALL permissions
2025-11-12 10:57:52,619 - camera_ai_app - INFO - User 'khang_admin' granted admin access via 'admin' role
2025-11-12 10:57:52,627 - camera_ai_app - INFO - User '68f214016f9a2421e62e37ad' has wildcard permission (*) - granting ALL permissions
2025-11-12 10:57:52,695 - camera_ai_app - INFO - User 'khang_admin' granted admin access via 'admin' role
2025-11-12 11:00:40,079 - camera_ai_app - INFO - WebSocket connected. Total connections: 77
2025-11-12 11:02:09,888 - camera_ai_app - INFO - User '68f214016f9a2421e62e37ad' has wildcard permission (*) - granting ALL permissions
2025-11-12 11:13:19,540 - camera_ai_app - INFO - User '68f214016f9a2421e62e37ad' has wildcard permission (*) - granting ALL permissions
2025-11-12 11:13:20,065 - camera_ai_app - INFO - User '68f214016f9a2421e62e37ad' has wildcard permission (*) - granting ALL permissions
2025-11-12 11:13:23,680 - camera_ai_app - INFO - WebSocket connected. Total connections: 78
2025-11-12 11:14:06,635 - camera_ai_app - INFO - WebSocket connected. Total connections: 79
2025-11-12 11:14:50,561 - camera_ai_app - INFO - WebSocket connected. Total connections: 80
2025-11-12 11:31:09,475 - camera_ai_app - INFO - User '68f214016f9a2421e62e37ad' has wildcard permission (*) - granting ALL permissions
2025-11-12 12:01:07,547 - camera_ai_app - INFO - User '68f214016f9a2421e62e37ad' has wildcard permission (*) - granting ALL permissions
2025-11-12 12:30:07,556 - camera_ai_app - INFO - User '68f214016f9a2421e62e37ad' has wildcard permission (*) - granting ALL permissions
2025-11-12 14:04:42,173 - camera_ai_app - INFO - Login success for username='khang_admin'
2025-11-12 14:04:42,273 - camera_ai_app - INFO - User '68f214016f9a2421e62e37ad' has wildcard permission (*) - granting ALL permissions
2025-11-12 14:04:44,058 - camera_ai_app - INFO - WebSocket connected. Total connections: 81
2025-11-12 14:04:57,147 - camera_ai_app - INFO - WebSocket connected. Total connections: 82
2025-11-12 14:27:10,695 - camera_ai_app - INFO - WebSocket connected. Total connections: 83
2025-11-12 14:27:23,004 - camera_ai_app - INFO - Login success for username='hau_admin'
