2025-11-25 10:04:07,544 - camera_ai_app - INFO - Starting CameraAI Backend...
2025-11-25 10:04:07,544 - camera_ai_app - INFO - Connecting to MongoDB: mongodb+srv://CamAI_DB:Xinhzai1102%40%40@cluster0.1xazymq.mongodb.net/
2025-11-25 10:04:12,501 - camera_ai_app - INFO - Connected to MongoDB: CamAI_Honda
2025-11-25 10:04:12,502 - camera_ai_app - INFO - Initializing default permissions...
2025-11-25 10:04:13,069 - camera_ai_app - INFO - Default permissions initialized
2025-11-25 10:04:13,070 - camera_ai_app - INFO - Initializing default roles...
2025-11-25 10:04:13,182 - camera_ai_app - INFO - Default roles initialized
2025-11-25 10:04:13,185 - camera_ai_app - INFO - AGV Scheduler started successfully. Job scheduled at 23:00 daily.
2025-11-25 10:04:13,186 - camera_ai_app - INFO - Scheduled job: Reverse Dashboard Data Daily at 11 PM - Next run: 2025-11-25 23:00:00+07:00
2025-11-25 10:04:13,186 - camera_ai_app - INFO - AGV Scheduler started
2025-11-25 10:04:13,186 - camera_ai_app - INFO - Notification service started
2025-11-25 10:05:58,254 - camera_ai_app - INFO - Login success for username='khang_admin'
2025-11-25 10:05:58,372 - camera_ai_app - INFO - User '68f214016f9a2421e62e37ad' has wildcard permission (*) - granting ALL permissions
2025-11-25 10:06:03,153 - camera_ai_app - INFO - User '68f214016f9a2421e62e37ad' has wildcard permission (*) - granting ALL permissions
2025-11-25 10:06:03,642 - camera_ai_app - INFO - User '68f214016f9a2421e62e37ad' has wildcard permission (*) - granting ALL permissions
2025-11-25 10:06:03,646 - camera_ai_app - INFO - User 'khang_admin' granted admin access via 'admin' role
2025-11-25 10:06:03,736 - camera_ai_app - INFO - User 'khang_admin' granted admin access via 'admin' role
2025-11-25 10:06:09,389 - camera_ai_app - INFO - User '68f214016f9a2421e62e37ad' has wildcard permission (*) - granting ALL permissions
2025-11-25 10:06:09,802 - camera_ai_app - INFO - User 'khang_admin' granted admin access via 'admin' role
2025-11-25 10:06:09,835 - camera_ai_app - INFO - User '68f214016f9a2421e62e37ad' has wildcard permission (*) - granting ALL permissions
2025-11-25 10:06:09,890 - camera_ai_app - INFO - User 'khang_admin' granted admin access via 'admin' role
2025-11-25 10:06:11,075 - camera_ai_app - INFO - User '68f214016f9a2421e62e37ad' has wildcard permission (*) - granting ALL permissions
2025-11-25 10:06:11,554 - camera_ai_app - INFO - User '68f214016f9a2421e62e37ad' has wildcard permission (*) - granting ALL permissions
2025-11-25 10:06:46,108 - camera_ai_app - INFO - User '68f214016f9a2421e62e37ad' has wildcard permission (*) - granting ALL permissions
2025-11-25 10:12:04,487 - camera_ai_app - INFO - User '68f214016f9a2421e62e37ad' has wildcard permission (*) - granting ALL permissions
2025-11-25 10:12:11,132 - camera_ai_app - INFO - Camera stream closed: rtsp://127.0.0.1:8554/cam_1
2025-11-25 10:12:12,251 - camera_ai_app - INFO - User '68f214016f9a2421e62e37ad' has wildcard permission (*) - granting ALL permissions
2025-11-25 10:12:12,675 - camera_ai_app - INFO - User '68f214016f9a2421e62e37ad' has wildcard permission (*) - granting ALL permissions
2025-11-25 10:12:50,420 - camera_ai_app - INFO - Camera stream closed: rtsp://127.0.0.1:8554/cam_1
2025-11-25 10:12:51,219 - camera_ai_app - INFO - User '68f214016f9a2421e62e37ad' has wildcard permission (*) - granting ALL permissions
2025-11-25 10:12:51,628 - camera_ai_app - INFO - User '68f214016f9a2421e62e37ad' has wildcard permission (*) - granting ALL permissions
2025-11-25 10:13:42,521 - camera_ai_app - INFO - Camera stream closed: rtsp://127.0.0.1:8554/cam_1
2025-11-25 10:13:43,413 - camera_ai_app - INFO - User '68f214016f9a2421e62e37ad' has wildcard permission (*) - granting ALL permissions
2025-11-25 10:13:43,841 - camera_ai_app - INFO - User '68f214016f9a2421e62e37ad' has wildcard permission (*) - granting ALL permissions
2025-11-25 10:18:59,319 - camera_ai_app - INFO - Camera stream closed: rtsp://127.0.0.1:8554/cam_1
2025-11-25 10:19:00,450 - camera_ai_app - INFO - User '68f214016f9a2421e62e37ad' has wildcard permission (*) - granting ALL permissions
2025-11-25 10:19:00,872 - camera_ai_app - INFO - User '68f214016f9a2421e62e37ad' has wildcard permission (*) - granting ALL permissions
2025-11-25 10:19:28,282 - camera_ai_app - INFO - Camera stream closed: rtsp://127.0.0.1:8554/cam_1
2025-11-25 10:19:29,148 - camera_ai_app - INFO - User '68f214016f9a2421e62e37ad' has wildcard permission (*) - granting ALL permissions
2025-11-25 10:19:29,569 - camera_ai_app - INFO - User '68f214016f9a2421e62e37ad' has wildcard permission (*) - granting ALL permissions
2025-11-25 10:19:50,563 - camera_ai_app - INFO - Camera updated successfully: 69155fb4cd73901e0353a87b
2025-11-25 10:19:50,743 - camera_ai_app - INFO - Camera updated successfully: 69155fb4cd73901e0353a87c
2025-11-25 10:19:50,923 - camera_ai_app - INFO - Camera updated successfully: 69155fb4cd73901e0353a87d
2025-11-25 10:19:51,108 - camera_ai_app - INFO - Camera updated successfully: 69155fb4cd73901e0353a87e
2025-11-25 10:19:51,289 - camera_ai_app - INFO - Camera updated successfully: 69155fb5cd73901e0353a87f
2025-11-25 10:19:51,471 - camera_ai_app - INFO - Camera updated successfully: 69155fb5cd73901e0353a880
2025-11-25 10:27:53,533 - camera_ai_app - INFO - Camera updated successfully: 69155fb4cd73901e0353a87b
2025-11-25 10:27:53,720 - camera_ai_app - INFO - Camera updated successfully: 69155fb4cd73901e0353a87c
2025-11-25 10:27:53,901 - camera_ai_app - INFO - Camera updated successfully: 69155fb4cd73901e0353a87d
2025-11-25 10:27:54,081 - camera_ai_app - INFO - Camera updated successfully: 69155fb4cd73901e0353a87e
2025-11-25 10:27:54,277 - camera_ai_app - INFO - Camera updated successfully: 69155fb5cd73901e0353a87f
2025-11-25 10:27:54,469 - camera_ai_app - INFO - Camera updated successfully: 69155fb5cd73901e0353a880
2025-11-25 10:32:05,477 - camera_ai_app - INFO - Camera updated successfully: 69155fb4cd73901e0353a87c
2025-11-25 10:32:05,661 - camera_ai_app - INFO - Camera updated successfully: 69155fb4cd73901e0353a87d
2025-11-25 10:32:05,841 - camera_ai_app - INFO - Camera updated successfully: 69155fb4cd73901e0353a87e
2025-11-25 10:32:06,060 - camera_ai_app - INFO - Camera updated successfully: 69155fb5cd73901e0353a87f
2025-11-25 10:32:06,249 - camera_ai_app - INFO - Camera updated successfully: 69155fb5cd73901e0353a880
2025-11-25 10:35:23,204 - camera_ai_app - INFO - User '68f214016f9a2421e62e37ad' has wildcard permission (*) - granting ALL permissions
2025-11-25 10:35:39,296 - camera_ai_app - INFO - User '68f214016f9a2421e62e37ad' has wildcard permission (*) - granting ALL permissions
2025-11-25 10:40:41,487 - camera_ai_app - INFO - User '68f214016f9a2421e62e37ad' has wildcard permission (*) - granting ALL permissions
2025-11-25 10:47:14,223 - camera_ai_app - INFO - User '68f214016f9a2421e62e37ad' has wildcard permission (*) - granting ALL permissions
2025-11-25 10:47:14,619 - camera_ai_app - INFO - User '68f214016f9a2421e62e37ad' has wildcard permission (*) - granting ALL permissions
2025-11-25 10:47:36,207 - camera_ai_app - INFO - Camera updated successfully: 69155fb4cd73901e0353a87b
2025-11-25 10:47:36,386 - camera_ai_app - INFO - Camera updated successfully: 69155fb4cd73901e0353a87c
2025-11-25 10:47:36,567 - camera_ai_app - INFO - Camera updated successfully: 69155fb4cd73901e0353a87d
2025-11-25 10:47:36,754 - camera_ai_app - INFO - Camera updated successfully: 69155fb5cd73901e0353a87f
2025-11-25 10:47:36,934 - camera_ai_app - INFO - Camera updated successfully: 69155fb5cd73901e0353a880
2025-11-25 10:48:44,857 - camera_ai_app - INFO - Camera updated successfully: 69155fb4cd73901e0353a87b
2025-11-25 10:48:45,034 - camera_ai_app - INFO - Camera updated successfully: 69155fb4cd73901e0353a87c
2025-11-25 10:48:45,213 - camera_ai_app - INFO - Camera updated successfully: 69155fb4cd73901e0353a87d
2025-11-25 10:48:45,397 - camera_ai_app - INFO - Camera updated successfully: 69155fb5cd73901e0353a87f
2025-11-25 10:48:45,578 - camera_ai_app - INFO - Camera updated successfully: 69155fb5cd73901e0353a880
2025-11-25 11:03:45,349 - camera_ai_app - INFO - User '68f214016f9a2421e62e37ad' has wildcard permission (*) - granting ALL permissions
2025-11-25 11:09:41,659 - camera_ai_app - INFO - User '68f214016f9a2421e62e37ad' has wildcard permission (*) - granting ALL permissions
2025-11-25 11:27:44,688 - camera_ai_app - INFO - Camera updated successfully: 69155fb4cd73901e0353a87b
2025-11-25 11:27:44,940 - camera_ai_app - INFO - Camera updated successfully: 69155fb4cd73901e0353a87c
2025-11-25 11:27:45,193 - camera_ai_app - INFO - Camera updated successfully: 69155fb4cd73901e0353a87d
2025-11-25 11:27:45,444 - camera_ai_app - INFO - Camera updated successfully: 69155fb4cd73901e0353a87e
2025-11-25 11:27:45,696 - camera_ai_app - INFO - Camera updated successfully: 69155fb5cd73901e0353a87f
2025-11-25 11:27:45,948 - camera_ai_app - INFO - Camera updated successfully: 69155fb5cd73901e0353a880
2025-11-25 11:31:24,976 - camera_ai_app - INFO - Camera stream closed: rtsp://127.0.0.1:8554/cam_4
2025-11-25 11:31:25,009 - camera_ai_app - INFO - Camera stream closed: rtsp://127.0.0.1:8554/cam_1
2025-11-25 11:31:26,366 - camera_ai_app - INFO - User '68f214016f9a2421e62e37ad' has wildcard permission (*) - granting ALL permissions
2025-11-25 11:31:26,622 - camera_ai_app - INFO - User '68f214016f9a2421e62e37ad' has wildcard permission (*) - granting ALL permissions
2025-11-25 11:31:27,186 - camera_ai_app - INFO - User '68f214016f9a2421e62e37ad' has wildcard permission (*) - granting ALL permissions
2025-11-25 11:32:23,341 - camera_ai_app - INFO - User '68f214016f9a2421e62e37ad' has wildcard permission (*) - granting ALL permissions
2025-11-25 11:33:02,648 - camera_ai_app - INFO - User '68f214016f9a2421e62e37ad' has wildcard permission (*) - granting ALL permissions
2025-11-25 11:33:03,044 - camera_ai_app - INFO - User '68f214016f9a2421e62e37ad' has wildcard permission (*) - granting ALL permissions
2025-11-25 11:37:04,558 - camera_ai_app - INFO - Camera stream closed: rtsp://127.0.0.1:8554/cam_1
2025-11-25 11:37:05,584 - camera_ai_app - INFO - User '68f214016f9a2421e62e37ad' has wildcard permission (*) - granting ALL permissions
2025-11-25 11:37:05,980 - camera_ai_app - INFO - User '68f214016f9a2421e62e37ad' has wildcard permission (*) - granting ALL permissions
2025-11-25 11:38:41,516 - camera_ai_app - INFO - User '68f214016f9a2421e62e37ad' has wildcard permission (*) - granting ALL permissions
2025-11-25 11:41:03,359 - camera_ai_app - INFO - User '68f214016f9a2421e62e37ad' has wildcard permission (*) - granting ALL permissions
2025-11-25 11:41:03,759 - camera_ai_app - INFO - User '68f214016f9a2421e62e37ad' has wildcard permission (*) - granting ALL permissions
2025-11-25 11:41:20,438 - camera_ai_app - INFO - User '68f214016f9a2421e62e37ad' has wildcard permission (*) - granting ALL permissions
2025-11-25 11:41:20,824 - camera_ai_app - INFO - User 'khang_admin' granted admin access via 'admin' role
2025-11-25 11:41:20,835 - camera_ai_app - INFO - User '68f214016f9a2421e62e37ad' has wildcard permission (*) - granting ALL permissions
2025-11-25 11:41:20,915 - camera_ai_app - INFO - User 'khang_admin' granted admin access via 'admin' role
2025-11-25 11:41:32,158 - camera_ai_app - INFO - User '68f214016f9a2421e62e37ad' has wildcard permission (*) - granting ALL permissions
2025-11-25 11:41:32,540 - camera_ai_app - INFO - User 'khang_admin' granted admin access via 'admin' role
2025-11-25 11:41:32,554 - camera_ai_app - INFO - User '68f214016f9a2421e62e37ad' has wildcard permission (*) - granting ALL permissions
2025-11-25 11:41:32,632 - camera_ai_app - INFO - User 'khang_admin' granted admin access via 'admin' role
2025-11-25 11:42:22,320 - camera_ai_app - INFO - User '68f214016f9a2421e62e37ad' has wildcard permission (*) - granting ALL permissions
2025-11-25 11:42:22,749 - camera_ai_app - INFO - User '68f214016f9a2421e62e37ad' has wildcard permission (*) - granting ALL permissions
2025-11-25 11:42:23,493 - camera_ai_app - INFO - User '68f214016f9a2421e62e37ad' has wildcard permission (*) - granting ALL permissions
2025-11-25 11:42:23,899 - camera_ai_app - INFO - User 'khang_admin' granted admin access via 'admin' role
2025-11-25 11:42:23,933 - camera_ai_app - INFO - User '68f214016f9a2421e62e37ad' has wildcard permission (*) - granting ALL permissions
2025-11-25 11:42:23,987 - camera_ai_app - INFO - User 'khang_admin' granted admin access via 'admin' role
2025-11-25 11:42:25,030 - camera_ai_app - INFO - User '68f214016f9a2421e62e37ad' has wildcard permission (*) - granting ALL permissions
2025-11-25 11:42:25,407 - camera_ai_app - INFO - User '68f214016f9a2421e62e37ad' has wildcard permission (*) - granting ALL permissions
2025-11-25 11:42:25,413 - camera_ai_app - INFO - User 'khang_admin' granted admin access via 'admin' role
2025-11-25 11:42:25,516 - camera_ai_app - INFO - User 'khang_admin' granted admin access via 'admin' role
2025-11-25 11:43:20,646 - camera_ai_app - INFO - User '68f214016f9a2421e62e37ad' has wildcard permission (*) - granting ALL permissions
2025-11-25 11:43:20,987 - camera_ai_app - INFO - User '68f214016f9a2421e62e37ad' has wildcard permission (*) - granting ALL permissions
2025-11-25 11:44:19,324 - camera_ai_app - INFO - User '68f214016f9a2421e62e37ad' has wildcard permission (*) - granting ALL permissions
2025-11-25 11:44:19,664 - camera_ai_app - INFO - User '68f214016f9a2421e62e37ad' has wildcard permission (*) - granting ALL permissions
2025-11-25 11:46:00,762 - camera_ai_app - INFO - User '68f214016f9a2421e62e37ad' has wildcard permission (*) - granting ALL permissions
2025-11-25 11:46:01,101 - camera_ai_app - INFO - User '68f214016f9a2421e62e37ad' has wildcard permission (*) - granting ALL permissions
2025-11-25 11:46:03,429 - camera_ai_app - INFO - User '68f214016f9a2421e62e37ad' has wildcard permission (*) - granting ALL permissions
2025-11-25 11:46:03,781 - camera_ai_app - INFO - User '68f214016f9a2421e62e37ad' has wildcard permission (*) - granting ALL permissions
2025-11-25 11:46:07,584 - camera_ai_app - INFO - User '68f214016f9a2421e62e37ad' has wildcard permission (*) - granting ALL permissions
2025-11-25 11:46:08,020 - camera_ai_app - INFO - User '68f214016f9a2421e62e37ad' has wildcard permission (*) - granting ALL permissions
2025-11-25 11:48:24,113 - camera_ai_app - INFO - User '68f214016f9a2421e62e37ad' has wildcard permission (*) - granting ALL permissions
2025-11-25 11:48:24,512 - camera_ai_app - INFO - User 'khang_admin' granted admin access via 'admin' role
2025-11-25 11:48:24,541 - camera_ai_app - INFO - User '68f214016f9a2421e62e37ad' has wildcard permission (*) - granting ALL permissions
2025-11-25 11:48:24,583 - camera_ai_app - INFO - User 'khang_admin' granted admin access via 'admin' role
2025-11-25 11:48:25,659 - camera_ai_app - INFO - User '68f214016f9a2421e62e37ad' has wildcard permission (*) - granting ALL permissions
2025-11-25 11:48:26,002 - camera_ai_app - INFO - User 'khang_admin' granted admin access via 'admin' role
2025-11-25 11:48:26,003 - camera_ai_app - INFO - User '68f214016f9a2421e62e37ad' has wildcard permission (*) - granting ALL permissions
2025-11-25 11:48:26,097 - camera_ai_app - INFO - User 'khang_admin' granted admin access via 'admin' role
2025-11-25 11:53:04,006 - camera_ai_app - INFO - Login success for username='test_user_2'
2025-11-25 11:53:20,114 - camera_ai_app - INFO - Login success for username='hau_admin'
2025-11-25 11:55:32,168 - camera_ai_app - INFO - Login success for username='khang_admin'
2025-11-25 11:55:32,268 - camera_ai_app - INFO - User '68f214016f9a2421e62e37ad' has wildcard permission (*) - granting ALL permissions
2025-11-25 12:01:23,427 - camera_ai_app - INFO - User '68f214016f9a2421e62e37ad' has wildcard permission (*) - granting ALL permissions
2025-11-25 12:07:41,577 - camera_ai_app - INFO - User '68f214016f9a2421e62e37ad' has wildcard permission (*) - granting ALL permissions
2025-11-25 12:24:39,307 - camera_ai_app - INFO - User '68f214016f9a2421e62e37ad' has wildcard permission (*) - granting ALL permissions
2025-11-25 12:30:23,453 - camera_ai_app - INFO - User '68f214016f9a2421e62e37ad' has wildcard permission (*) - granting ALL permissions
2025-11-25 12:36:41,566 - camera_ai_app - INFO - User '68f214016f9a2421e62e37ad' has wildcard permission (*) - granting ALL permissions
2025-11-25 13:34:06,594 - camera_ai_app - INFO - User '68f214016f9a2421e62e37ad' has wildcard permission (*) - granting ALL permissions
2025-11-25 13:34:06,740 - camera_ai_app - INFO - User '68f214016f9a2421e62e37ad' has wildcard permission (*) - granting ALL permissions
2025-11-25 13:34:07,077 - camera_ai_app - INFO - User '68f214016f9a2421e62e37ad' has wildcard permission (*) - granting ALL permissions
2025-11-25 13:34:07,095 - camera_ai_app - INFO - User 'khang_admin' granted admin access via 'admin' role
2025-11-25 13:34:07,191 - camera_ai_app - INFO - User 'khang_admin' granted admin access via 'admin' role
2025-11-25 13:34:09,449 - camera_ai_app - INFO - User '68f214016f9a2421e62e37ad' has wildcard permission (*) - granting ALL permissions
2025-11-25 13:34:09,785 - camera_ai_app - INFO - User '68f214016f9a2421e62e37ad' has wildcard permission (*) - granting ALL permissions
2025-11-25 13:34:09,787 - camera_ai_app - INFO - User 'khang_admin' granted admin access via 'admin' role
2025-11-25 13:34:09,879 - camera_ai_app - INFO - User 'khang_admin' granted admin access via 'admin' role
2025-11-25 13:34:11,889 - camera_ai_app - INFO - User '68f214016f9a2421e62e37ad' has wildcard permission (*) - granting ALL permissions
2025-11-25 13:34:12,267 - camera_ai_app - INFO - User 'khang_admin' granted admin access via 'admin' role
2025-11-25 13:34:12,277 - camera_ai_app - INFO - User '68f214016f9a2421e62e37ad' has wildcard permission (*) - granting ALL permissions
2025-11-25 13:34:12,349 - camera_ai_app - INFO - User 'khang_admin' granted admin access via 'admin' role
2025-11-25 13:34:14,741 - camera_ai_app - INFO - User 'khang_admin' granted admin access via 'admin' role
2025-11-25 13:47:58,722 - camera_ai_app - INFO - User '68f214016f9a2421e62e37ad' has wildcard permission (*) - granting ALL permissions
2025-11-25 13:47:59,126 - camera_ai_app - INFO - User 'khang_admin' granted admin access via 'admin' role
2025-11-25 13:47:59,157 - camera_ai_app - INFO - User '68f214016f9a2421e62e37ad' has wildcard permission (*) - granting ALL permissions
2025-11-25 13:47:59,203 - camera_ai_app - INFO - User 'khang_admin' granted admin access via 'admin' role
2025-11-25 14:03:39,330 - camera_ai_app - INFO - User '68f214016f9a2421e62e37ad' has wildcard permission (*) - granting ALL permissions
