2025-11-27 14:57:43,824 - camera_ai_app - INFO - Starting CameraAI Backend...
2025-11-27 14:57:43,825 - camera_ai_app - INFO - Connecting to MongoDB: mongodb+srv://CamAI_DB:Xinhzai1102%40%40@cluster0.1xazymq.mongodb.net/
2025-11-27 14:57:48,925 - camera_ai_app - INFO - Connected to MongoDB: CamAI_Honda
2025-11-27 14:57:48,925 - camera_ai_app - INFO - Initializing default permissions...
2025-11-27 14:57:49,677 - camera_ai_app - INFO - Default permissions initialized
2025-11-27 14:57:49,677 - camera_ai_app - INFO - Initializing default roles...
2025-11-27 14:57:49,825 - camera_ai_app - INFO - Default roles initialized
2025-11-27 14:57:49,830 - camera_ai_app - INFO - AGV Scheduler started successfully. Job scheduled at 23:00 daily.
2025-11-27 14:57:49,830 - camera_ai_app - INFO - Scheduled job: Reverse Dashboard Data Daily at 11 PM - Next run: 2025-11-27 23:00:00+07:00
2025-11-27 14:57:49,830 - camera_ai_app - INFO - AGV Scheduler started
2025-11-27 14:57:49,831 - camera_ai_app - INFO - Notification service started
2025-11-27 15:07:00,300 - camera_ai_app - INFO - Shutting down CameraAI Backend...
2025-11-27 15:07:00,300 - camera_ai_app - INFO - AGV Scheduler shut down successfully.
2025-11-27 15:07:00,300 - camera_ai_app - INFO - AGV Scheduler stopped
2025-11-27 15:07:00,301 - camera_ai_app - INFO - Notification service stopped
2025-11-27 15:07:00,327 - camera_ai_app - INFO - Disconnected from MongoDB
2025-11-27 15:42:11,816 - camera_ai_app - INFO - Starting CameraAI Backend...
2025-11-27 15:42:11,817 - camera_ai_app - INFO - Connecting to MongoDB: mongodb+srv://CamAI_DB:Xinhzai1102%40%40@cluster0.1xazymq.mongodb.net/
2025-11-27 15:42:16,455 - camera_ai_app - INFO - Connected to MongoDB: CamAI_Honda
2025-11-27 15:42:16,455 - camera_ai_app - INFO - Initializing default permissions...
2025-11-27 15:42:17,015 - camera_ai_app - INFO - Default permissions initialized
2025-11-27 15:42:17,015 - camera_ai_app - INFO - Initializing default roles...
2025-11-27 15:42:17,128 - camera_ai_app - INFO - Default roles initialized
2025-11-27 15:42:17,131 - camera_ai_app - INFO - AGV Scheduler started successfully.
2025-11-27 15:42:17,131 - camera_ai_app - INFO - Scheduled job: Reverse Dashboard Data Daily at 11 PM - Next run: 2025-11-27 23:00:00+07:00
2025-11-27 15:42:17,132 - camera_ai_app - INFO - AGV Scheduler started
2025-11-27 15:42:17,132 - camera_ai_app - INFO - Notification service started
2025-11-27 15:42:17,132 - camera_ai_app - INFO - Task service started
2025-11-27 15:42:17,133 - camera_ai_app - INFO - WebSocket Heartbeat service started (interval: 30s)
2025-11-27 15:42:17,133 - camera_ai_app - INFO - Heartbeat service started
2025-11-27 15:42:17,134 - camera_ai_app - INFO - Starting Modbus Device Manager...
2025-11-27 15:42:17,164 - camera_ai_app - INFO - Loaded 1 Modbus devices from database
2025-11-27 15:42:17,164 - camera_ai_app - INFO - Modbus Device Manager started with 1 devices
2025-11-27 15:42:17,165 - camera_ai_app - INFO - Modbus device manager started
2025-11-27 15:44:47,706 - camera_ai_app - INFO - Login success for username='khang_admin'
2025-11-27 15:44:47,822 - camera_ai_app - INFO - User '68f214016f9a2421e62e37ad' has wildcard permission (*) - granting ALL permissions
2025-11-27 15:46:27,881 - camera_ai_app - INFO - Login success for username='khang_admin'
2025-11-27 15:46:27,999 - camera_ai_app - INFO - User '68f214016f9a2421e62e37ad' has wildcard permission (*) - granting ALL permissions
2025-11-27 15:46:41,056 - camera_ai_app - INFO - User '68f214016f9a2421e62e37ad' has wildcard permission (*) - granting ALL permissions
2025-11-27 15:46:41,429 - camera_ai_app - ERROR - Error getting routes: 1 validation error for RouteOut
area_id
  Field required [type=missing, input_value={'_id': ObjectId('691d1f7...1d1f7f353d5904ea1588a3'}, input_type=dict]
    For further information visit https://errors.pydantic.dev/2.9/v/missing
2025-11-27 15:46:41,452 - camera_ai_app - INFO - User '68f214016f9a2421e62e37ad' has wildcard permission (*) - granting ALL permissions
2025-11-27 15:46:41,461 - camera_ai_app - ERROR - Error getting routes: 1 validation error for RouteOut
area_id
  Field required [type=missing, input_value={'_id': ObjectId('691d1f7...1d1f7f353d5904ea1588a3'}, input_type=dict]
    For further information visit https://errors.pydantic.dev/2.9/v/missing
2025-11-27 15:46:41,696 - camera_ai_app - INFO - User 'khang_admin' granted admin access via 'admin' role
2025-11-27 15:46:41,784 - camera_ai_app - INFO - User 'khang_admin' granted admin access via 'admin' role
2025-11-27 15:46:44,525 - camera_ai_app - INFO - User '68f214016f9a2421e62e37ad' has wildcard permission (*) - granting ALL permissions
2025-11-27 15:46:44,920 - camera_ai_app - INFO - User '68f214016f9a2421e62e37ad' has wildcard permission (*) - granting ALL permissions
