2025-11-03 08:39:20,995 - camera_ai_app - INFO - Starting CameraAI Backend...
2025-11-03 08:39:20,996 - camera_ai_app - INFO - Connecting to MongoDB: mongodb+srv://CamAI_DB:Xinhzai1102%40%40@cluster0.1xazymq.mongodb.net/
2025-11-03 08:39:26,754 - camera_ai_app - INFO - Connected to MongoDB: CamAI_Honda
2025-11-03 08:39:26,779 - camera_ai_app - INFO - AGV Scheduler started successfully. Job scheduled at 23:00 daily.
2025-11-03 08:39:26,779 - camera_ai_app - INFO - Scheduled job: Reverse Dashboard Data Daily at 11 PM - Next run: 2025-11-03 23:00:00+07:00
2025-11-03 08:39:26,780 - camera_ai_app - INFO - AGV Scheduler started
2025-11-03 08:39:34,366 - camera_ai_app - INFO - Login success for username='khang_admin'
2025-11-03 08:39:34,576 - camera_ai_app - INFO - User '68f214016f9a2421e62e37ad' has wildcard permission (*) - granting ALL permissions
2025-11-03 08:39:35,904 - camera_ai_app - INFO - WebSocket connected. Total connections: 1
2025-11-03 08:40:07,741 - camera_ai_app - INFO - User '68f214016f9a2421e62e37ad' has wildcard permission (*) - granting ALL permissions
2025-11-03 08:40:08,295 - camera_ai_app - INFO - User '68f214016f9a2421e62e37ad' has wildcard permission (*) - granting ALL permissions
2025-11-03 08:40:17,711 - camera_ai_app - INFO - WebSocket connected. Total connections: 2
2025-11-03 08:40:52,327 - camera_ai_app - INFO - WebSocket connected. Total connections: 3
2025-11-03 08:48:24,058 - camera_ai_app - ERROR - Error broadcasting message: 
2025-11-03 08:48:24,059 - camera_ai_app - ERROR - Error broadcasting message: 
2025-11-03 08:48:24,059 - camera_ai_app - ERROR - Error broadcasting message: 
2025-11-03 08:48:24,059 - camera_ai_app - INFO - WebSocket disconnected. Total connections: 2
2025-11-03 08:48:24,059 - camera_ai_app - INFO - WebSocket disconnected. Total connections: 1
2025-11-03 08:48:24,059 - camera_ai_app - INFO - WebSocket disconnected. Total connections: 0
2025-11-03 08:48:29,814 - camera_ai_app - INFO - WebSocket connected. Total connections: 1
2025-11-03 08:49:58,082 - camera_ai_app - INFO - WebSocket connected. Total connections: 2
2025-11-03 08:50:53,103 - camera_ai_app - INFO - User '68f214016f9a2421e62e37ad' has wildcard permission (*) - granting ALL permissions
2025-11-03 08:50:53,564 - camera_ai_app - INFO - User 'khang_admin' granted admin access via 'admin' role
2025-11-03 08:50:53,628 - camera_ai_app - INFO - User '68f214016f9a2421e62e37ad' has wildcard permission (*) - granting ALL permissions
2025-11-03 08:50:53,672 - camera_ai_app - INFO - User 'khang_admin' granted admin access via 'admin' role
2025-11-03 08:51:04,621 - camera_ai_app - INFO - User '68f214016f9a2421e62e37ad' has wildcard permission (*) - granting ALL permissions
2025-11-03 08:51:05,198 - camera_ai_app - INFO - User '68f214016f9a2421e62e37ad' has wildcard permission (*) - granting ALL permissions
2025-11-03 09:08:46,918 - camera_ai_app - INFO - WebSocket connected. Total connections: 3
2025-11-03 14:53:36,867 - camera_ai_app - INFO - Starting CameraAI Backend...
2025-11-03 14:53:36,867 - camera_ai_app - INFO - Connecting to MongoDB: mongodb+srv://CamAI_DB:Xinhzai1102%40%40@cluster0.1xazymq.mongodb.net/
2025-11-03 14:53:41,800 - camera_ai_app - INFO - Connected to MongoDB: CamAI_Honda
2025-11-03 14:53:41,801 - camera_ai_app - INFO - Initializing default permissions...
2025-11-03 14:53:42,377 - camera_ai_app - INFO - Default permissions initialized
2025-11-03 14:53:42,377 - camera_ai_app - INFO - Initializing default roles...
2025-11-03 14:53:42,492 - camera_ai_app - INFO - Default roles initialized
2025-11-03 14:53:42,498 - camera_ai_app - INFO - AGV Scheduler started successfully. Job scheduled at 23:00 daily.
2025-11-03 14:53:42,498 - camera_ai_app - INFO - Scheduled job: Reverse Dashboard Data Daily at 11 PM - Next run: 2025-11-03 23:00:00+07:00
2025-11-03 14:53:42,499 - camera_ai_app - INFO - AGV Scheduler started
2025-11-03 14:53:42,771 - camera_ai_app - INFO - WebSocket connected. Total connections: 1
2025-11-03 14:53:42,786 - camera_ai_app - INFO - WebSocket connected. Total connections: 2
2025-11-03 14:53:44,863 - camera_ai_app - INFO - WebSocket connected. Total connections: 3
2025-11-03 14:53:47,679 - camera_ai_app - INFO - WebSocket connected. Total connections: 4
2025-11-03 14:54:01,127 - camera_ai_app - INFO - Login success for username='khang_admin'
2025-11-03 14:54:01,248 - camera_ai_app - INFO - User '68f214016f9a2421e62e37ad' has wildcard permission (*) - granting ALL permissions
2025-11-03 14:54:02,831 - camera_ai_app - INFO - WebSocket connected. Total connections: 5
2025-11-03 14:54:08,292 - camera_ai_app - INFO - User '68f214016f9a2421e62e37ad' has wildcard permission (*) - granting ALL permissions
2025-11-03 14:54:08,631 - camera_ai_app - INFO - User 'khang_admin' granted admin access via 'admin' role
2025-11-03 14:54:08,655 - camera_ai_app - INFO - User '68f214016f9a2421e62e37ad' has wildcard permission (*) - granting ALL permissions
2025-11-03 14:54:08,723 - camera_ai_app - INFO - User 'khang_admin' granted admin access via 'admin' role
2025-11-03 14:54:11,467 - camera_ai_app - INFO - User '68f214016f9a2421e62e37ad' has wildcard permission (*) - granting ALL permissions
2025-11-03 14:54:11,780 - camera_ai_app - INFO - User '68f214016f9a2421e62e37ad' has wildcard permission (*) - granting ALL permissions
2025-11-03 14:54:26,486 - camera_ai_app - INFO - User '68f214016f9a2421e62e37ad' has wildcard permission (*) - granting ALL permissions
2025-11-03 14:54:26,862 - camera_ai_app - INFO - User '68f214016f9a2421e62e37ad' has wildcard permission (*) - granting ALL permissions
2025-11-03 15:02:19,161 - camera_ai_app - INFO - Starting CameraAI Backend...
2025-11-03 15:02:19,162 - camera_ai_app - INFO - Connecting to MongoDB: mongodb+srv://CamAI_DB:Xinhzai1102%40%40@cluster0.1xazymq.mongodb.net/
2025-11-03 15:02:23,770 - camera_ai_app - INFO - Connected to MongoDB: CamAI_Honda
2025-11-03 15:02:23,771 - camera_ai_app - INFO - Initializing default permissions...
2025-11-03 15:02:24,335 - camera_ai_app - INFO - Default permissions initialized
2025-11-03 15:02:24,336 - camera_ai_app - INFO - Initializing default roles...
2025-11-03 15:02:24,451 - camera_ai_app - INFO - Default roles initialized
2025-11-03 15:02:24,453 - camera_ai_app - INFO - AGV Scheduler started successfully. Job scheduled at 23:00 daily.
2025-11-03 15:02:24,453 - camera_ai_app - INFO - Scheduled job: Reverse Dashboard Data Daily at 11 PM - Next run: 2025-11-03 23:00:00+07:00
2025-11-03 15:02:24,454 - camera_ai_app - INFO - AGV Scheduler started
2025-11-03 15:02:24,617 - camera_ai_app - INFO - WebSocket connected. Total connections: 1
2025-11-03 15:02:24,631 - camera_ai_app - INFO - WebSocket connected. Total connections: 2
2025-11-03 15:02:24,915 - camera_ai_app - INFO - WebSocket connected. Total connections: 3
2025-11-03 15:02:26,926 - camera_ai_app - INFO - WebSocket connected. Total connections: 4
2025-11-03 15:03:53,897 - camera_ai_app - INFO - Starting CameraAI Backend...
2025-11-03 15:03:53,897 - camera_ai_app - INFO - Connecting to MongoDB: mongodb+srv://CamAI_DB:Xinhzai1102%40%40@cluster0.1xazymq.mongodb.net/
2025-11-03 15:03:58,674 - camera_ai_app - INFO - Connected to MongoDB: CamAI_Honda
2025-11-03 15:03:58,674 - camera_ai_app - INFO - Initializing default permissions...
2025-11-03 15:03:59,554 - camera_ai_app - INFO - Default permissions initialized
2025-11-03 15:03:59,554 - camera_ai_app - INFO - Initializing default roles...
2025-11-03 15:03:59,730 - camera_ai_app - INFO - Default roles initialized
2025-11-03 15:03:59,732 - camera_ai_app - INFO - AGV Scheduler started successfully. Job scheduled at 23:00 daily.
2025-11-03 15:03:59,732 - camera_ai_app - INFO - Scheduled job: Reverse Dashboard Data Daily at 11 PM - Next run: 2025-11-03 23:00:00+07:00
2025-11-03 15:03:59,733 - camera_ai_app - INFO - AGV Scheduler started
2025-11-03 15:03:59,814 - camera_ai_app - INFO - WebSocket connected. Total connections: 1
2025-11-03 15:03:59,830 - camera_ai_app - INFO - WebSocket connected. Total connections: 2
2025-11-03 15:03:59,910 - camera_ai_app - INFO - WebSocket connected. Total connections: 3
2025-11-03 15:04:01,917 - camera_ai_app - INFO - WebSocket connected. Total connections: 4
2025-11-03 15:15:55,252 - camera_ai_app - INFO - Starting CameraAI Backend...
2025-11-03 15:15:55,252 - camera_ai_app - INFO - Connecting to MongoDB: mongodb+srv://CamAI_DB:Xinhzai1102%40%40@cluster0.1xazymq.mongodb.net/
2025-11-03 15:15:59,995 - camera_ai_app - INFO - Connected to MongoDB: CamAI_Honda
2025-11-03 15:15:59,995 - camera_ai_app - INFO - Initializing default permissions...
2025-11-03 15:16:00,807 - camera_ai_app - INFO - Default permissions initialized
2025-11-03 15:16:00,807 - camera_ai_app - INFO - Initializing default roles...
2025-11-03 15:16:00,975 - camera_ai_app - INFO - Default roles initialized
2025-11-03 15:16:00,978 - camera_ai_app - INFO - AGV Scheduler started successfully. Job scheduled at 23:00 daily.
2025-11-03 15:16:00,978 - camera_ai_app - INFO - Scheduled job: Reverse Dashboard Data Daily at 11 PM - Next run: 2025-11-03 23:00:00+07:00
2025-11-03 15:16:00,978 - camera_ai_app - INFO - AGV Scheduler started
2025-11-03 15:16:01,151 - camera_ai_app - INFO - WebSocket connected. Total connections: 1
2025-11-03 15:16:02,898 - camera_ai_app - INFO - WebSocket connected. Total connections: 2
2025-11-03 15:16:03,038 - camera_ai_app - INFO - WebSocket connected. Total connections: 3
2025-11-03 15:16:07,440 - camera_ai_app - INFO - WebSocket connected. Total connections: 4
2025-11-03 15:17:14,829 - camera_ai_app - INFO - Starting CameraAI Backend...
2025-11-03 15:17:14,830 - camera_ai_app - INFO - Connecting to MongoDB: mongodb+srv://CamAI_DB:Xinhzai1102%40%40@cluster0.1xazymq.mongodb.net/
2025-11-03 15:17:19,514 - camera_ai_app - INFO - Connected to MongoDB: CamAI_Honda
2025-11-03 15:17:19,515 - camera_ai_app - INFO - Initializing default permissions...
2025-11-03 15:17:20,315 - camera_ai_app - INFO - Default permissions initialized
2025-11-03 15:17:20,316 - camera_ai_app - INFO - Initializing default roles...
2025-11-03 15:17:20,475 - camera_ai_app - INFO - Default roles initialized
2025-11-03 15:17:20,477 - camera_ai_app - INFO - AGV Scheduler started successfully. Job scheduled at 23:00 daily.
2025-11-03 15:17:20,478 - camera_ai_app - INFO - Scheduled job: Reverse Dashboard Data Daily at 11 PM - Next run: 2025-11-03 23:00:00+07:00
2025-11-03 15:17:20,478 - camera_ai_app - INFO - AGV Scheduler started
2025-11-03 15:17:20,804 - camera_ai_app - INFO - WebSocket connected. Total connections: 1
2025-11-03 15:17:20,838 - camera_ai_app - INFO - WebSocket connected. Total connections: 2
2025-11-03 15:17:20,931 - camera_ai_app - INFO - WebSocket connected. Total connections: 3
2025-11-03 15:17:22,928 - camera_ai_app - INFO - WebSocket connected. Total connections: 4
2025-11-03 15:18:29,934 - camera_ai_app - INFO - Starting CameraAI Backend...
2025-11-03 15:18:29,935 - camera_ai_app - INFO - Connecting to MongoDB: mongodb+srv://CamAI_DB:Xinhzai1102%40%40@cluster0.1xazymq.mongodb.net/
2025-11-03 15:18:34,614 - camera_ai_app - INFO - Connected to MongoDB: CamAI_Honda
2025-11-03 15:18:34,614 - camera_ai_app - INFO - Initializing default permissions...
2025-11-03 15:18:35,494 - camera_ai_app - INFO - Default permissions initialized
2025-11-03 15:18:35,495 - camera_ai_app - INFO - Initializing default roles...
2025-11-03 15:18:35,670 - camera_ai_app - INFO - Default roles initialized
2025-11-03 15:18:35,673 - camera_ai_app - INFO - AGV Scheduler started successfully. Job scheduled at 23:00 daily.
2025-11-03 15:18:35,673 - camera_ai_app - INFO - Scheduled job: Reverse Dashboard Data Daily at 11 PM - Next run: 2025-11-03 23:00:00+07:00
2025-11-03 15:18:35,673 - camera_ai_app - INFO - AGV Scheduler started
2025-11-03 15:18:36,117 - camera_ai_app - INFO - WebSocket connected. Total connections: 1
2025-11-03 15:18:36,149 - camera_ai_app - INFO - WebSocket connected. Total connections: 2
2025-11-03 15:18:36,180 - camera_ai_app - INFO - WebSocket connected. Total connections: 3
2025-11-03 15:18:37,923 - camera_ai_app - INFO - WebSocket connected. Total connections: 4
2025-11-03 15:26:24,192 - camera_ai_app - INFO - WebSocket connected. Total connections: 5
2025-11-03 15:38:25,739 - camera_ai_app - WARNING - Login failed: invalid password or username
2025-11-03 15:38:25,739 - camera_ai_app - ERROR - Login attempt with invalid username='khang_admin'
2025-11-03 15:38:31,465 - camera_ai_app - INFO - Login success for username='khang_admin'
2025-11-03 15:38:31,831 - camera_ai_app - INFO - User '68f214016f9a2421e62e37ad' has wildcard permission (*) - granting ALL permissions
2025-11-03 15:38:33,524 - camera_ai_app - INFO - WebSocket connected. Total connections: 6
2025-11-03 15:42:02,871 - camera_ai_app - ERROR - Error broadcasting message: 
2025-11-03 15:42:02,871 - camera_ai_app - INFO - WebSocket disconnected. Total connections: 5
2025-11-03 16:00:12,518 - camera_ai_app - INFO - WebSocket connected. Total connections: 6
2025-11-03 16:00:47,533 - camera_ai_app - INFO - WebSocket connected. Total connections: 7
2025-11-03 16:01:16,352 - camera_ai_app - INFO - WebSocket connected. Total connections: 8
2025-11-03 16:01:34,586 - camera_ai_app - INFO - User '68f214016f9a2421e62e37ad' has wildcard permission (*) - granting ALL permissions
2025-11-03 16:01:37,590 - camera_ai_app - INFO - User '68f214016f9a2421e62e37ad' has wildcard permission (*) - granting ALL permissions
2025-11-03 16:01:44,766 - camera_ai_app - INFO - User '68f214016f9a2421e62e37ad' has wildcard permission (*) - granting ALL permissions
2025-11-03 16:01:45,767 - camera_ai_app - INFO - User '68f214016f9a2421e62e37ad' has wildcard permission (*) - granting ALL permissions
2025-11-03 16:01:46,295 - camera_ai_app - INFO - User '68f214016f9a2421e62e37ad' has wildcard permission (*) - granting ALL permissions
2025-11-03 16:01:46,793 - camera_ai_app - INFO - User 'khang_admin' granted admin access via 'admin' role
2025-11-03 16:01:46,827 - camera_ai_app - INFO - User '68f214016f9a2421e62e37ad' has wildcard permission (*) - granting ALL permissions
2025-11-03 16:01:46,925 - camera_ai_app - INFO - User 'khang_admin' granted admin access via 'admin' role
2025-11-03 16:01:49,742 - camera_ai_app - INFO - WebSocket connected. Total connections: 9
2025-11-03 16:03:54,526 - camera_ai_app - INFO - User '68f214016f9a2421e62e37ad' has wildcard permission (*) - granting ALL permissions
2025-11-03 16:03:54,858 - camera_ai_app - INFO - User '68f214016f9a2421e62e37ad' has wildcard permission (*) - granting ALL permissions
