2025-11-21 09:38:26,273 - camera_ai_app - INFO - Starting CameraAI Backend...
2025-11-21 09:38:26,274 - camera_ai_app - INFO - Connecting to MongoDB: mongodb+srv://CamAI_DB:Xinhzai1102%40%40@cluster0.1xazymq.mongodb.net/
2025-11-21 09:38:31,271 - camera_ai_app - INFO - Connected to MongoDB: CamAI_Honda
2025-11-21 09:38:31,272 - camera_ai_app - INFO - Initializing default permissions...
2025-11-21 09:38:31,752 - camera_ai_app - INFO - Default permissions initialized
2025-11-21 09:38:31,752 - camera_ai_app - INFO - Initializing default roles...
2025-11-21 09:38:31,848 - camera_ai_app - INFO - Default roles initialized
2025-11-21 09:38:31,853 - camera_ai_app - INFO - AGV Scheduler started successfully. Job scheduled at 23:00 daily.
2025-11-21 09:38:31,853 - camera_ai_app - INFO - Scheduled job: Reverse Dashboard Data Daily at 11 PM - Next run: 2025-11-21 23:00:00+07:00
2025-11-21 09:38:31,854 - camera_ai_app - INFO - AGV Scheduler started
2025-11-21 09:38:31,854 - camera_ai_app - INFO - Notification service started
2025-11-21 09:38:52,650 - camera_ai_app - INFO - Login success for username='hau_admin'
2025-11-21 09:39:19,744 - camera_ai_app - INFO - Login success for username='hau_operator'
2025-11-21 13:29:17,505 - camera_ai_app - INFO - Login success for username='hau_operator'
2025-11-21 14:11:51,524 - camera_ai_app - INFO - Login success for username='khang_admin'
2025-11-21 14:11:51,621 - camera_ai_app - INFO - User '68f214016f9a2421e62e37ad' has wildcard permission (*) - granting ALL permissions
2025-11-21 14:41:06,053 - camera_ai_app - INFO - User '68f214016f9a2421e62e37ad' has wildcard permission (*) - granting ALL permissions
2025-11-21 15:10:05,999 - camera_ai_app - INFO - User '68f214016f9a2421e62e37ad' has wildcard permission (*) - granting ALL permissions
2025-11-21 17:29:05,009 - camera_ai_app - INFO - User '68f214016f9a2421e62e37ad' has wildcard permission (*) - granting ALL permissions
2025-11-21 17:29:05,160 - camera_ai_app - INFO - User '68f214016f9a2421e62e37ad' has wildcard permission (*) - granting ALL permissions
2025-11-21 17:29:05,504 - camera_ai_app - INFO - User '68f214016f9a2421e62e37ad' has wildcard permission (*) - granting ALL permissions
2025-11-21 17:30:33,008 - camera_ai_app - INFO - Login success for username='khang_admin'
2025-11-21 17:30:33,137 - camera_ai_app - INFO - User '68f214016f9a2421e62e37ad' has wildcard permission (*) - granting ALL permissions
2025-11-21 17:38:39,310 - camera_ai_app - INFO - User '68f214016f9a2421e62e37ad' has wildcard permission (*) - granting ALL permissions
2025-11-21 17:38:39,748 - camera_ai_app - INFO - User 'khang_admin' granted admin access via 'admin' role
2025-11-21 17:38:39,757 - camera_ai_app - INFO - User '68f214016f9a2421e62e37ad' has wildcard permission (*) - granting ALL permissions
2025-11-21 17:38:39,833 - camera_ai_app - INFO - User 'khang_admin' granted admin access via 'admin' role
2025-11-21 17:39:49,746 - camera_ai_app - INFO - Login success for username='khang_admin'
2025-11-21 17:39:49,869 - camera_ai_app - INFO - User '68f214016f9a2421e62e37ad' has wildcard permission (*) - granting ALL permissions
